[ 2016-10-17T15:58:03+08:00 ] 127.0.0.1 127.0.0.1 GET /
[ log ] www.tp5.com/ [运行时间：0.031200s][吞吐率：32.05req/s] [内存消耗：856.57kb] [文件加载：28]
[ info ] [ ROUTE ] array (
  'type' => 'module',
  'module' => 
  array (
    0 => '',
    1 => NULL,
    2 => NULL,
  ),
)
[ info ] [ HEADER ] array (
  'upgrade-insecure-requests' => '1',
  'connection' => 'close',
  'cookie' => 'pgv_pvi=4130327552',
  'accept-encoding' => 'gzip, deflate',
  'accept-language' => 'zh-CN,zh;q=0.8,en-US;q=0.5,en;q=0.3',
  'accept' => 'text/html,application/xhtml+xml,application/xml;q=0.9,*/*;q=0.8',
  'user-agent' => 'Mozilla/5.0 (Windows NT 6.1; WOW64; rv:49.0) Gecko/20100101 Firefox/49.0',
  'host' => 'www.tp5.com',
)
[ info ] [ PARAM ] array (
)
[ info ] [ RUN ] Method [ <user> public method index ] {
  @@ D:\WWW\TP5.0\application\index\controller\Index.php 94 - 104

  - Parameters [1] {
    Parameter #0 [ <optional> $name = '张三' ]
  }
}

[ info ] [ LOG ] INIT File

---------------------------------------------------------------
[ 2016-10-17T15:58:12+08:00 ] 127.0.0.1 127.0.0.1 GET /index/index/index
[ log ] www.tp5.com/index/index/index [运行时间：0.015600s][吞吐率：64.10req/s] [内存消耗：859.72kb] [文件加载：28]
[ info ] [ ROUTE ] array (
  'type' => 'module',
  'module' => 
  array (
    0 => 'index',
    1 => 'index',
    2 => 'index',
  ),
)
[ info ] [ HEADER ] array (
  'upgrade-insecure-requests' => '1',
  'connection' => 'close',
  'cookie' => 'pgv_pvi=4130327552; pgv_si=s8774558720',
  'accept-encoding' => 'gzip, deflate',
  'accept-language' => 'zh-CN,zh;q=0.8,en-US;q=0.5,en;q=0.3',
  'accept' => 'text/html,application/xhtml+xml,application/xml;q=0.9,*/*;q=0.8',
  'user-agent' => 'Mozilla/5.0 (Windows NT 6.1; WOW64; rv:49.0) Gecko/20100101 Firefox/49.0',
  'host' => 'www.tp5.com',
)
[ info ] [ PARAM ] array (
)
[ info ] [ RUN ] Method [ <user> public method index ] {
  @@ D:\WWW\TP5.0\application\index\controller\Index.php 94 - 104

  - Parameters [1] {
    Parameter #0 [ <optional> $name = '张三' ]
  }
}

[ info ] [ LOG ] INIT File

---------------------------------------------------------------
[ 2016-10-17T15:58:28+08:00 ] 127.0.0.1 127.0.0.1 GET /index/index/index?XDEBUG_SESSION_START=netbeans-xdebug
[ log ] www.tp5.com/index/index/index?XDEBUG_SESSION_START=netbeans-xdebug [运行时间：0.014000s][吞吐率：71.43req/s] [内存消耗：860.12kb] [文件加载：28]
[ info ] [ ROUTE ] array (
  'type' => 'module',
  'module' => 
  array (
    0 => 'index',
    1 => 'index',
    2 => 'index',
  ),
)
[ info ] [ HEADER ] array (
  'upgrade-insecure-requests' => '1',
  'connection' => 'close',
  'cookie' => 'pgv_pvi=4130327552; pgv_si=s8774558720',
  'accept-encoding' => 'gzip, deflate',
  'accept-language' => 'zh-CN,zh;q=0.8,en-US;q=0.5,en;q=0.3',
  'accept' => 'text/html,application/xhtml+xml,application/xml;q=0.9,*/*;q=0.8',
  'user-agent' => 'Mozilla/5.0 (Windows NT 6.1; WOW64; rv:49.0) Gecko/20100101 Firefox/49.0',
  'host' => 'www.tp5.com',
)
[ info ] [ PARAM ] array (
  'XDEBUG_SESSION_START' => 'netbeans-xdebug',
)
[ info ] [ RUN ] Method [ <user> public method index ] {
  @@ D:\WWW\TP5.0\application\index\controller\Index.php 94 - 104

  - Parameters [1] {
    Parameter #0 [ <optional> $name = '张三' ]
  }
}

[ info ] [ LOG ] INIT File

---------------------------------------------------------------
[ 2016-10-17T15:59:09+08:00 ] 127.0.0.1 127.0.0.1 GET /index/index/index?XDEBUG_SESSION_START=netbeans-xdebug
[ log ] www.tp5.com/index/index/index?XDEBUG_SESSION_START=netbeans-xdebug [运行时间：0.012000s][吞吐率：83.33req/s] [内存消耗：860.12kb] [文件加载：28]
[ info ] [ ROUTE ] array (
  'type' => 'module',
  'module' => 
  array (
    0 => 'index',
    1 => 'index',
    2 => 'index',
  ),
)
[ info ] [ HEADER ] array (
  'upgrade-insecure-requests' => '1',
  'connection' => 'close',
  'cookie' => 'pgv_pvi=4130327552; pgv_si=s8774558720',
  'accept-encoding' => 'gzip, deflate',
  'accept-language' => 'zh-CN,zh;q=0.8,en-US;q=0.5,en;q=0.3',
  'accept' => 'text/html,application/xhtml+xml,application/xml;q=0.9,*/*;q=0.8',
  'user-agent' => 'Mozilla/5.0 (Windows NT 6.1; WOW64; rv:49.0) Gecko/20100101 Firefox/49.0',
  'host' => 'www.tp5.com',
)
[ info ] [ PARAM ] array (
  'XDEBUG_SESSION_START' => 'netbeans-xdebug',
)
[ info ] [ RUN ] Method [ <user> public method index ] {
  @@ D:\WWW\TP5.0\application\index\controller\Index.php 94 - 104

  - Parameters [1] {
    Parameter #0 [ <optional> $name = '张三' ]
  }
}

[ info ] [ LOG ] INIT File

---------------------------------------------------------------
[ 2016-10-17T17:26:20+08:00 ] 127.0.0.1 127.0.0.1 GET /index/index/index?XDEBUG_SESSION_START=netbeans-xdebug
[ log ] www.tp5.com/index/index/index?XDEBUG_SESSION_START=netbeans-xdebug [运行时间：0.014000s][吞吐率：71.43req/s] [内存消耗：860.27kb] [文件加载：28]
[ info ] [ ROUTE ] array (
  'type' => 'module',
  'module' => 
  array (
    0 => 'index',
    1 => 'index',
    2 => 'index',
  ),
)
[ info ] [ HEADER ] array (
  'upgrade-insecure-requests' => '1',
  'connection' => 'close',
  'cookie' => 'pgv_pvi=4130327552',
  'accept-encoding' => 'gzip, deflate',
  'accept-language' => 'zh-CN,zh;q=0.8,en-US;q=0.5,en;q=0.3',
  'accept' => 'text/html,application/xhtml+xml,application/xml;q=0.9,*/*;q=0.8',
  'user-agent' => 'Mozilla/5.0 (Windows NT 6.1; WOW64; rv:49.0) Gecko/20100101 Firefox/49.0',
  'host' => 'www.tp5.com',
)
[ info ] [ PARAM ] array (
  'XDEBUG_SESSION_START' => 'netbeans-xdebug',
)
[ info ] [ RUN ] Method [ <user> public method index ] {
  @@ D:\WWW\TP5.0\application\index\controller\Index.php 94 - 104

  - Parameters [1] {
    Parameter #0 [ <optional> $name = '张三' ]
  }
}

[ info ] [ LOG ] INIT File

---------------------------------------------------------------
[ 2016-10-17T17:26:29+08:00 ] 127.0.0.1 127.0.0.1 GET /index/index/index?XDEBUG_SESSION_START=netbeans-xdebug
[ log ] www.tp5.com/index/index/index?XDEBUG_SESSION_START=netbeans-xdebug [运行时间：0.010000s][吞吐率：100.00req/s] [内存消耗：860.40kb] [文件加载：28]
[ info ] [ ROUTE ] array (
  'type' => 'module',
  'module' => 
  array (
    0 => 'index',
    1 => 'index',
    2 => 'index',
  ),
)
[ info ] [ HEADER ] array (
  'upgrade-insecure-requests' => '1',
  'connection' => 'close',
  'cookie' => 'pgv_pvi=4130327552; pgv_si=s173970432',
  'accept-encoding' => 'gzip, deflate',
  'accept-language' => 'zh-CN,zh;q=0.8,en-US;q=0.5,en;q=0.3',
  'accept' => 'text/html,application/xhtml+xml,application/xml;q=0.9,*/*;q=0.8',
  'user-agent' => 'Mozilla/5.0 (Windows NT 6.1; WOW64; rv:49.0) Gecko/20100101 Firefox/49.0',
  'host' => 'www.tp5.com',
)
[ info ] [ PARAM ] array (
  'XDEBUG_SESSION_START' => 'netbeans-xdebug',
)
[ info ] [ RUN ] Method [ <user> public method index ] {
  @@ D:\WWW\TP5.0\application\index\controller\Index.php 94 - 104

  - Parameters [1] {
    Parameter #0 [ <optional> $name = '张三' ]
  }
}

[ info ] [ LOG ] INIT File

---------------------------------------------------------------
[ 2016-10-17T17:27:09+08:00 ] 127.0.0.1 127.0.0.1 GET /index/index/index?XDEBUG_SESSION_START=netbeans-xdebug
[ log ] www.tp5.com/index/index/index?XDEBUG_SESSION_START=netbeans-xdebug [运行时间：0.009000s][吞吐率：111.11req/s] [内存消耗：860.40kb] [文件加载：28]
[ info ] [ ROUTE ] array (
  'type' => 'module',
  'module' => 
  array (
    0 => 'index',
    1 => 'index',
    2 => 'index',
  ),
)
[ info ] [ HEADER ] array (
  'upgrade-insecure-requests' => '1',
  'connection' => 'close',
  'cookie' => 'pgv_pvi=4130327552; pgv_si=s173970432',
  'accept-encoding' => 'gzip, deflate',
  'accept-language' => 'zh-CN,zh;q=0.8,en-US;q=0.5,en;q=0.3',
  'accept' => 'text/html,application/xhtml+xml,application/xml;q=0.9,*/*;q=0.8',
  'user-agent' => 'Mozilla/5.0 (Windows NT 6.1; WOW64; rv:49.0) Gecko/20100101 Firefox/49.0',
  'host' => 'www.tp5.com',
)
[ info ] [ PARAM ] array (
  'XDEBUG_SESSION_START' => 'netbeans-xdebug',
)
[ info ] [ RUN ] Method [ <user> public method index ] {
  @@ D:\WWW\TP5.0\application\index\controller\Index.php 94 - 104

  - Parameters [1] {
    Parameter #0 [ <optional> $name = '张三' ]
  }
}

[ info ] [ LOG ] INIT File

---------------------------------------------------------------
