[ 2016-10-19T14:29:32+08:00 ] 127.0.0.1 127.0.0.1 GET /
[ log ] www.tp5.com/ [运行时间：0.025000s][吞吐率：40.00req/s] [内存消耗：858.46kb] [文件加载：28]
[ info ] [ ROUTE ] array (
  'type' => 'module',
  'module' => 
  array (
    0 => '',
    1 => NULL,
    2 => NULL,
  ),
)
[ info ] [ HEADER ] array (
  'upgrade-insecure-requests' => '1',
  'connection' => 'close',
  'cookie' => 'pgv_pvi=4130327552',
  'accept-encoding' => 'gzip, deflate',
  'accept-language' => 'zh-CN,zh;q=0.8,en-US;q=0.5,en;q=0.3',
  'accept' => 'text/html,application/xhtml+xml,application/xml;q=0.9,*/*;q=0.8',
  'user-agent' => 'Mozilla/5.0 (Windows NT 6.1; WOW64; rv:49.0) Gecko/20100101 Firefox/49.0',
  'host' => 'www.tp5.com',
)
[ info ] [ PARAM ] array (
)
[ info ] [ RUN ] Method [ <user> public method index ] {
  @@ D:\WWW\TP5.0\application\index\controller\Index.php 104 - 114

  - Parameters [1] {
    Parameter #0 [ <optional> $name = '张三' ]
  }
}

[ info ] [ LOG ] INIT File

---------------------------------------------------------------
[ 2016-10-19T14:30:27+08:00 ] 127.0.0.1 127.0.0.1 GET /index/index/readFun
[ log ] www.tp5.com/index/index/readFun [运行时间：0.043000s][吞吐率：23.26req/s] [内存消耗：1,585.32kb] [文件加载：40]
[ info ] [ ROUTE ] array (
  'type' => 'module',
  'module' => 
  array (
    0 => 'index',
    1 => 'index',
    2 => 'readFun',
  ),
)
[ info ] [ HEADER ] array (
  'upgrade-insecure-requests' => '1',
  'connection' => 'close',
  'cookie' => 'pgv_pvi=4130327552; pgv_si=s5259148288',
  'accept-encoding' => 'gzip, deflate',
  'accept-language' => 'zh-CN,zh;q=0.8,en-US;q=0.5,en;q=0.3',
  'accept' => 'text/html,application/xhtml+xml,application/xml;q=0.9,*/*;q=0.8',
  'user-agent' => 'Mozilla/5.0 (Windows NT 6.1; WOW64; rv:49.0) Gecko/20100101 Firefox/49.0',
  'host' => 'www.tp5.com',
)
[ info ] [ PARAM ] array (
)
[ info ] [ RUN ] Method [ <user> public method readFun ] {
  @@ D:\WWW\TP5.0\application\index\controller\Index.php 11 - 20
}

[ info ] [ DB ] INIT mysql
[ info ] [ CACHE ] INIT File
[ info ] [ LOG ] INIT File
[ sql ] [ DB ] CONNECT:[ UseTime:0.003000s ] mysql:dbname=tpshop1;host=127.0.0.1;charset=utf8
[ sql ] [ SQL ] SHOW COLUMNS FROM `tp_users` [ RunTime:0.006000s ]
[ sql ] [ SQL ] SELECT * FROM `tp_users` WHERE  `user_id` = 1 LIMIT 1    [ RunTime:0.001000s ]
[ sql ] [ SQL ] UPDATE `tp_users`  SET `reg_time`=1507564800  WHERE  `user_id` = 1     [ RunTime:0.001000s ]

---------------------------------------------------------------
[ 2016-10-19T14:30:30+08:00 ] 127.0.0.1 127.0.0.1 GET /index/index/readFun
[ log ] www.tp5.com/index/index/readFun [运行时间：0.039000s][吞吐率：25.64req/s] [内存消耗：1,601.71kb] [文件加载：40]
[ info ] [ ROUTE ] array (
  'type' => 'module',
  'module' => 
  array (
    0 => 'index',
    1 => 'index',
    2 => 'readFun',
  ),
)
[ info ] [ HEADER ] array (
  'cache-control' => 'max-age=0',
  'upgrade-insecure-requests' => '1',
  'connection' => 'close',
  'cookie' => 'pgv_pvi=4130327552; pgv_si=s5259148288',
  'accept-encoding' => 'gzip, deflate',
  'accept-language' => 'zh-CN,zh;q=0.8,en-US;q=0.5,en;q=0.3',
  'accept' => 'text/html,application/xhtml+xml,application/xml;q=0.9,*/*;q=0.8',
  'user-agent' => 'Mozilla/5.0 (Windows NT 6.1; WOW64; rv:49.0) Gecko/20100101 Firefox/49.0',
  'host' => 'www.tp5.com',
)
[ info ] [ PARAM ] array (
)
[ info ] [ RUN ] Method [ <user> public method readFun ] {
  @@ D:\WWW\TP5.0\application\index\controller\Index.php 11 - 20
}

[ info ] [ DB ] INIT mysql
[ info ] [ CACHE ] INIT File
[ info ] [ LOG ] INIT File
[ sql ] [ DB ] CONNECT:[ UseTime:0.001000s ] mysql:dbname=tpshop1;host=127.0.0.1;charset=utf8
[ sql ] [ SQL ] SHOW COLUMNS FROM `tp_users` [ RunTime:0.005000s ]
[ sql ] [ SQL ] SELECT * FROM `tp_users` WHERE  `user_id` = 1 LIMIT 1    [ RunTime:0.001000s ]

---------------------------------------------------------------
[ 2016-10-19T14:30:32+08:00 ] 127.0.0.1 127.0.0.1 GET /index/index/readFun
[ log ] www.tp5.com/index/index/readFun [运行时间：0.052000s][吞吐率：19.23req/s] [内存消耗：1,601.71kb] [文件加载：40]
[ info ] [ ROUTE ] array (
  'type' => 'module',
  'module' => 
  array (
    0 => 'index',
    1 => 'index',
    2 => 'readFun',
  ),
)
[ info ] [ HEADER ] array (
  'cache-control' => 'max-age=0',
  'upgrade-insecure-requests' => '1',
  'connection' => 'close',
  'cookie' => 'pgv_pvi=4130327552; pgv_si=s5259148288',
  'accept-encoding' => 'gzip, deflate',
  'accept-language' => 'zh-CN,zh;q=0.8,en-US;q=0.5,en;q=0.3',
  'accept' => 'text/html,application/xhtml+xml,application/xml;q=0.9,*/*;q=0.8',
  'user-agent' => 'Mozilla/5.0 (Windows NT 6.1; WOW64; rv:49.0) Gecko/20100101 Firefox/49.0',
  'host' => 'www.tp5.com',
)
[ info ] [ PARAM ] array (
)
[ info ] [ RUN ] Method [ <user> public method readFun ] {
  @@ D:\WWW\TP5.0\application\index\controller\Index.php 11 - 20
}

[ info ] [ DB ] INIT mysql
[ info ] [ CACHE ] INIT File
[ info ] [ LOG ] INIT File
[ sql ] [ DB ] CONNECT:[ UseTime:0.010000s ] mysql:dbname=tpshop1;host=127.0.0.1;charset=utf8
[ sql ] [ SQL ] SHOW COLUMNS FROM `tp_users` [ RunTime:0.006000s ]
[ sql ] [ SQL ] SELECT * FROM `tp_users` WHERE  `user_id` = 1 LIMIT 1    [ RunTime:0.001000s ]

---------------------------------------------------------------
[ 2016-10-19T14:30:55+08:00 ] 127.0.0.1 127.0.0.1 GET /index/index/readFun
[ log ] www.tp5.com/index/index/readFun [运行时间：0.056000s][吞吐率：17.86req/s] [内存消耗：1,601.71kb] [文件加载：40]
[ info ] [ ROUTE ] array (
  'type' => 'module',
  'module' => 
  array (
    0 => 'index',
    1 => 'index',
    2 => 'readFun',
  ),
)
[ info ] [ HEADER ] array (
  'cache-control' => 'max-age=0',
  'upgrade-insecure-requests' => '1',
  'connection' => 'close',
  'cookie' => 'pgv_pvi=4130327552; pgv_si=s5259148288',
  'accept-encoding' => 'gzip, deflate',
  'accept-language' => 'zh-CN,zh;q=0.8,en-US;q=0.5,en;q=0.3',
  'accept' => 'text/html,application/xhtml+xml,application/xml;q=0.9,*/*;q=0.8',
  'user-agent' => 'Mozilla/5.0 (Windows NT 6.1; WOW64; rv:49.0) Gecko/20100101 Firefox/49.0',
  'host' => 'www.tp5.com',
)
[ info ] [ PARAM ] array (
)
[ info ] [ RUN ] Method [ <user> public method readFun ] {
  @@ D:\WWW\TP5.0\application\index\controller\Index.php 11 - 20
}

[ info ] [ DB ] INIT mysql
[ info ] [ CACHE ] INIT File
[ info ] [ LOG ] INIT File
[ sql ] [ DB ] CONNECT:[ UseTime:0.001000s ] mysql:dbname=tpshop1;host=127.0.0.1;charset=utf8
[ sql ] [ SQL ] SHOW COLUMNS FROM `tp_users` [ RunTime:0.008000s ]
[ sql ] [ SQL ] SELECT * FROM `tp_users` WHERE  `user_id` = 1 LIMIT 1    [ RunTime:0.001000s ]

---------------------------------------------------------------
[ 2016-10-19T14:30:59+08:00 ] 127.0.0.1 127.0.0.1 GET /index/index/readFun
[ log ] www.tp5.com/index/index/readFun [运行时间：0.042000s][吞吐率：23.81req/s] [内存消耗：1,601.71kb] [文件加载：40]
[ info ] [ ROUTE ] array (
  'type' => 'module',
  'module' => 
  array (
    0 => 'index',
    1 => 'index',
    2 => 'readFun',
  ),
)
[ info ] [ HEADER ] array (
  'cache-control' => 'max-age=0',
  'upgrade-insecure-requests' => '1',
  'connection' => 'close',
  'cookie' => 'pgv_pvi=4130327552; pgv_si=s5259148288',
  'accept-encoding' => 'gzip, deflate',
  'accept-language' => 'zh-CN,zh;q=0.8,en-US;q=0.5,en;q=0.3',
  'accept' => 'text/html,application/xhtml+xml,application/xml;q=0.9,*/*;q=0.8',
  'user-agent' => 'Mozilla/5.0 (Windows NT 6.1; WOW64; rv:49.0) Gecko/20100101 Firefox/49.0',
  'host' => 'www.tp5.com',
)
[ info ] [ PARAM ] array (
)
[ info ] [ RUN ] Method [ <user> public method readFun ] {
  @@ D:\WWW\TP5.0\application\index\controller\Index.php 11 - 20
}

[ info ] [ DB ] INIT mysql
[ info ] [ CACHE ] INIT File
[ info ] [ LOG ] INIT File
[ sql ] [ DB ] CONNECT:[ UseTime:0.001000s ] mysql:dbname=tpshop1;host=127.0.0.1;charset=utf8
[ sql ] [ SQL ] SHOW COLUMNS FROM `tp_users` [ RunTime:0.006000s ]
[ sql ] [ SQL ] SELECT * FROM `tp_users` WHERE  `user_id` = 1 LIMIT 1    [ RunTime:0.001000s ]

---------------------------------------------------------------
[ 2016-10-19T14:31:10+08:00 ] 127.0.0.1 127.0.0.1 GET /index/index/readFun
[ log ] www.tp5.com/index/index/readFun [运行时间：0.046000s][吞吐率：21.74req/s] [内存消耗：1,601.71kb] [文件加载：40]
[ info ] [ ROUTE ] array (
  'type' => 'module',
  'module' => 
  array (
    0 => 'index',
    1 => 'index',
    2 => 'readFun',
  ),
)
[ info ] [ HEADER ] array (
  'cache-control' => 'max-age=0',
  'upgrade-insecure-requests' => '1',
  'connection' => 'close',
  'cookie' => 'pgv_pvi=4130327552; pgv_si=s5259148288',
  'accept-encoding' => 'gzip, deflate',
  'accept-language' => 'zh-CN,zh;q=0.8,en-US;q=0.5,en;q=0.3',
  'accept' => 'text/html,application/xhtml+xml,application/xml;q=0.9,*/*;q=0.8',
  'user-agent' => 'Mozilla/5.0 (Windows NT 6.1; WOW64; rv:49.0) Gecko/20100101 Firefox/49.0',
  'host' => 'www.tp5.com',
)
[ info ] [ PARAM ] array (
)
[ info ] [ RUN ] Method [ <user> public method readFun ] {
  @@ D:\WWW\TP5.0\application\index\controller\Index.php 11 - 20
}

[ info ] [ DB ] INIT mysql
[ info ] [ CACHE ] INIT File
[ info ] [ LOG ] INIT File
[ sql ] [ DB ] CONNECT:[ UseTime:0.010000s ] mysql:dbname=tpshop1;host=127.0.0.1;charset=utf8
[ sql ] [ SQL ] SHOW COLUMNS FROM `tp_users` [ RunTime:0.005000s ]
[ sql ] [ SQL ] SELECT * FROM `tp_users` WHERE  `user_id` = 1 LIMIT 1    [ RunTime:0.001000s ]

---------------------------------------------------------------
[ 2016-10-19T14:31:11+08:00 ] 127.0.0.1 127.0.0.1 GET /index/index/readFun
[ log ] www.tp5.com/index/index/readFun [运行时间：0.059000s][吞吐率：16.95req/s] [内存消耗：1,601.71kb] [文件加载：40]
[ info ] [ ROUTE ] array (
  'type' => 'module',
  'module' => 
  array (
    0 => 'index',
    1 => 'index',
    2 => 'readFun',
  ),
)
[ info ] [ HEADER ] array (
  'cache-control' => 'max-age=0',
  'upgrade-insecure-requests' => '1',
  'connection' => 'close',
  'cookie' => 'pgv_pvi=4130327552; pgv_si=s5259148288',
  'accept-encoding' => 'gzip, deflate',
  'accept-language' => 'zh-CN,zh;q=0.8,en-US;q=0.5,en;q=0.3',
  'accept' => 'text/html,application/xhtml+xml,application/xml;q=0.9,*/*;q=0.8',
  'user-agent' => 'Mozilla/5.0 (Windows NT 6.1; WOW64; rv:49.0) Gecko/20100101 Firefox/49.0',
  'host' => 'www.tp5.com',
)
[ info ] [ PARAM ] array (
)
[ info ] [ RUN ] Method [ <user> public method readFun ] {
  @@ D:\WWW\TP5.0\application\index\controller\Index.php 11 - 20
}

[ info ] [ DB ] INIT mysql
[ info ] [ CACHE ] INIT File
[ info ] [ LOG ] INIT File
[ sql ] [ DB ] CONNECT:[ UseTime:0.010000s ] mysql:dbname=tpshop1;host=127.0.0.1;charset=utf8
[ sql ] [ SQL ] SHOW COLUMNS FROM `tp_users` [ RunTime:0.005000s ]
[ sql ] [ SQL ] SELECT * FROM `tp_users` WHERE  `user_id` = 1 LIMIT 1    [ RunTime:0.000000s ]

---------------------------------------------------------------
[ 2016-10-19T14:32:18+08:00 ] 127.0.0.1 127.0.0.1 GET /index/index/readFun
[ log ] www.tp5.com/index/index/readFun [运行时间：0.046000s][吞吐率：21.74req/s] [内存消耗：1,601.71kb] [文件加载：40]
[ info ] [ ROUTE ] array (
  'type' => 'module',
  'module' => 
  array (
    0 => 'index',
    1 => 'index',
    2 => 'readFun',
  ),
)
[ info ] [ HEADER ] array (
  'cache-control' => 'max-age=0',
  'upgrade-insecure-requests' => '1',
  'connection' => 'close',
  'cookie' => 'pgv_pvi=4130327552; pgv_si=s5259148288',
  'accept-encoding' => 'gzip, deflate',
  'accept-language' => 'zh-CN,zh;q=0.8,en-US;q=0.5,en;q=0.3',
  'accept' => 'text/html,application/xhtml+xml,application/xml;q=0.9,*/*;q=0.8',
  'user-agent' => 'Mozilla/5.0 (Windows NT 6.1; WOW64; rv:49.0) Gecko/20100101 Firefox/49.0',
  'host' => 'www.tp5.com',
)
[ info ] [ PARAM ] array (
)
[ info ] [ RUN ] Method [ <user> public method readFun ] {
  @@ D:\WWW\TP5.0\application\index\controller\Index.php 11 - 20
}

[ info ] [ DB ] INIT mysql
[ info ] [ CACHE ] INIT File
[ info ] [ LOG ] INIT File
[ sql ] [ DB ] CONNECT:[ UseTime:0.010000s ] mysql:dbname=tpshop1;host=127.0.0.1;charset=utf8
[ sql ] [ SQL ] SHOW COLUMNS FROM `tp_users` [ RunTime:0.005000s ]
[ sql ] [ SQL ] SELECT * FROM `tp_users` WHERE  `user_id` = 1 LIMIT 1    [ RunTime:0.000000s ]

---------------------------------------------------------------
[ 2016-10-19T14:43:59+08:00 ] 127.0.0.1 127.0.0.1 GET /index.php?s=/index/index/readFun&XDEBUG_SESSION_START=netbeans-xdebug
[ log ] www.tp5.com/index.php?s=/index/index/readFun&XDEBUG_SESSION_START=netbeans-xdebug [运行时间：76.972000s][吞吐率：0.01req/s] [内存消耗：1,833.48kb] [文件加载：36]
[ info ] [ ROUTE ] array (
  'type' => 'module',
  'module' => 
  array (
    0 => 'index',
    1 => 'index',
    2 => 'readFun',
  ),
)
[ info ] [ HEADER ] array (
  'upgrade-insecure-requests' => '1',
  'connection' => 'close',
  'cookie' => 'pgv_pvi=4130327552; pgv_si=s5259148288',
  'accept-encoding' => 'gzip, deflate',
  'accept-language' => 'zh-CN,zh;q=0.8,en-US;q=0.5,en;q=0.3',
  'accept' => 'text/html,application/xhtml+xml,application/xml;q=0.9,*/*;q=0.8',
  'user-agent' => 'Mozilla/5.0 (Windows NT 6.1; WOW64; rv:49.0) Gecko/20100101 Firefox/49.0',
  'host' => 'www.tp5.com',
)
[ info ] [ PARAM ] array (
  'XDEBUG_SESSION_START' => 'netbeans-xdebug',
)
[ info ] [ RUN ] Method [ <user> public method readFun ] {
  @@ D:\WWW\TP5.0\application\index\controller\Index.php 11 - 20
}

[ info ] [ DB ] INIT mysql
[ info ] [ LOG ] INIT File
[ sql ] [ DB ] CONNECT:[ UseTime:0.011000s ] mysql:dbname=tpshop1;host=127.0.0.1;charset=utf8
[ sql ] [ SQL ] SHOW COLUMNS FROM `tp_users` [ RunTime:0.006000s ]
[ sql ] [ SQL ] SELECT * FROM `tp_users` WHERE  `user_id` = 1 LIMIT 1    [ RunTime:0.001000s ]

---------------------------------------------------------------
[ 2016-10-19T14:44:09+08:00 ] 127.0.0.1 127.0.0.1 GET /index/index/readFun
[ log ] www.tp5.com/index/index/readFun [运行时间：0.038000s][吞吐率：26.32req/s] [内存消耗：1,897.29kb] [文件加载：40]
[ info ] [ ROUTE ] array (
  'type' => 'module',
  'module' => 
  array (
    0 => 'index',
    1 => 'index',
    2 => 'readFun',
  ),
)
[ info ] [ HEADER ] array (
  'cache-control' => 'max-age=0',
  'upgrade-insecure-requests' => '1',
  'connection' => 'close',
  'cookie' => 'pgv_pvi=4130327552; pgv_si=s5259148288',
  'accept-encoding' => 'gzip, deflate',
  'accept-language' => 'zh-CN,zh;q=0.8,en-US;q=0.5,en;q=0.3',
  'accept' => 'text/html,application/xhtml+xml,application/xml;q=0.9,*/*;q=0.8',
  'user-agent' => 'Mozilla/5.0 (Windows NT 6.1; WOW64; rv:49.0) Gecko/20100101 Firefox/49.0',
  'host' => 'www.tp5.com',
)
[ info ] [ PARAM ] array (
)
[ info ] [ RUN ] Method [ <user> public method readFun ] {
  @@ D:\WWW\TP5.0\application\index\controller\Index.php 11 - 20
}

[ info ] [ DB ] INIT mysql
[ info ] [ CACHE ] INIT File
[ info ] [ LOG ] INIT File
[ sql ] [ DB ] CONNECT:[ UseTime:0.001000s ] mysql:dbname=tpshop1;host=127.0.0.1;charset=utf8
[ sql ] [ SQL ] SHOW COLUMNS FROM `tp_users` [ RunTime:0.005000s ]
[ sql ] [ SQL ] SELECT * FROM `tp_users` WHERE  `user_id` = 1 LIMIT 1    [ RunTime:0.000000s ]

---------------------------------------------------------------
[ 2016-10-19T15:13:12+08:00 ] 127.0.0.1 127.0.0.1 GET /index.php?s=/index/index/readFun&XDEBUG_SESSION_START=netbeans-xdebug
[ log ] www.tp5.com/index.php?s=/index/index/readFun&XDEBUG_SESSION_START=netbeans-xdebug [运行时间：293.089000s][吞吐率：0.00req/s] [内存消耗：1,860.09kb] [文件加载：36]
[ info ] [ ROUTE ] array (
  'type' => 'module',
  'module' => 
  array (
    0 => 'index',
    1 => 'index',
    2 => 'readFun',
  ),
)
[ info ] [ HEADER ] array (
  'upgrade-insecure-requests' => '1',
  'connection' => 'close',
  'cookie' => 'pgv_pvi=4130327552; pgv_si=s5259148288',
  'accept-encoding' => 'gzip, deflate',
  'accept-language' => 'zh-CN,zh;q=0.8,en-US;q=0.5,en;q=0.3',
  'accept' => 'text/html,application/xhtml+xml,application/xml;q=0.9,*/*;q=0.8',
  'user-agent' => 'Mozilla/5.0 (Windows NT 6.1; WOW64; rv:49.0) Gecko/20100101 Firefox/49.0',
  'host' => 'www.tp5.com',
)
[ info ] [ PARAM ] array (
  'XDEBUG_SESSION_START' => 'netbeans-xdebug',
)
[ info ] [ RUN ] Method [ <user> public method readFun ] {
  @@ D:\WWW\TP5.0\application\index\controller\Index.php 11 - 20
}

[ info ] [ DB ] INIT mysql
[ info ] [ LOG ] INIT File
[ sql ] [ DB ] CONNECT:[ UseTime:0.005000s ] mysql:dbname=tpshop1;host=127.0.0.1;charset=utf8
[ sql ] [ SQL ] SHOW COLUMNS FROM `tp_users` [ RunTime:0.006000s ]
[ sql ] [ SQL ] SELECT * FROM `tp_users` WHERE  `user_id` = 1 LIMIT 1    [ RunTime:0.001000s ]

---------------------------------------------------------------
[ 2016-10-19T15:13:20+08:00 ] 127.0.0.1 127.0.0.1 GET /index/index/readFun
[ log ] www.tp5.com/index/index/readFun [运行时间：0.049000s][吞吐率：20.41req/s] [内存消耗：1,824.86kb] [文件加载：37]
[ info ] [ ROUTE ] array (
  'type' => 'module',
  'module' => 
  array (
    0 => 'index',
    1 => 'index',
    2 => 'readFun',
  ),
)
[ info ] [ HEADER ] array (
  'cache-control' => 'max-age=0',
  'upgrade-insecure-requests' => '1',
  'connection' => 'close',
  'cookie' => 'pgv_pvi=4130327552; pgv_si=s5259148288',
  'accept-encoding' => 'gzip, deflate',
  'accept-language' => 'zh-CN,zh;q=0.8,en-US;q=0.5,en;q=0.3',
  'accept' => 'text/html,application/xhtml+xml,application/xml;q=0.9,*/*;q=0.8',
  'user-agent' => 'Mozilla/5.0 (Windows NT 6.1; WOW64; rv:49.0) Gecko/20100101 Firefox/49.0',
  'host' => 'www.tp5.com',
)
[ info ] [ PARAM ] array (
)
[ info ] [ RUN ] Method [ <user> public method readFun ] {
  @@ D:\WWW\TP5.0\application\index\controller\Index.php 11 - 20
}

[ info ] [ DB ] INIT mysql
[ info ] [ LOG ] INIT File
[ sql ] [ DB ] CONNECT:[ UseTime:0.001000s ] mysql:dbname=tpshop1;host=127.0.0.1;charset=utf8
[ sql ] [ SQL ] SHOW COLUMNS FROM `tp_users` [ RunTime:0.009000s ]
[ sql ] [ SQL ] SELECT * FROM `tp_users` WHERE  `user_id` = 1 LIMIT 1    [ RunTime:0.000000s ]

---------------------------------------------------------------
[ 2016-10-19T15:13:47+08:00 ] 127.0.0.1 127.0.0.1 GET /index/index/readFun
[ log ] www.tp5.com/index/index/readFun [运行时间：0.040000s][吞吐率：25.00req/s] [内存消耗：1,825.06kb] [文件加载：37]
[ info ] [ ROUTE ] array (
  'type' => 'module',
  'module' => 
  array (
    0 => 'index',
    1 => 'index',
    2 => 'readFun',
  ),
)
[ info ] [ HEADER ] array (
  'cache-control' => 'max-age=0',
  'upgrade-insecure-requests' => '1',
  'connection' => 'close',
  'cookie' => 'pgv_pvi=4130327552; pgv_si=s5259148288',
  'accept-encoding' => 'gzip, deflate',
  'accept-language' => 'zh-CN,zh;q=0.8,en-US;q=0.5,en;q=0.3',
  'accept' => 'text/html,application/xhtml+xml,application/xml;q=0.9,*/*;q=0.8',
  'user-agent' => 'Mozilla/5.0 (Windows NT 6.1; WOW64; rv:49.0) Gecko/20100101 Firefox/49.0',
  'host' => 'www.tp5.com',
)
[ info ] [ PARAM ] array (
)
[ info ] [ RUN ] Method [ <user> public method readFun ] {
  @@ D:\WWW\TP5.0\application\index\controller\Index.php 11 - 20
}

[ info ] [ DB ] INIT mysql
[ info ] [ LOG ] INIT File
[ sql ] [ DB ] CONNECT:[ UseTime:0.001000s ] mysql:dbname=tpshop1;host=127.0.0.1;charset=utf8
[ sql ] [ SQL ] SHOW COLUMNS FROM `tp_users` [ RunTime:0.007000s ]
[ sql ] [ SQL ] SELECT * FROM `tp_users` WHERE  `user_id` = 1 LIMIT 1    [ RunTime:0.002000s ]

---------------------------------------------------------------
[ 2016-10-19T15:14:10+08:00 ] 127.0.0.1 127.0.0.1 GET /index/index/readFun
[ log ] www.tp5.com/index/index/readFun [运行时间：0.033000s][吞吐率：30.30req/s] [内存消耗：1,824.76kb] [文件加载：37]
[ info ] [ ROUTE ] array (
  'type' => 'module',
  'module' => 
  array (
    0 => 'index',
    1 => 'index',
    2 => 'readFun',
  ),
)
[ info ] [ HEADER ] array (
  'cache-control' => 'max-age=0',
  'upgrade-insecure-requests' => '1',
  'connection' => 'close',
  'cookie' => 'pgv_pvi=4130327552; pgv_si=s5259148288',
  'accept-encoding' => 'gzip, deflate',
  'accept-language' => 'zh-CN,zh;q=0.8,en-US;q=0.5,en;q=0.3',
  'accept' => 'text/html,application/xhtml+xml,application/xml;q=0.9,*/*;q=0.8',
  'user-agent' => 'Mozilla/5.0 (Windows NT 6.1; WOW64; rv:49.0) Gecko/20100101 Firefox/49.0',
  'host' => 'www.tp5.com',
)
[ info ] [ PARAM ] array (
)
[ info ] [ RUN ] Method [ <user> public method readFun ] {
  @@ D:\WWW\TP5.0\application\index\controller\Index.php 11 - 20
}

[ info ] [ DB ] INIT mysql
[ info ] [ LOG ] INIT File
[ sql ] [ DB ] CONNECT:[ UseTime:0.001000s ] mysql:dbname=tpshop1;host=127.0.0.1;charset=utf8
[ sql ] [ SQL ] SHOW COLUMNS FROM `tp_users` [ RunTime:0.006000s ]
[ sql ] [ SQL ] SELECT * FROM `tp_users` WHERE  `user_id` = 1 LIMIT 1    [ RunTime:0.000000s ]

---------------------------------------------------------------
[ 2016-10-19T15:14:23+08:00 ] 127.0.0.1 127.0.0.1 GET /index/index/readFun
[ log ] www.tp5.com/index/index/readFun [运行时间：0.049000s][吞吐率：20.41req/s] [内存消耗：1,824.69kb] [文件加载：37]
[ info ] [ ROUTE ] array (
  'type' => 'module',
  'module' => 
  array (
    0 => 'index',
    1 => 'index',
    2 => 'readFun',
  ),
)
[ info ] [ HEADER ] array (
  'cache-control' => 'max-age=0',
  'upgrade-insecure-requests' => '1',
  'connection' => 'close',
  'cookie' => 'pgv_pvi=4130327552; pgv_si=s5259148288',
  'accept-encoding' => 'gzip, deflate',
  'accept-language' => 'zh-CN,zh;q=0.8,en-US;q=0.5,en;q=0.3',
  'accept' => 'text/html,application/xhtml+xml,application/xml;q=0.9,*/*;q=0.8',
  'user-agent' => 'Mozilla/5.0 (Windows NT 6.1; WOW64; rv:49.0) Gecko/20100101 Firefox/49.0',
  'host' => 'www.tp5.com',
)
[ info ] [ PARAM ] array (
)
[ info ] [ RUN ] Method [ <user> public method readFun ] {
  @@ D:\WWW\TP5.0\application\index\controller\Index.php 11 - 20
}

[ info ] [ DB ] INIT mysql
[ info ] [ LOG ] INIT File
[ sql ] [ DB ] CONNECT:[ UseTime:0.001000s ] mysql:dbname=tpshop1;host=127.0.0.1;charset=utf8
[ sql ] [ SQL ] SHOW COLUMNS FROM `tp_users` [ RunTime:0.007000s ]
[ sql ] [ SQL ] SELECT * FROM `tp_users` WHERE  `user_id` = 1 LIMIT 1    [ RunTime:0.001000s ]

---------------------------------------------------------------
[ 2016-10-19T15:17:14+08:00 ] 127.0.0.1 127.0.0.1 GET /index/index/readFun
[ log ] www.tp5.com/index/index/readFun [运行时间：0.040000s][吞吐率：25.00req/s] [内存消耗：1,824.77kb] [文件加载：37]
[ info ] [ ROUTE ] array (
  'type' => 'module',
  'module' => 
  array (
    0 => 'index',
    1 => 'index',
    2 => 'readFun',
  ),
)
[ info ] [ HEADER ] array (
  'cache-control' => 'max-age=0',
  'upgrade-insecure-requests' => '1',
  'connection' => 'close',
  'cookie' => 'pgv_pvi=4130327552; pgv_si=s5259148288',
  'accept-encoding' => 'gzip, deflate',
  'accept-language' => 'zh-CN,zh;q=0.8,en-US;q=0.5,en;q=0.3',
  'accept' => 'text/html,application/xhtml+xml,application/xml;q=0.9,*/*;q=0.8',
  'user-agent' => 'Mozilla/5.0 (Windows NT 6.1; WOW64; rv:49.0) Gecko/20100101 Firefox/49.0',
  'host' => 'www.tp5.com',
)
[ info ] [ PARAM ] array (
)
[ info ] [ RUN ] Method [ <user> public method readFun ] {
  @@ D:\WWW\TP5.0\application\index\controller\Index.php 11 - 20
}

[ info ] [ DB ] INIT mysql
[ info ] [ LOG ] INIT File
[ sql ] [ DB ] CONNECT:[ UseTime:0.010000s ] mysql:dbname=tpshop1;host=127.0.0.1;charset=utf8
[ sql ] [ SQL ] SHOW COLUMNS FROM `tp_users` [ RunTime:0.000000s ]
[ sql ] [ SQL ] SELECT * FROM `tp_users` WHERE  `user_id` = 1 LIMIT 1    [ RunTime:0.000000s ]

---------------------------------------------------------------
[ 2016-10-19T15:20:39+08:00 ] 127.0.0.1 127.0.0.1 GET /index/index/readFun
[ log ] www.tp5.com/index/index/readFun [运行时间：0.040000s][吞吐率：25.00req/s] [内存消耗：1,880.26kb] [文件加载：40]
[ info ] [ ROUTE ] array (
  'type' => 'module',
  'module' => 
  array (
    0 => 'index',
    1 => 'index',
    2 => 'readFun',
  ),
)
[ info ] [ HEADER ] array (
  'cache-control' => 'max-age=0',
  'upgrade-insecure-requests' => '1',
  'connection' => 'close',
  'cookie' => 'pgv_pvi=4130327552; pgv_si=s5259148288',
  'accept-encoding' => 'gzip, deflate',
  'accept-language' => 'zh-CN,zh;q=0.8,en-US;q=0.5,en;q=0.3',
  'accept' => 'text/html,application/xhtml+xml,application/xml;q=0.9,*/*;q=0.8',
  'user-agent' => 'Mozilla/5.0 (Windows NT 6.1; WOW64; rv:49.0) Gecko/20100101 Firefox/49.0',
  'host' => 'www.tp5.com',
)
[ info ] [ PARAM ] array (
)
[ info ] [ RUN ] Method [ <user> public method readFun ] {
  @@ D:\WWW\TP5.0\application\index\controller\Index.php 11 - 20
}

[ info ] [ DB ] INIT mysql
[ info ] [ CACHE ] INIT File
[ info ] [ LOG ] INIT File
[ sql ] [ DB ] CONNECT:[ UseTime:0.000000s ] mysql:dbname=tpshop1;host=127.0.0.1;charset=utf8
[ sql ] [ SQL ] SHOW COLUMNS FROM `tp_users` [ RunTime:0.010000s ]
[ sql ] [ SQL ] SELECT * FROM `tp_users` WHERE  `user_id` = 1 LIMIT 1    [ RunTime:0.000000s ]
[ sql ] [ SQL ] UPDATE `tp_users`  SET `reg_time`=1538323200  WHERE  `user_id` = 1     [ RunTime:0.000000s ]

---------------------------------------------------------------
