[ 2016-10-20T15:40:23+08:00 ] 127.0.0.1 127.0.0.1 GET /
[ log ] www.tp5.com/ [运行时间：0.033000s][吞吐率：30.30req/s] [内存消耗：1,015.55kb] [文件加载：28]
[ info ] [ ROUTE ] array (
  'type' => 'module',
  'module' => 
  array (
    0 => '',
    1 => NULL,
    2 => NULL,
  ),
)
[ info ] [ HEADER ] array (
  'upgrade-insecure-requests' => '1',
  'connection' => 'close',
  'cookie' => 'pgv_pvi=4130327552',
  'accept-encoding' => 'gzip, deflate',
  'accept-language' => 'zh-CN,zh;q=0.8,en-US;q=0.5,en;q=0.3',
  'accept' => 'text/html,application/xhtml+xml,application/xml;q=0.9,*/*;q=0.8',
  'user-agent' => 'Mozilla/5.0 (Windows NT 6.1; WOW64; rv:49.0) Gecko/20100101 Firefox/49.0',
  'host' => 'www.tp5.com',
)
[ info ] [ PARAM ] array (
)
[ info ] [ RUN ] Method [ <user> public method index ] {
  @@ D:\WWW\TP5.0\application\index\controller\Index.php 113 - 123

  - Parameters [1] {
    Parameter #0 [ <optional> $name = '张三' ]
  }
}

[ info ] [ LOG ] INIT File

---------------------------------------------------------------
[ 2016-10-20T15:41:24+08:00 ] 127.0.0.1 127.0.0.1 GET /index/index/readFun
[ log ] www.tp5.com/index/index/readFun [运行时间：0.036000s][吞吐率：27.78req/s] [内存消耗：1,822.19kb] [文件加载：37]
[ info ] [ ROUTE ] array (
  'type' => 'module',
  'module' => 
  array (
    0 => 'index',
    1 => 'index',
    2 => 'readFun',
  ),
)
[ info ] [ HEADER ] array (
  'upgrade-insecure-requests' => '1',
  'connection' => 'close',
  'cookie' => 'pgv_pvi=4130327552; pgv_si=s9055378432',
  'accept-encoding' => 'gzip, deflate',
  'accept-language' => 'zh-CN,zh;q=0.8,en-US;q=0.5,en;q=0.3',
  'accept' => 'text/html,application/xhtml+xml,application/xml;q=0.9,*/*;q=0.8',
  'user-agent' => 'Mozilla/5.0 (Windows NT 6.1; WOW64; rv:49.0) Gecko/20100101 Firefox/49.0',
  'host' => 'www.tp5.com',
)
[ info ] [ PARAM ] array (
)
[ info ] [ RUN ] Method [ <user> public method readFun ] {
  @@ D:\WWW\TP5.0\application\index\controller\Index.php 11 - 29
}

[ info ] [ DB ] INIT mysql
[ info ] [ LOG ] INIT File
[ sql ] [ DB ] CONNECT:[ UseTime:0.002000s ] mysql:dbname=tpshop1;host=127.0.0.1;charset=utf8
[ sql ] [ SQL ] SHOW COLUMNS FROM `tp_users` [ RunTime:0.004000s ]
[ sql ] [ SQL ] SELECT * FROM `tp_users` WHERE  `user_id` = 1 LIMIT 1    [ RunTime:0.000000s ]

---------------------------------------------------------------
[ 2016-10-20T15:41:35+08:00 ] 127.0.0.1 127.0.0.1 GET /index/index/readFun
[ log ] www.tp5.com/index/index/readFun [运行时间：0.040000s][吞吐率：25.00req/s] [内存消耗：1,822.85kb] [文件加载：37]
[ info ] [ ROUTE ] array (
  'type' => 'module',
  'module' => 
  array (
    0 => 'index',
    1 => 'index',
    2 => 'readFun',
  ),
)
[ info ] [ HEADER ] array (
  'cache-control' => 'max-age=0',
  'upgrade-insecure-requests' => '1',
  'connection' => 'close',
  'cookie' => 'pgv_pvi=4130327552; pgv_si=s9055378432',
  'accept-encoding' => 'gzip, deflate',
  'accept-language' => 'zh-CN,zh;q=0.8,en-US;q=0.5,en;q=0.3',
  'accept' => 'text/html,application/xhtml+xml,application/xml;q=0.9,*/*;q=0.8',
  'user-agent' => 'Mozilla/5.0 (Windows NT 6.1; WOW64; rv:49.0) Gecko/20100101 Firefox/49.0',
  'host' => 'www.tp5.com',
)
[ info ] [ PARAM ] array (
)
[ info ] [ RUN ] Method [ <user> public method readFun ] {
  @@ D:\WWW\TP5.0\application\index\controller\Index.php 11 - 29
}

[ info ] [ DB ] INIT mysql
[ info ] [ LOG ] INIT File
[ sql ] [ DB ] CONNECT:[ UseTime:0.001000s ] mysql:dbname=tpshop1;host=127.0.0.1;charset=utf8
[ sql ] [ SQL ] SHOW COLUMNS FROM `tp_users` [ RunTime:0.005000s ]
[ sql ] [ SQL ] SELECT * FROM `tp_users` WHERE  `user_id` = 1 LIMIT 1    [ RunTime:0.000000s ]

---------------------------------------------------------------
[ 2016-10-20T15:42:22+08:00 ] 127.0.0.1 127.0.0.1 GET /index/index/readFun
[ log ] www.tp5.com/index/index/readFun [运行时间：0.051000s][吞吐率：19.61req/s] [内存消耗：1,822.85kb] [文件加载：37]
[ info ] [ ROUTE ] array (
  'type' => 'module',
  'module' => 
  array (
    0 => 'index',
    1 => 'index',
    2 => 'readFun',
  ),
)
[ info ] [ HEADER ] array (
  'cache-control' => 'max-age=0',
  'upgrade-insecure-requests' => '1',
  'connection' => 'close',
  'cookie' => 'pgv_pvi=4130327552; pgv_si=s9055378432',
  'accept-encoding' => 'gzip, deflate',
  'accept-language' => 'zh-CN,zh;q=0.8,en-US;q=0.5,en;q=0.3',
  'accept' => 'text/html,application/xhtml+xml,application/xml;q=0.9,*/*;q=0.8',
  'user-agent' => 'Mozilla/5.0 (Windows NT 6.1; WOW64; rv:49.0) Gecko/20100101 Firefox/49.0',
  'host' => 'www.tp5.com',
)
[ info ] [ PARAM ] array (
)
[ info ] [ RUN ] Method [ <user> public method readFun ] {
  @@ D:\WWW\TP5.0\application\index\controller\Index.php 11 - 29
}

[ info ] [ DB ] INIT mysql
[ info ] [ LOG ] INIT File
[ sql ] [ DB ] CONNECT:[ UseTime:0.010000s ] mysql:dbname=tpshop1;host=127.0.0.1;charset=utf8
[ sql ] [ SQL ] SHOW COLUMNS FROM `tp_users` [ RunTime:0.005000s ]
[ sql ] [ SQL ] SELECT * FROM `tp_users` WHERE  `user_id` = 1 LIMIT 1    [ RunTime:0.001000s ]

---------------------------------------------------------------
[ 2016-10-20T15:42:26+08:00 ] 127.0.0.1 127.0.0.1 GET /index/index/readFun
[ log ] www.tp5.com/index/index/readFun [运行时间：0.051000s][吞吐率：19.61req/s] [内存消耗：1,822.85kb] [文件加载：37]
[ info ] [ ROUTE ] array (
  'type' => 'module',
  'module' => 
  array (
    0 => 'index',
    1 => 'index',
    2 => 'readFun',
  ),
)
[ info ] [ HEADER ] array (
  'cache-control' => 'max-age=0',
  'upgrade-insecure-requests' => '1',
  'connection' => 'close',
  'cookie' => 'pgv_pvi=4130327552; pgv_si=s9055378432',
  'accept-encoding' => 'gzip, deflate',
  'accept-language' => 'zh-CN,zh;q=0.8,en-US;q=0.5,en;q=0.3',
  'accept' => 'text/html,application/xhtml+xml,application/xml;q=0.9,*/*;q=0.8',
  'user-agent' => 'Mozilla/5.0 (Windows NT 6.1; WOW64; rv:49.0) Gecko/20100101 Firefox/49.0',
  'host' => 'www.tp5.com',
)
[ info ] [ PARAM ] array (
)
[ info ] [ RUN ] Method [ <user> public method readFun ] {
  @@ D:\WWW\TP5.0\application\index\controller\Index.php 11 - 29
}

[ info ] [ DB ] INIT mysql
[ info ] [ LOG ] INIT File
[ sql ] [ DB ] CONNECT:[ UseTime:0.010000s ] mysql:dbname=tpshop1;host=127.0.0.1;charset=utf8
[ sql ] [ SQL ] SHOW COLUMNS FROM `tp_users` [ RunTime:0.005000s ]
[ sql ] [ SQL ] SELECT * FROM `tp_users` WHERE  `user_id` = 1 LIMIT 1    [ RunTime:0.001000s ]

---------------------------------------------------------------
[ 2016-10-20T15:43:15+08:00 ] 127.0.0.1 127.0.0.1 GET /index/index/readFun
[ log ] www.tp5.com/index/index/readFun [运行时间：0.048000s][吞吐率：20.83req/s] [内存消耗：1,822.85kb] [文件加载：37]
[ info ] [ ROUTE ] array (
  'type' => 'module',
  'module' => 
  array (
    0 => 'index',
    1 => 'index',
    2 => 'readFun',
  ),
)
[ info ] [ HEADER ] array (
  'cache-control' => 'max-age=0',
  'upgrade-insecure-requests' => '1',
  'connection' => 'close',
  'cookie' => 'pgv_pvi=4130327552; pgv_si=s9055378432',
  'accept-encoding' => 'gzip, deflate',
  'accept-language' => 'zh-CN,zh;q=0.8,en-US;q=0.5,en;q=0.3',
  'accept' => 'text/html,application/xhtml+xml,application/xml;q=0.9,*/*;q=0.8',
  'user-agent' => 'Mozilla/5.0 (Windows NT 6.1; WOW64; rv:49.0) Gecko/20100101 Firefox/49.0',
  'host' => 'www.tp5.com',
)
[ info ] [ PARAM ] array (
)
[ info ] [ RUN ] Method [ <user> public method readFun ] {
  @@ D:\WWW\TP5.0\application\index\controller\Index.php 11 - 29
}

[ info ] [ DB ] INIT mysql
[ info ] [ LOG ] INIT File
[ sql ] [ DB ] CONNECT:[ UseTime:0.010000s ] mysql:dbname=tpshop1;host=127.0.0.1;charset=utf8
[ sql ] [ SQL ] SHOW COLUMNS FROM `tp_users` [ RunTime:0.005000s ]
[ sql ] [ SQL ] SELECT * FROM `tp_users` WHERE  `user_id` = 1 LIMIT 1    [ RunTime:0.000000s ]

---------------------------------------------------------------
[ 2016-10-20T15:52:46+08:00 ] 127.0.0.1 127.0.0.1 GET /index.php?s=/index/index/readFun&XDEBUG_SESSION_START=netbeans-xdebug
[ log ] www.tp5.com/index.php?s=/index/index/readFun&XDEBUG_SESSION_START=netbeans-xdebug [运行时间：275.088600s][吞吐率：0.00req/s] [内存消耗：1,930.85kb] [文件加载：36]
[ info ] [ ROUTE ] array (
  'type' => 'module',
  'module' => 
  array (
    0 => 'index',
    1 => 'index',
    2 => 'readFun',
  ),
)
[ info ] [ HEADER ] array (
  'upgrade-insecure-requests' => '1',
  'connection' => 'close',
  'cookie' => 'pgv_pvi=4130327552; pgv_si=s9055378432',
  'accept-encoding' => 'gzip, deflate',
  'accept-language' => 'zh-CN,zh;q=0.8,en-US;q=0.5,en;q=0.3',
  'accept' => 'text/html,application/xhtml+xml,application/xml;q=0.9,*/*;q=0.8',
  'user-agent' => 'Mozilla/5.0 (Windows NT 6.1; WOW64; rv:49.0) Gecko/20100101 Firefox/49.0',
  'host' => 'www.tp5.com',
)
[ info ] [ PARAM ] array (
  'XDEBUG_SESSION_START' => 'netbeans-xdebug',
)
[ info ] [ RUN ] Method [ <user> public method readFun ] {
  @@ D:\WWW\TP5.0\application\index\controller\Index.php 11 - 29
}

[ info ] [ DB ] INIT mysql
[ info ] [ LOG ] INIT File
[ sql ] [ DB ] CONNECT:[ UseTime:0.000000s ] mysql:dbname=tpshop1;host=127.0.0.1;charset=utf8
[ sql ] [ SQL ] SHOW COLUMNS FROM `tp_users` [ RunTime:0.005000s ]
[ sql ] [ SQL ] SELECT * FROM `tp_users` WHERE  `user_id` = 1 LIMIT 1    [ RunTime:0.001000s ]

---------------------------------------------------------------
[ 2016-10-20T15:59:19+08:00 ] 127.0.0.1 127.0.0.1 GET /index.php?s=/index/index/readFun&XDEBUG_SESSION_START=netbeans-xdebug
[ log ] www.tp5.com/index.php?s=/index/index/readFun&XDEBUG_SESSION_START=netbeans-xdebug [运行时间：274.690001s][吞吐率：0.00req/s] [内存消耗：2,103.51kb] [文件加载：39]
[ info ] [ ROUTE ] array (
  'type' => 'module',
  'module' => 
  array (
    0 => 'index',
    1 => 'index',
    2 => 'readFun',
  ),
)
[ info ] [ HEADER ] array (
  'upgrade-insecure-requests' => '1',
  'connection' => 'close',
  'cookie' => 'pgv_pvi=4130327552; pgv_si=s9055378432',
  'accept-encoding' => 'gzip, deflate',
  'accept-language' => 'zh-CN,zh;q=0.8,en-US;q=0.5,en;q=0.3',
  'accept' => 'text/html,application/xhtml+xml,application/xml;q=0.9,*/*;q=0.8',
  'user-agent' => 'Mozilla/5.0 (Windows NT 6.1; WOW64; rv:49.0) Gecko/20100101 Firefox/49.0',
  'host' => 'www.tp5.com',
)
[ info ] [ PARAM ] array (
  'XDEBUG_SESSION_START' => 'netbeans-xdebug',
)
[ info ] [ RUN ] Method [ <user> public method readFun ] {
  @@ D:\WWW\TP5.0\application\index\controller\Index.php 11 - 29
}

[ info ] [ DB ] INIT mysql
[ info ] [ CACHE ] INIT File
[ info ] [ LOG ] INIT File
[ sql ] [ DB ] CONNECT:[ UseTime:0.001000s ] mysql:dbname=tpshop1;host=127.0.0.1;charset=utf8
[ sql ] [ SQL ] SHOW COLUMNS FROM `tp_users` [ RunTime:0.004000s ]
[ sql ] [ SQL ] SELECT * FROM `tp_users` WHERE  `user_id` = 1 LIMIT 1    [ RunTime:0.001000s ]
[ sql ] [ SQL ] UPDATE `tp_users`  SET `sex`=0  WHERE  `user_id` = 1     [ RunTime:0.002000s ]

---------------------------------------------------------------
[ 2016-10-20T16:06:25+08:00 ] 127.0.0.1 127.0.0.1 GET /index.php?s=/index/index/readFun&XDEBUG_SESSION_START=netbeans-xdebug
[ log ] www.tp5.com/index.php?s=/index/index/readFun&XDEBUG_SESSION_START=netbeans-xdebug [运行时间：343.285000s][吞吐率：0.00req/s] [内存消耗：1,844.80kb] [文件加载：36]
[ info ] [ ROUTE ] array (
  'type' => 'module',
  'module' => 
  array (
    0 => 'index',
    1 => 'index',
    2 => 'readFun',
  ),
)
[ info ] [ HEADER ] array (
  'upgrade-insecure-requests' => '1',
  'connection' => 'close',
  'cookie' => 'pgv_pvi=4130327552; pgv_si=s9055378432',
  'accept-encoding' => 'gzip, deflate',
  'accept-language' => 'zh-CN,zh;q=0.8,en-US;q=0.5,en;q=0.3',
  'accept' => 'text/html,application/xhtml+xml,application/xml;q=0.9,*/*;q=0.8',
  'user-agent' => 'Mozilla/5.0 (Windows NT 6.1; WOW64; rv:49.0) Gecko/20100101 Firefox/49.0',
  'host' => 'www.tp5.com',
)
[ info ] [ PARAM ] array (
  'XDEBUG_SESSION_START' => 'netbeans-xdebug',
)
[ info ] [ RUN ] Method [ <user> public method readFun ] {
  @@ D:\WWW\TP5.0\application\index\controller\Index.php 11 - 29
}

[ info ] [ DB ] INIT mysql
[ info ] [ LOG ] INIT File
[ sql ] [ DB ] CONNECT:[ UseTime:0.010000s ] mysql:dbname=tpshop1;host=127.0.0.1;charset=utf8
[ sql ] [ SQL ] SHOW COLUMNS FROM `tp_users` [ RunTime:0.005000s ]
[ sql ] [ SQL ] SELECT * FROM `tp_users` WHERE  `user_id` = 1 LIMIT 1    [ RunTime:0.001000s ]

---------------------------------------------------------------
[ 2016-10-20T16:06:46+08:00 ] 127.0.0.1 127.0.0.1 GET /index/index/readFun
[ log ] www.tp5.com/index/index/readFun [运行时间：0.064000s][吞吐率：15.63req/s] [内存消耗：1,918.55kb] [文件加载：44]
[ info ] [ ROUTE ] array (
  'type' => 'module',
  'module' => 
  array (
    0 => 'index',
    1 => 'index',
    2 => 'readFun',
  ),
)
[ info ] [ HEADER ] array (
  'cache-control' => 'max-age=0',
  'upgrade-insecure-requests' => '1',
  'connection' => 'close',
  'cookie' => 'pgv_pvi=4130327552; pgv_si=s9055378432',
  'accept-encoding' => 'gzip, deflate',
  'accept-language' => 'zh-CN,zh;q=0.8,en-US;q=0.5,en;q=0.3',
  'accept' => 'text/html,application/xhtml+xml,application/xml;q=0.9,*/*;q=0.8',
  'user-agent' => 'Mozilla/5.0 (Windows NT 6.1; WOW64; rv:49.0) Gecko/20100101 Firefox/49.0',
  'host' => 'www.tp5.com',
)
[ info ] [ PARAM ] array (
)
[ info ] [ RUN ] Method [ <user> public method readFun ] {
  @@ D:\WWW\TP5.0\application\index\controller\Index.php 11 - 29
}

[ info ] [ DB ] INIT mysql
[ info ] [ LANG ] D:\WWW\TP5.0\thinkphp\lang\zh-cn.php
[ info ] [ LANG ] D:\WWW\TP5.0\thinkphp\lang\zh-cn.php
[ info ] [ LOG ] INIT File
[ sql ] [ DB ] CONNECT:[ UseTime:0.011000s ] mysql:dbname=tpshop1;host=127.0.0.1;charset=utf8
[ sql ] [ SQL ] SHOW COLUMNS FROM `tp_users` [ RunTime:0.006000s ]
[ sql ] [ SQL ] SELECT * FROM `tp_users` WHERE  `user_id` = 1 LIMIT 1    [ RunTime:0.001000s ]
[ error ] [8]unserialize(): Error at offset 0 of 5 bytes[D:\WWW\TP5.0\thinkphp\library\think\Model.php:479]

---------------------------------------------------------------
[ 2016-10-20T16:07:30+08:00 ] 127.0.0.1 127.0.0.1 GET /index/index/readFun
[ log ] www.tp5.com/index/index/readFun [运行时间：0.059000s][吞吐率：16.95req/s] [内存消耗：1,878.88kb] [文件加载：40]
[ info ] [ ROUTE ] array (
  'type' => 'module',
  'module' => 
  array (
    0 => 'index',
    1 => 'index',
    2 => 'readFun',
  ),
)
[ info ] [ HEADER ] array (
  'cache-control' => 'max-age=0',
  'upgrade-insecure-requests' => '1',
  'connection' => 'close',
  'cookie' => 'pgv_pvi=4130327552; pgv_si=s9055378432; think_var=zh-cn',
  'accept-encoding' => 'gzip, deflate',
  'accept-language' => 'zh-CN,zh;q=0.8,en-US;q=0.5,en;q=0.3',
  'accept' => 'text/html,application/xhtml+xml,application/xml;q=0.9,*/*;q=0.8',
  'user-agent' => 'Mozilla/5.0 (Windows NT 6.1; WOW64; rv:49.0) Gecko/20100101 Firefox/49.0',
  'host' => 'www.tp5.com',
)
[ info ] [ PARAM ] array (
)
[ info ] [ RUN ] Method [ <user> public method readFun ] {
  @@ D:\WWW\TP5.0\application\index\controller\Index.php 11 - 30
}

[ info ] [ DB ] INIT mysql
[ info ] [ CACHE ] INIT File
[ info ] [ LOG ] INIT File
[ sql ] [ DB ] CONNECT:[ UseTime:0.010000s ] mysql:dbname=tpshop1;host=127.0.0.1;charset=utf8
[ sql ] [ SQL ] SHOW COLUMNS FROM `tp_users` [ RunTime:0.006000s ]
[ sql ] [ SQL ] SELECT * FROM `tp_users` WHERE  `user_id` = 1 LIMIT 1    [ RunTime:0.001000s ]
[ sql ] [ SQL ] UPDATE `tp_users`  SET `sex`=0,`nickname`='a:1:{s:2:\"aa\";i:11;}'  WHERE  `user_id` = 1      [ RunTime:0.002000s ]

---------------------------------------------------------------
[ 2016-10-20T16:07:48+08:00 ] 127.0.0.1 127.0.0.1 GET /index/index/readFun
[ log ] www.tp5.com/index/index/readFun [运行时间：0.056000s][吞吐率：17.86req/s] [内存消耗：1,918.22kb] [文件加载：44]
[ info ] [ ROUTE ] array (
  'type' => 'module',
  'module' => 
  array (
    0 => 'index',
    1 => 'index',
    2 => 'readFun',
  ),
)
[ info ] [ HEADER ] array (
  'cache-control' => 'max-age=0',
  'upgrade-insecure-requests' => '1',
  'connection' => 'close',
  'cookie' => 'pgv_pvi=4130327552; pgv_si=s9055378432; think_var=zh-cn',
  'accept-encoding' => 'gzip, deflate',
  'accept-language' => 'zh-CN,zh;q=0.8,en-US;q=0.5,en;q=0.3',
  'accept' => 'text/html,application/xhtml+xml,application/xml;q=0.9,*/*;q=0.8',
  'user-agent' => 'Mozilla/5.0 (Windows NT 6.1; WOW64; rv:49.0) Gecko/20100101 Firefox/49.0',
  'host' => 'www.tp5.com',
)
[ info ] [ PARAM ] array (
)
[ info ] [ RUN ] Method [ <user> public method readFun ] {
  @@ D:\WWW\TP5.0\application\index\controller\Index.php 11 - 30
}

[ info ] [ DB ] INIT mysql
[ info ] [ LANG ] D:\WWW\TP5.0\thinkphp\lang\zh-cn.php
[ info ] [ LANG ] D:\WWW\TP5.0\thinkphp\lang\zh-cn.php
[ info ] [ LOG ] INIT File
[ sql ] [ DB ] CONNECT:[ UseTime:0.010000s ] mysql:dbname=tpshop1;host=127.0.0.1;charset=utf8
[ sql ] [ SQL ] SHOW COLUMNS FROM `tp_users` [ RunTime:0.006000s ]
[ sql ] [ SQL ] SELECT * FROM `tp_users` WHERE  `user_id` = 1 LIMIT 1    [ RunTime:0.001000s ]
[ error ] [8]Array to string conversion[D:\WWW\TP5.0\application\index\controller\Index.php:15]

---------------------------------------------------------------
[ 2016-10-20T16:08:14+08:00 ] 127.0.0.1 127.0.0.1 GET /index/index/readFun
[ log ] www.tp5.com/index/index/readFun [运行时间：0.046800s][吞吐率：21.37req/s] [内存消耗：1,895.12kb] [文件加载：40]
[ info ] [ ROUTE ] array (
  'type' => 'module',
  'module' => 
  array (
    0 => 'index',
    1 => 'index',
    2 => 'readFun',
  ),
)
[ info ] [ HEADER ] array (
  'cache-control' => 'max-age=0',
  'upgrade-insecure-requests' => '1',
  'connection' => 'close',
  'cookie' => 'pgv_pvi=4130327552; pgv_si=s9055378432; think_var=zh-cn',
  'accept-encoding' => 'gzip, deflate',
  'accept-language' => 'zh-CN,zh;q=0.8,en-US;q=0.5,en;q=0.3',
  'accept' => 'text/html,application/xhtml+xml,application/xml;q=0.9,*/*;q=0.8',
  'user-agent' => 'Mozilla/5.0 (Windows NT 6.1; WOW64; rv:49.0) Gecko/20100101 Firefox/49.0',
  'host' => 'www.tp5.com',
)
[ info ] [ PARAM ] array (
)
[ info ] [ RUN ] Method [ <user> public method readFun ] {
  @@ D:\WWW\TP5.0\application\index\controller\Index.php 11 - 30
}

[ info ] [ DB ] INIT mysql
[ info ] [ CACHE ] INIT File
[ info ] [ LOG ] INIT File
[ sql ] [ DB ] CONNECT:[ UseTime:0.015600s ] mysql:dbname=tpshop1;host=127.0.0.1;charset=utf8
[ sql ] [ SQL ] SHOW COLUMNS FROM `tp_users` [ RunTime:0.000000s ]
[ sql ] [ SQL ] SELECT * FROM `tp_users` WHERE  `user_id` = 1 LIMIT 1    [ RunTime:0.000000s ]

---------------------------------------------------------------
[ 2016-10-20T17:45:45+08:00 ] 127.0.0.1 127.0.0.1 GET /index/index/readFun
[ log ] www.tp5.com/index/index/readFun [运行时间：0.049000s][吞吐率：20.41req/s] [内存消耗：1,894.07kb] [文件加载：40]
[ info ] [ ROUTE ] array (
  'type' => 'module',
  'module' => 
  array (
    0 => 'index',
    1 => 'index',
    2 => 'readFun',
  ),
)
[ info ] [ HEADER ] array (
  'cache-control' => 'max-age=0',
  'upgrade-insecure-requests' => '1',
  'connection' => 'close',
  'cookie' => 'pgv_pvi=4130327552; pgv_si=s9055378432',
  'accept-encoding' => 'gzip, deflate',
  'accept-language' => 'zh-CN,zh;q=0.8,en-US;q=0.5,en;q=0.3',
  'accept' => 'text/html,application/xhtml+xml,application/xml;q=0.9,*/*;q=0.8',
  'user-agent' => 'Mozilla/5.0 (Windows NT 6.1; WOW64; rv:49.0) Gecko/20100101 Firefox/49.0',
  'host' => 'www.tp5.com',
)
[ info ] [ PARAM ] array (
)
[ info ] [ RUN ] Method [ <user> public method readFun ] {
  @@ D:\WWW\TP5.0\application\index\controller\Index.php 11 - 30
}

[ info ] [ DB ] INIT mysql
[ info ] [ CACHE ] INIT File
[ info ] [ LOG ] INIT File
[ sql ] [ DB ] CONNECT:[ UseTime:0.012000s ] mysql:dbname=tpshop1;host=127.0.0.1;charset=utf8
[ sql ] [ SQL ] SHOW COLUMNS FROM `tp_users` [ RunTime:0.006000s ]
[ sql ] [ SQL ] SELECT * FROM `tp_users` WHERE  `user_id` = 1 LIMIT 1    [ RunTime:0.001000s ]

---------------------------------------------------------------
[ 2016-10-20T17:46:56+08:00 ] 127.0.0.1 127.0.0.1 GET /index/index/readFun
[ log ] www.tp5.com/index/index/readFun [运行时间：0.048000s][吞吐率：20.83req/s] [内存消耗：1,894.44kb] [文件加载：40]
[ info ] [ ROUTE ] array (
  'type' => 'module',
  'module' => 
  array (
    0 => 'index',
    1 => 'index',
    2 => 'readFun',
  ),
)
[ info ] [ HEADER ] array (
  'cache-control' => 'max-age=0',
  'upgrade-insecure-requests' => '1',
  'connection' => 'close',
  'cookie' => 'pgv_pvi=4130327552; pgv_si=s9055378432',
  'accept-encoding' => 'gzip, deflate',
  'accept-language' => 'zh-CN,zh;q=0.8,en-US;q=0.5,en;q=0.3',
  'accept' => 'text/html,application/xhtml+xml,application/xml;q=0.9,*/*;q=0.8',
  'user-agent' => 'Mozilla/5.0 (Windows NT 6.1; WOW64; rv:49.0) Gecko/20100101 Firefox/49.0',
  'host' => 'www.tp5.com',
)
[ info ] [ PARAM ] array (
)
[ info ] [ RUN ] Method [ <user> public method readFun ] {
  @@ D:\WWW\TP5.0\application\index\controller\Index.php 11 - 30
}

[ info ] [ DB ] INIT mysql
[ info ] [ CACHE ] INIT File
[ info ] [ LOG ] INIT File
[ sql ] [ DB ] CONNECT:[ UseTime:0.010000s ] mysql:dbname=tpshop1;host=127.0.0.1;charset=utf8
[ sql ] [ SQL ] SHOW COLUMNS FROM `tp_users` [ RunTime:0.006000s ]
[ sql ] [ SQL ] SELECT * FROM `tp_users` WHERE  `user_id` = 1 LIMIT 1    [ RunTime:0.000000s ]

---------------------------------------------------------------
[ 2016-10-20T17:47:13+08:00 ] 127.0.0.1 127.0.0.1 GET /index/index/readFun
[ log ] www.tp5.com/index/index/readFun [运行时间：0.042000s][吞吐率：23.81req/s] [内存消耗：1,894.49kb] [文件加载：40]
[ info ] [ ROUTE ] array (
  'type' => 'module',
  'module' => 
  array (
    0 => 'index',
    1 => 'index',
    2 => 'readFun',
  ),
)
[ info ] [ HEADER ] array (
  'cache-control' => 'max-age=0',
  'upgrade-insecure-requests' => '1',
  'connection' => 'close',
  'cookie' => 'pgv_pvi=4130327552; pgv_si=s9055378432',
  'accept-encoding' => 'gzip, deflate',
  'accept-language' => 'zh-CN,zh;q=0.8,en-US;q=0.5,en;q=0.3',
  'accept' => 'text/html,application/xhtml+xml,application/xml;q=0.9,*/*;q=0.8',
  'user-agent' => 'Mozilla/5.0 (Windows NT 6.1; WOW64; rv:49.0) Gecko/20100101 Firefox/49.0',
  'host' => 'www.tp5.com',
)
[ info ] [ PARAM ] array (
)
[ info ] [ RUN ] Method [ <user> public method readFun ] {
  @@ D:\WWW\TP5.0\application\index\controller\Index.php 11 - 30
}

[ info ] [ DB ] INIT mysql
[ info ] [ CACHE ] INIT File
[ info ] [ LOG ] INIT File
[ sql ] [ DB ] CONNECT:[ UseTime:0.010000s ] mysql:dbname=tpshop1;host=127.0.0.1;charset=utf8
[ sql ] [ SQL ] SHOW COLUMNS FROM `tp_users` [ RunTime:0.006000s ]
[ sql ] [ SQL ] SELECT * FROM `tp_users` WHERE  `user_id` = 1 LIMIT 1    [ RunTime:0.001000s ]

---------------------------------------------------------------
[ 2016-10-20T17:49:06+08:00 ] 127.0.0.1 127.0.0.1 GET /index/index/readFun
[ log ] www.tp5.com/index/index/readFun [运行时间：0.042000s][吞吐率：23.81req/s] [内存消耗：1,878.93kb] [文件加载：40]
[ info ] [ ROUTE ] array (
  'type' => 'module',
  'module' => 
  array (
    0 => 'index',
    1 => 'index',
    2 => 'readFun',
  ),
)
[ info ] [ HEADER ] array (
  'cache-control' => 'max-age=0',
  'upgrade-insecure-requests' => '1',
  'connection' => 'close',
  'cookie' => 'pgv_pvi=4130327552; pgv_si=s9055378432',
  'accept-encoding' => 'gzip, deflate',
  'accept-language' => 'zh-CN,zh;q=0.8,en-US;q=0.5,en;q=0.3',
  'accept' => 'text/html,application/xhtml+xml,application/xml;q=0.9,*/*;q=0.8',
  'user-agent' => 'Mozilla/5.0 (Windows NT 6.1; WOW64; rv:49.0) Gecko/20100101 Firefox/49.0',
  'host' => 'www.tp5.com',
)
[ info ] [ PARAM ] array (
)
[ info ] [ RUN ] Method [ <user> public method readFun ] {
  @@ D:\WWW\TP5.0\application\index\controller\Index.php 11 - 30
}

[ info ] [ DB ] INIT mysql
[ info ] [ CACHE ] INIT File
[ info ] [ LOG ] INIT File
[ sql ] [ DB ] CONNECT:[ UseTime:0.002000s ] mysql:dbname=tpshop1;host=127.0.0.1;charset=utf8
[ sql ] [ SQL ] SHOW COLUMNS FROM `tp_users` [ RunTime:0.006000s ]
[ sql ] [ SQL ] SELECT * FROM `tp_users` WHERE  `user_id` = 1 LIMIT 1    [ RunTime:0.000000s ]
[ sql ] [ SQL ] UPDATE `tp_users`  SET `nickname`='a:1:{s:2:\"aa\";i:11;}'  WHERE  `user_id` = 1     [ RunTime:0.000000s ]

---------------------------------------------------------------
[ 2016-10-20T17:50:00+08:00 ] 127.0.0.1 127.0.0.1 GET /index/index/readFun
[ log ] www.tp5.com/index/index/readFun [运行时间：0.040000s][吞吐率：25.00req/s] [内存消耗：1,918.35kb] [文件加载：44]
[ info ] [ ROUTE ] array (
  'type' => 'module',
  'module' => 
  array (
    0 => 'index',
    1 => 'index',
    2 => 'readFun',
  ),
)
[ info ] [ HEADER ] array (
  'cache-control' => 'max-age=0',
  'upgrade-insecure-requests' => '1',
  'connection' => 'close',
  'cookie' => 'pgv_pvi=4130327552; pgv_si=s9055378432',
  'accept-encoding' => 'gzip, deflate',
  'accept-language' => 'zh-CN,zh;q=0.8,en-US;q=0.5,en;q=0.3',
  'accept' => 'text/html,application/xhtml+xml,application/xml;q=0.9,*/*;q=0.8',
  'user-agent' => 'Mozilla/5.0 (Windows NT 6.1; WOW64; rv:49.0) Gecko/20100101 Firefox/49.0',
  'host' => 'www.tp5.com',
)
[ info ] [ PARAM ] array (
)
[ info ] [ RUN ] Method [ <user> public method readFun ] {
  @@ D:\WWW\TP5.0\application\index\controller\Index.php 11 - 30
}

[ info ] [ DB ] INIT mysql
[ info ] [ LANG ] D:\WWW\TP5.0\thinkphp\lang\zh-cn.php
[ info ] [ LANG ] D:\WWW\TP5.0\thinkphp\lang\zh-cn.php
[ info ] [ LOG ] INIT File
[ sql ] [ DB ] CONNECT:[ UseTime:0.000000s ] mysql:dbname=tpshop1;host=127.0.0.1;charset=utf8
[ sql ] [ SQL ] SHOW COLUMNS FROM `tp_users` [ RunTime:0.006000s ]
[ sql ] [ SQL ] SELECT * FROM `tp_users` WHERE  `user_id` = 1 LIMIT 1    [ RunTime:0.001000s ]
[ error ] [8]Array to string conversion[D:\WWW\TP5.0\application\index\controller\Index.php:14]

---------------------------------------------------------------
[ 2016-10-20T17:50:25+08:00 ] 127.0.0.1 127.0.0.1 GET /index/index/readFun
[ log ] www.tp5.com/index/index/readFun [运行时间：0.045000s][吞吐率：22.22req/s] [内存消耗：1,822.54kb] [文件加载：37]
[ info ] [ ROUTE ] array (
  'type' => 'module',
  'module' => 
  array (
    0 => 'index',
    1 => 'index',
    2 => 'readFun',
  ),
)
[ info ] [ HEADER ] array (
  'cache-control' => 'max-age=0',
  'upgrade-insecure-requests' => '1',
  'connection' => 'close',
  'cookie' => 'pgv_pvi=4130327552; pgv_si=s9055378432; think_var=zh-cn',
  'accept-encoding' => 'gzip, deflate',
  'accept-language' => 'zh-CN,zh;q=0.8,en-US;q=0.5,en;q=0.3',
  'accept' => 'text/html,application/xhtml+xml,application/xml;q=0.9,*/*;q=0.8',
  'user-agent' => 'Mozilla/5.0 (Windows NT 6.1; WOW64; rv:49.0) Gecko/20100101 Firefox/49.0',
  'host' => 'www.tp5.com',
)
[ info ] [ PARAM ] array (
)
[ info ] [ RUN ] Method [ <user> public method readFun ] {
  @@ D:\WWW\TP5.0\application\index\controller\Index.php 11 - 30
}

[ info ] [ DB ] INIT mysql
[ info ] [ LOG ] INIT File
[ sql ] [ DB ] CONNECT:[ UseTime:0.010000s ] mysql:dbname=tpshop1;host=127.0.0.1;charset=utf8
[ sql ] [ SQL ] SHOW COLUMNS FROM `tp_users` [ RunTime:0.006000s ]
[ sql ] [ SQL ] SELECT * FROM `tp_users` WHERE  `user_id` = 1 LIMIT 1    [ RunTime:0.002000s ]

---------------------------------------------------------------
[ 2016-10-20T17:50:48+08:00 ] 127.0.0.1 127.0.0.1 GET /index/index/readFun
[ log ] www.tp5.com/index/index/readFun [运行时间：0.041000s][吞吐率：24.39req/s] [内存消耗：1,823.02kb] [文件加载：37]
[ info ] [ ROUTE ] array (
  'type' => 'module',
  'module' => 
  array (
    0 => 'index',
    1 => 'index',
    2 => 'readFun',
  ),
)
[ info ] [ HEADER ] array (
  'cache-control' => 'max-age=0',
  'upgrade-insecure-requests' => '1',
  'connection' => 'close',
  'cookie' => 'pgv_pvi=4130327552; pgv_si=s9055378432; think_var=zh-cn',
  'accept-encoding' => 'gzip, deflate',
  'accept-language' => 'zh-CN,zh;q=0.8,en-US;q=0.5,en;q=0.3',
  'accept' => 'text/html,application/xhtml+xml,application/xml;q=0.9,*/*;q=0.8',
  'user-agent' => 'Mozilla/5.0 (Windows NT 6.1; WOW64; rv:49.0) Gecko/20100101 Firefox/49.0',
  'host' => 'www.tp5.com',
)
[ info ] [ PARAM ] array (
)
[ info ] [ RUN ] Method [ <user> public method readFun ] {
  @@ D:\WWW\TP5.0\application\index\controller\Index.php 11 - 30
}

[ info ] [ DB ] INIT mysql
[ info ] [ LOG ] INIT File
[ sql ] [ DB ] CONNECT:[ UseTime:0.010000s ] mysql:dbname=tpshop1;host=127.0.0.1;charset=utf8
[ sql ] [ SQL ] SHOW COLUMNS FROM `tp_users` [ RunTime:0.006000s ]
[ sql ] [ SQL ] SELECT * FROM `tp_users` WHERE  `user_id` = 1 LIMIT 1    [ RunTime:0.000000s ]

---------------------------------------------------------------
[ 2016-10-20T17:56:50+08:00 ] 127.0.0.1 127.0.0.1 GET /index.php?s=/index/index/readFun&XDEBUG_SESSION_START=netbeans-xdebug
[ log ] www.tp5.com/index.php?s=/index/index/readFun&XDEBUG_SESSION_START=netbeans-xdebug [运行时间：105.435000s][吞吐率：0.01req/s] [内存消耗：1,950.16kb] [文件加载：39]
[ info ] [ ROUTE ] array (
  'type' => 'module',
  'module' => 
  array (
    0 => 'index',
    1 => 'index',
    2 => 'readFun',
  ),
)
[ info ] [ HEADER ] array (
  'upgrade-insecure-requests' => '1',
  'connection' => 'close',
  'cookie' => 'pgv_pvi=4130327552; pgv_si=s9055378432; think_var=zh-cn',
  'accept-encoding' => 'gzip, deflate',
  'accept-language' => 'zh-CN,zh;q=0.8,en-US;q=0.5,en;q=0.3',
  'accept' => 'text/html,application/xhtml+xml,application/xml;q=0.9,*/*;q=0.8',
  'user-agent' => 'Mozilla/5.0 (Windows NT 6.1; WOW64; rv:49.0) Gecko/20100101 Firefox/49.0',
  'host' => 'www.tp5.com',
)
[ info ] [ PARAM ] array (
  'XDEBUG_SESSION_START' => 'netbeans-xdebug',
)
[ info ] [ RUN ] Method [ <user> public method readFun ] {
  @@ D:\WWW\TP5.0\application\index\controller\Index.php 11 - 30
}

[ info ] [ DB ] INIT mysql
[ info ] [ CACHE ] INIT File
[ info ] [ LOG ] INIT File
[ sql ] [ DB ] CONNECT:[ UseTime:0.002000s ] mysql:dbname=tpshop1;host=127.0.0.1;charset=utf8
[ sql ] [ SQL ] SHOW COLUMNS FROM `tp_users` [ RunTime:0.007000s ]
[ sql ] [ SQL ] SELECT * FROM `tp_users` WHERE  `user_id` = 1 LIMIT 1    [ RunTime:0.001000s ]
[ sql ] [ SQL ] UPDATE `tp_users`  SET `birthday`=1572796800  WHERE  `user_id` = 1     [ RunTime:0.001000s ]

---------------------------------------------------------------
[ 2016-10-20T17:57:25+08:00 ] 127.0.0.1 127.0.0.1 GET /index.php?s=/index/index/readFun&XDEBUG_SESSION_START=netbeans-xdebug
[ log ] www.tp5.com/index.php?s=/index/index/readFun&XDEBUG_SESSION_START=netbeans-xdebug [运行时间：22.831000s][吞吐率：0.04req/s] [内存消耗：1,835.55kb] [文件加载：36]
[ info ] [ ROUTE ] array (
  'type' => 'module',
  'module' => 
  array (
    0 => 'index',
    1 => 'index',
    2 => 'readFun',
  ),
)
[ info ] [ HEADER ] array (
  'upgrade-insecure-requests' => '1',
  'connection' => 'close',
  'cookie' => 'pgv_pvi=4130327552; pgv_si=s9055378432; think_var=zh-cn',
  'accept-encoding' => 'gzip, deflate',
  'accept-language' => 'zh-CN,zh;q=0.8,en-US;q=0.5,en;q=0.3',
  'accept' => 'text/html,application/xhtml+xml,application/xml;q=0.9,*/*;q=0.8',
  'user-agent' => 'Mozilla/5.0 (Windows NT 6.1; WOW64; rv:49.0) Gecko/20100101 Firefox/49.0',
  'host' => 'www.tp5.com',
)
[ info ] [ PARAM ] array (
  'XDEBUG_SESSION_START' => 'netbeans-xdebug',
)
[ info ] [ RUN ] Method [ <user> public method readFun ] {
  @@ D:\WWW\TP5.0\application\index\controller\Index.php 11 - 30
}

[ info ] [ DB ] INIT mysql
[ info ] [ LOG ] INIT File
[ sql ] [ DB ] CONNECT:[ UseTime:0.001000s ] mysql:dbname=tpshop1;host=127.0.0.1;charset=utf8
[ sql ] [ SQL ] SHOW COLUMNS FROM `tp_users` [ RunTime:0.005000s ]
[ sql ] [ SQL ] SELECT * FROM `tp_users` WHERE  `user_id` = 1 LIMIT 1    [ RunTime:0.001000s ]

---------------------------------------------------------------
[ 2016-10-20T17:59:22+08:00 ] 127.0.0.1 127.0.0.1 GET /index.php?s=/index/index/readFun&XDEBUG_SESSION_START=netbeans-xdebug
[ log ] www.tp5.com/index.php?s=/index/index/readFun&XDEBUG_SESSION_START=netbeans-xdebug [运行时间：99.753000s][吞吐率：0.01req/s] [内存消耗：1,879.41kb] [文件加载：36]
[ info ] [ ROUTE ] array (
  'type' => 'module',
  'module' => 
  array (
    0 => 'index',
    1 => 'index',
    2 => 'readFun',
  ),
)
[ info ] [ HEADER ] array (
  'upgrade-insecure-requests' => '1',
  'connection' => 'close',
  'cookie' => 'pgv_pvi=4130327552; pgv_si=s9055378432; think_var=zh-cn',
  'accept-encoding' => 'gzip, deflate',
  'accept-language' => 'zh-CN,zh;q=0.8,en-US;q=0.5,en;q=0.3',
  'accept' => 'text/html,application/xhtml+xml,application/xml;q=0.9,*/*;q=0.8',
  'user-agent' => 'Mozilla/5.0 (Windows NT 6.1; WOW64; rv:49.0) Gecko/20100101 Firefox/49.0',
  'host' => 'www.tp5.com',
)
[ info ] [ PARAM ] array (
  'XDEBUG_SESSION_START' => 'netbeans-xdebug',
)
[ info ] [ RUN ] Method [ <user> public method readFun ] {
  @@ D:\WWW\TP5.0\application\index\controller\Index.php 11 - 30
}

[ info ] [ DB ] INIT mysql
[ info ] [ LOG ] INIT File
[ sql ] [ DB ] CONNECT:[ UseTime:0.010000s ] mysql:dbname=tpshop1;host=127.0.0.1;charset=utf8
[ sql ] [ SQL ] SHOW COLUMNS FROM `tp_users` [ RunTime:0.006000s ]
[ sql ] [ SQL ] SELECT * FROM `tp_users` WHERE  `user_id` = 1 LIMIT 1    [ RunTime:0.001000s ]

---------------------------------------------------------------
[ 2016-10-20T18:02:42+08:00 ] 127.0.0.1 127.0.0.1 GET /index/index/readFun
[ log ] www.tp5.com/index/index/readFun [运行时间：0.034000s][吞吐率：29.41req/s] [内存消耗：1,807.88kb] [文件加载：37]
[ info ] [ ROUTE ] array (
  'type' => 'module',
  'module' => 
  array (
    0 => 'index',
    1 => 'index',
    2 => 'readFun',
  ),
)
[ info ] [ HEADER ] array (
  'cache-control' => 'max-age=0',
  'upgrade-insecure-requests' => '1',
  'connection' => 'close',
  'cookie' => 'pgv_pvi=4130327552; pgv_si=s9055378432; think_var=zh-cn',
  'accept-encoding' => 'gzip, deflate',
  'accept-language' => 'zh-CN,zh;q=0.8,en-US;q=0.5,en;q=0.3',
  'accept' => 'text/html,application/xhtml+xml,application/xml;q=0.9,*/*;q=0.8',
  'user-agent' => 'Mozilla/5.0 (Windows NT 6.1; WOW64; rv:49.0) Gecko/20100101 Firefox/49.0',
  'host' => 'www.tp5.com',
)
[ info ] [ PARAM ] array (
)
[ info ] [ RUN ] Method [ <user> public method readFun ] {
  @@ D:\WWW\TP5.0\application\index\controller\Index.php 11 - 30
}

[ info ] [ DB ] INIT mysql
[ info ] [ LOG ] INIT File
[ sql ] [ DB ] CONNECT:[ UseTime:0.001000s ] mysql:dbname=tpshop1;host=127.0.0.1;charset=utf8
[ sql ] [ SQL ] SHOW COLUMNS FROM `tp_users` [ RunTime:0.006000s ]
[ sql ] [ SQL ] SELECT * FROM `tp_users` WHERE  `user_id` = 1 LIMIT 1    [ RunTime:0.001000s ]
[ sql ] [ SQL ] INSERT INTO `tp_users` (`email` , `sex`) VALUES ('hello@123.com' , 0)    [ RunTime:0.000000s ]

---------------------------------------------------------------
[ 2016-10-20T18:04:05+08:00 ] 127.0.0.1 127.0.0.1 GET /index/index/readFun
[ log ] www.tp5.com/index/index/readFun [运行时间：0.031000s][吞吐率：32.26req/s] [内存消耗：1,878.78kb] [文件加载：40]
[ info ] [ ROUTE ] array (
  'type' => 'module',
  'module' => 
  array (
    0 => 'index',
    1 => 'index',
    2 => 'readFun',
  ),
)
[ info ] [ HEADER ] array (
  'cache-control' => 'max-age=0',
  'upgrade-insecure-requests' => '1',
  'connection' => 'close',
  'cookie' => 'pgv_pvi=4130327552; pgv_si=s9055378432; think_var=zh-cn',
  'accept-encoding' => 'gzip, deflate',
  'accept-language' => 'zh-CN,zh;q=0.8,en-US;q=0.5,en;q=0.3',
  'accept' => 'text/html,application/xhtml+xml,application/xml;q=0.9,*/*;q=0.8',
  'user-agent' => 'Mozilla/5.0 (Windows NT 6.1; WOW64; rv:49.0) Gecko/20100101 Firefox/49.0',
  'host' => 'www.tp5.com',
)
[ info ] [ PARAM ] array (
)
[ info ] [ RUN ] Method [ <user> public method readFun ] {
  @@ D:\WWW\TP5.0\application\index\controller\Index.php 11 - 30
}

[ info ] [ DB ] INIT mysql
[ info ] [ CACHE ] INIT File
[ info ] [ LOG ] INIT File
[ sql ] [ DB ] CONNECT:[ UseTime:0.001000s ] mysql:dbname=tpshop1;host=127.0.0.1;charset=utf8
[ sql ] [ SQL ] SHOW COLUMNS FROM `tp_users` [ RunTime:0.006000s ]
[ sql ] [ SQL ] SELECT * FROM `tp_users` WHERE  `user_id` = 1 LIMIT 1    [ RunTime:0.001000s ]
[ sql ] [ SQL ] UPDATE `tp_users`  SET `sex`=0,`birthday`=1575388800  WHERE  `user_id` = 1      [ RunTime:0.000000s ]

---------------------------------------------------------------
[ 2016-10-20T18:08:31+08:00 ] 127.0.0.1 127.0.0.1 GET /index/index/readFun
[ log ] www.tp5.com/index/index/readFun [运行时间：0.039000s][吞吐率：25.64req/s] [内存消耗：1,124.97kb] [文件加载：35]
[ info ] [ ROUTE ] array (
  'type' => 'module',
  'module' => 
  array (
    0 => 'index',
    1 => 'index',
    2 => 'readFun',
  ),
)
[ info ] [ HEADER ] array (
  'cache-control' => 'max-age=0',
  'upgrade-insecure-requests' => '1',
  'connection' => 'close',
  'cookie' => 'pgv_pvi=4130327552; pgv_si=s9055378432; think_var=zh-cn',
  'accept-encoding' => 'gzip, deflate',
  'accept-language' => 'zh-CN,zh;q=0.8,en-US;q=0.5,en;q=0.3',
  'accept' => 'text/html,application/xhtml+xml,application/xml;q=0.9,*/*;q=0.8',
  'user-agent' => 'Mozilla/5.0 (Windows NT 6.1; WOW64; rv:49.0) Gecko/20100101 Firefox/49.0',
  'host' => 'www.tp5.com',
)
[ info ] [ PARAM ] array (
)
[ info ] [ RUN ] Method [ <user> public method readFun ] {
  @@ D:\WWW\TP5.0\application\index\controller\Index.php 11 - 30
}

[ info ] [ LANG ] D:\WWW\TP5.0\thinkphp\lang\zh-cn.php
[ info ] [ LANG ] D:\WWW\TP5.0\thinkphp\lang\zh-cn.php
[ info ] [ LOG ] INIT File
[ error ] [4]语法错误: unexpected '(', expecting ')'[D:\WWW\TP5.0\application\index\model\Users.php:15]

---------------------------------------------------------------
[ 2016-10-20T18:08:59+08:00 ] 127.0.0.1 127.0.0.1 GET /index/index/readFun
[ log ] www.tp5.com/index/index/readFun [运行时间：0.047000s][吞吐率：21.28req/s] [内存消耗：1,894.76kb] [文件加载：40]
[ info ] [ ROUTE ] array (
  'type' => 'module',
  'module' => 
  array (
    0 => 'index',
    1 => 'index',
    2 => 'readFun',
  ),
)
[ info ] [ HEADER ] array (
  'cache-control' => 'max-age=0',
  'upgrade-insecure-requests' => '1',
  'connection' => 'close',
  'cookie' => 'pgv_pvi=4130327552; pgv_si=s9055378432; think_var=zh-cn',
  'accept-encoding' => 'gzip, deflate',
  'accept-language' => 'zh-CN,zh;q=0.8,en-US;q=0.5,en;q=0.3',
  'accept' => 'text/html,application/xhtml+xml,application/xml;q=0.9,*/*;q=0.8',
  'user-agent' => 'Mozilla/5.0 (Windows NT 6.1; WOW64; rv:49.0) Gecko/20100101 Firefox/49.0',
  'host' => 'www.tp5.com',
)
[ info ] [ PARAM ] array (
)
[ info ] [ RUN ] Method [ <user> public method readFun ] {
  @@ D:\WWW\TP5.0\application\index\controller\Index.php 11 - 30
}

[ info ] [ DB ] INIT mysql
[ info ] [ CACHE ] INIT File
[ info ] [ LOG ] INIT File
[ sql ] [ DB ] CONNECT:[ UseTime:0.010000s ] mysql:dbname=tpshop1;host=127.0.0.1;charset=utf8
[ sql ] [ SQL ] SHOW COLUMNS FROM `tp_users` [ RunTime:0.006000s ]
[ sql ] [ SQL ] SELECT * FROM `tp_users` WHERE  `user_id` = 1 LIMIT 1    [ RunTime:0.000000s ]

---------------------------------------------------------------
[ 2016-10-20T18:11:29+08:00 ] 127.0.0.1 127.0.0.1 GET /index/index/readFun
[ log ] www.tp5.com/index/index/readFun [运行时间：0.048000s][吞吐率：20.83req/s] [内存消耗：1,895.91kb] [文件加载：40]
[ info ] [ ROUTE ] array (
  'type' => 'module',
  'module' => 
  array (
    0 => 'index',
    1 => 'index',
    2 => 'readFun',
  ),
)
[ info ] [ HEADER ] array (
  'cache-control' => 'max-age=0',
  'upgrade-insecure-requests' => '1',
  'connection' => 'close',
  'cookie' => 'pgv_pvi=4130327552; pgv_si=s9055378432; think_var=zh-cn',
  'accept-encoding' => 'gzip, deflate',
  'accept-language' => 'zh-CN,zh;q=0.8,en-US;q=0.5,en;q=0.3',
  'accept' => 'text/html,application/xhtml+xml,application/xml;q=0.9,*/*;q=0.8',
  'user-agent' => 'Mozilla/5.0 (Windows NT 6.1; WOW64; rv:49.0) Gecko/20100101 Firefox/49.0',
  'host' => 'www.tp5.com',
)
[ info ] [ PARAM ] array (
)
[ info ] [ RUN ] Method [ <user> public method readFun ] {
  @@ D:\WWW\TP5.0\application\index\controller\Index.php 11 - 30
}

[ info ] [ DB ] INIT mysql
[ info ] [ CACHE ] INIT File
[ info ] [ LOG ] INIT File
[ sql ] [ DB ] CONNECT:[ UseTime:0.011000s ] mysql:dbname=tpshop1;host=127.0.0.1;charset=utf8
[ sql ] [ SQL ] SHOW COLUMNS FROM `tp_users` [ RunTime:0.005000s ]
[ sql ] [ SQL ] SELECT * FROM `tp_users` WHERE  `user_id` = 1 LIMIT 1    [ RunTime:0.001000s ]

---------------------------------------------------------------
[ 2016-10-20T18:12:21+08:00 ] 127.0.0.1 127.0.0.1 GET /index/index/readFun
[ log ] www.tp5.com/index/index/readFun [运行时间：0.045000s][吞吐率：22.22req/s] [内存消耗：1,879.98kb] [文件加载：40]
[ info ] [ ROUTE ] array (
  'type' => 'module',
  'module' => 
  array (
    0 => 'index',
    1 => 'index',
    2 => 'readFun',
  ),
)
[ info ] [ HEADER ] array (
  'cache-control' => 'max-age=0',
  'upgrade-insecure-requests' => '1',
  'connection' => 'close',
  'cookie' => 'pgv_pvi=4130327552; pgv_si=s9055378432; think_var=zh-cn',
  'accept-encoding' => 'gzip, deflate',
  'accept-language' => 'zh-CN,zh;q=0.8,en-US;q=0.5,en;q=0.3',
  'accept' => 'text/html,application/xhtml+xml,application/xml;q=0.9,*/*;q=0.8',
  'user-agent' => 'Mozilla/5.0 (Windows NT 6.1; WOW64; rv:49.0) Gecko/20100101 Firefox/49.0',
  'host' => 'www.tp5.com',
)
[ info ] [ PARAM ] array (
)
[ info ] [ RUN ] Method [ <user> public method readFun ] {
  @@ D:\WWW\TP5.0\application\index\controller\Index.php 11 - 30
}

[ info ] [ DB ] INIT mysql
[ info ] [ CACHE ] INIT File
[ info ] [ LOG ] INIT File
[ sql ] [ DB ] CONNECT:[ UseTime:0.011000s ] mysql:dbname=tpshop1;host=127.0.0.1;charset=utf8
[ sql ] [ SQL ] SHOW COLUMNS FROM `tp_users` [ RunTime:0.007000s ]
[ sql ] [ SQL ] SELECT * FROM `tp_users` WHERE  `user_id` = 1 LIMIT 1    [ RunTime:0.000000s ]
[ sql ] [ SQL ] UPDATE `tp_users`  SET `sex`=0,`birthday`=1546531200  WHERE  `user_id` = 1      [ RunTime:0.001000s ]

---------------------------------------------------------------
[ 2016-10-20T18:12:58+08:00 ] 127.0.0.1 127.0.0.1 GET /index/index/readFun
[ log ] www.tp5.com/index/index/readFun [运行时间：0.037000s][吞吐率：27.03req/s] [内存消耗：1,895.91kb] [文件加载：40]
[ info ] [ ROUTE ] array (
  'type' => 'module',
  'module' => 
  array (
    0 => 'index',
    1 => 'index',
    2 => 'readFun',
  ),
)
[ info ] [ HEADER ] array (
  'cache-control' => 'max-age=0',
  'upgrade-insecure-requests' => '1',
  'connection' => 'close',
  'cookie' => 'pgv_pvi=4130327552; pgv_si=s9055378432; think_var=zh-cn',
  'accept-encoding' => 'gzip, deflate',
  'accept-language' => 'zh-CN,zh;q=0.8,en-US;q=0.5,en;q=0.3',
  'accept' => 'text/html,application/xhtml+xml,application/xml;q=0.9,*/*;q=0.8',
  'user-agent' => 'Mozilla/5.0 (Windows NT 6.1; WOW64; rv:49.0) Gecko/20100101 Firefox/49.0',
  'host' => 'www.tp5.com',
)
[ info ] [ PARAM ] array (
)
[ info ] [ RUN ] Method [ <user> public method readFun ] {
  @@ D:\WWW\TP5.0\application\index\controller\Index.php 11 - 30
}

[ info ] [ DB ] INIT mysql
[ info ] [ CACHE ] INIT File
[ info ] [ LOG ] INIT File
[ sql ] [ DB ] CONNECT:[ UseTime:0.000000s ] mysql:dbname=tpshop1;host=127.0.0.1;charset=utf8
[ sql ] [ SQL ] SHOW COLUMNS FROM `tp_users` [ RunTime:0.009000s ]
[ sql ] [ SQL ] SELECT * FROM `tp_users` WHERE  `user_id` = 1 LIMIT 1    [ RunTime:0.000000s ]

---------------------------------------------------------------
[ 2016-10-20T18:13:41+08:00 ] 127.0.0.1 127.0.0.1 GET /index/index/readFun
[ log ] www.tp5.com/index/index/readFun [运行时间：0.043000s][吞吐率：23.26req/s] [内存消耗：1,879.73kb] [文件加载：40]
[ info ] [ ROUTE ] array (
  'type' => 'module',
  'module' => 
  array (
    0 => 'index',
    1 => 'index',
    2 => 'readFun',
  ),
)
[ info ] [ HEADER ] array (
  'cache-control' => 'max-age=0',
  'upgrade-insecure-requests' => '1',
  'connection' => 'close',
  'cookie' => 'pgv_pvi=4130327552; pgv_si=s9055378432; think_var=zh-cn',
  'accept-encoding' => 'gzip, deflate',
  'accept-language' => 'zh-CN,zh;q=0.8,en-US;q=0.5,en;q=0.3',
  'accept' => 'text/html,application/xhtml+xml,application/xml;q=0.9,*/*;q=0.8',
  'user-agent' => 'Mozilla/5.0 (Windows NT 6.1; WOW64; rv:49.0) Gecko/20100101 Firefox/49.0',
  'host' => 'www.tp5.com',
)
[ info ] [ PARAM ] array (
)
[ info ] [ RUN ] Method [ <user> public method readFun ] {
  @@ D:\WWW\TP5.0\application\index\controller\Index.php 11 - 30
}

[ info ] [ DB ] INIT mysql
[ info ] [ CACHE ] INIT File
[ info ] [ LOG ] INIT File
[ sql ] [ DB ] CONNECT:[ UseTime:0.002000s ] mysql:dbname=tpshop1;host=127.0.0.1;charset=utf8
[ sql ] [ SQL ] SHOW COLUMNS FROM `tp_users` [ RunTime:0.005000s ]
[ sql ] [ SQL ] SELECT * FROM `tp_users` WHERE  `user_id` = 1 LIMIT 1    [ RunTime:0.000000s ]
[ sql ] [ SQL ] UPDATE `tp_users`  SET `birthday`=1514995200  WHERE  `user_id` = 1     [ RunTime:0.001000s ]

---------------------------------------------------------------
