[ 2016-10-21T13:53:22+08:00 ] 127.0.0.1 127.0.0.1 GET /
[ log ] www.tp5.com/ [运行时间：0.021000s][吞吐率：47.62req/s] [内存消耗：1,017.75kb] [文件加载：28]
[ info ] [ ROUTE ] array (
  'type' => 'module',
  'module' => 
  array (
    0 => '',
    1 => NULL,
    2 => NULL,
  ),
)
[ info ] [ HEADER ] array (
  'upgrade-insecure-requests' => '1',
  'connection' => 'close',
  'cookie' => 'pgv_pvi=4130327552',
  'accept-encoding' => 'gzip, deflate',
  'accept-language' => 'zh-CN,zh;q=0.8,en-US;q=0.5,en;q=0.3',
  'accept' => 'text/html,application/xhtml+xml,application/xml;q=0.9,*/*;q=0.8',
  'user-agent' => 'Mozilla/5.0 (Windows NT 6.1; WOW64; rv:49.0) Gecko/20100101 Firefox/49.0',
  'host' => 'www.tp5.com',
)
[ info ] [ PARAM ] array (
)
[ info ] [ RUN ] Method [ <user> public method index ] {
  @@ D:\WWW\TP5.0\application\index\controller\Index.php 127 - 137

  - Parameters [1] {
    Parameter #0 [ <optional> $name = '张三' ]
  }
}

[ info ] [ LOG ] INIT File

---------------------------------------------------------------
[ 2016-10-21T13:54:38+08:00 ] 127.0.0.1 127.0.0.1 GET /index/index/test16
[ log ] www.tp5.com/index/index/test16 [运行时间：0.043000s][吞吐率：23.26req/s] [内存消耗：1,825.80kb] [文件加载：37]
[ info ] [ ROUTE ] array (
  'type' => 'module',
  'module' => 
  array (
    0 => 'index',
    1 => 'index',
    2 => 'test16',
  ),
)
[ info ] [ HEADER ] array (
  'upgrade-insecure-requests' => '1',
  'connection' => 'close',
  'cookie' => 'pgv_pvi=4130327552; pgv_si=s129947648',
  'accept-encoding' => 'gzip, deflate',
  'accept-language' => 'zh-CN,zh;q=0.8,en-US;q=0.5,en;q=0.3',
  'accept' => 'text/html,application/xhtml+xml,application/xml;q=0.9,*/*;q=0.8',
  'user-agent' => 'Mozilla/5.0 (Windows NT 6.1; WOW64; rv:49.0) Gecko/20100101 Firefox/49.0',
  'host' => 'www.tp5.com',
)
[ info ] [ PARAM ] array (
)
[ info ] [ RUN ] Method [ <user> public method test16 ] {
  @@ D:\WWW\TP5.0\application\index\controller\Index.php 12 - 23
}

[ info ] [ DB ] INIT mysql
[ info ] [ LOG ] INIT File
[ sql ] [ DB ] CONNECT:[ UseTime:0.003000s ] mysql:dbname=tpshop1;host=127.0.0.1;charset=utf8
[ sql ] [ SQL ] SHOW COLUMNS FROM `tp_users` [ RunTime:0.007000s ]
[ sql ] [ SQL ] SELECT * FROM `tp_users` WHERE  `email` = 'tpshop@tpshop.cn'  AND `level` = 1  AND `user_id` = 1 ORDER BY `user_id`  desc     [ RunTime:0.002000s ]

---------------------------------------------------------------
[ 2016-10-21T13:55:46+08:00 ] 127.0.0.1 127.0.0.1 GET /index/index/test16
[ log ] www.tp5.com/index/index/test16 [运行时间：0.052000s][吞吐率：19.23req/s] [内存消耗：1,826.13kb] [文件加载：37]
[ info ] [ ROUTE ] array (
  'type' => 'module',
  'module' => 
  array (
    0 => 'index',
    1 => 'index',
    2 => 'test16',
  ),
)
[ info ] [ HEADER ] array (
  'cache-control' => 'max-age=0',
  'upgrade-insecure-requests' => '1',
  'connection' => 'close',
  'cookie' => 'pgv_pvi=4130327552; pgv_si=s129947648',
  'accept-encoding' => 'gzip, deflate',
  'accept-language' => 'zh-CN,zh;q=0.8,en-US;q=0.5,en;q=0.3',
  'accept' => 'text/html,application/xhtml+xml,application/xml;q=0.9,*/*;q=0.8',
  'user-agent' => 'Mozilla/5.0 (Windows NT 6.1; WOW64; rv:49.0) Gecko/20100101 Firefox/49.0',
  'host' => 'www.tp5.com',
)
[ info ] [ PARAM ] array (
)
[ info ] [ RUN ] Method [ <user> public method test16 ] {
  @@ D:\WWW\TP5.0\application\index\controller\Index.php 12 - 23
}

[ info ] [ DB ] INIT mysql
[ info ] [ LOG ] INIT File
[ sql ] [ DB ] CONNECT:[ UseTime:0.012000s ] mysql:dbname=tpshop1;host=127.0.0.1;charset=utf8
[ sql ] [ SQL ] SHOW COLUMNS FROM `tp_users` [ RunTime:0.004000s ]
[ sql ] [ SQL ] SELECT * FROM `tp_users` WHERE  `email` = 'tpshop@tpshop.cn'  AND `level` = 1  AND `user_id` = 1 ORDER BY `user_id`  desc     [ RunTime:0.000000s ]

---------------------------------------------------------------
[ 2016-10-21T13:56:05+08:00 ] 127.0.0.1 127.0.0.1 GET /index/index/test16
[ log ] www.tp5.com/index/index/test16 [运行时间：0.050000s][吞吐率：20.00req/s] [内存消耗：1,827.80kb] [文件加载：37]
[ info ] [ ROUTE ] array (
  'type' => 'module',
  'module' => 
  array (
    0 => 'index',
    1 => 'index',
    2 => 'test16',
  ),
)
[ info ] [ HEADER ] array (
  'cache-control' => 'max-age=0',
  'upgrade-insecure-requests' => '1',
  'connection' => 'close',
  'cookie' => 'pgv_pvi=4130327552; pgv_si=s129947648',
  'accept-encoding' => 'gzip, deflate',
  'accept-language' => 'zh-CN,zh;q=0.8,en-US;q=0.5,en;q=0.3',
  'accept' => 'text/html,application/xhtml+xml,application/xml;q=0.9,*/*;q=0.8',
  'user-agent' => 'Mozilla/5.0 (Windows NT 6.1; WOW64; rv:49.0) Gecko/20100101 Firefox/49.0',
  'host' => 'www.tp5.com',
)
[ info ] [ PARAM ] array (
)
[ info ] [ RUN ] Method [ <user> public method test16 ] {
  @@ D:\WWW\TP5.0\application\index\controller\Index.php 12 - 23
}

[ info ] [ DB ] INIT mysql
[ info ] [ LOG ] INIT File
[ sql ] [ DB ] CONNECT:[ UseTime:0.010000s ] mysql:dbname=tpshop1;host=127.0.0.1;charset=utf8
[ sql ] [ SQL ] SHOW COLUMNS FROM `tp_users` [ RunTime:0.006000s ]
[ sql ] [ SQL ] SELECT * FROM `tp_users` WHERE  `email` = 'tpshop@tpshop.cn'  AND `level` = 1  AND `user_id` = 1 ORDER BY `user_id`  desc     [ RunTime:0.001000s ]

---------------------------------------------------------------
[ 2016-10-21T14:17:37+08:00 ] 127.0.0.1 127.0.0.1 GET /index/index/test16
[ log ] www.tp5.com/index/index/test16 [运行时间：0.040000s][吞吐率：25.00req/s] [内存消耗：1,826.24kb] [文件加载：37]
[ info ] [ ROUTE ] array (
  'type' => 'module',
  'module' => 
  array (
    0 => 'index',
    1 => 'index',
    2 => 'test16',
  ),
)
[ info ] [ HEADER ] array (
  'cache-control' => 'max-age=0',
  'upgrade-insecure-requests' => '1',
  'connection' => 'close',
  'cookie' => 'pgv_pvi=4130327552; pgv_si=s129947648',
  'accept-encoding' => 'gzip, deflate',
  'accept-language' => 'zh-CN,zh;q=0.8,en-US;q=0.5,en;q=0.3',
  'accept' => 'text/html,application/xhtml+xml,application/xml;q=0.9,*/*;q=0.8',
  'user-agent' => 'Mozilla/5.0 (Windows NT 6.1; WOW64; rv:49.0) Gecko/20100101 Firefox/49.0',
  'host' => 'www.tp5.com',
)
[ info ] [ PARAM ] array (
)
[ info ] [ RUN ] Method [ <user> public method test16 ] {
  @@ D:\WWW\TP5.0\application\index\controller\Index.php 12 - 23
}

[ info ] [ DB ] INIT mysql
[ info ] [ LOG ] INIT File
[ sql ] [ DB ] CONNECT:[ UseTime:0.004000s ] mysql:dbname=tpshop1;host=127.0.0.1;charset=utf8
[ sql ] [ SQL ] SHOW COLUMNS FROM `tp_users` [ RunTime:0.004000s ]
[ sql ] [ SQL ] SELECT * FROM `tp_users` WHERE  `email` = 'tpshop@tpshop.cn'  AND `user_id` = 1    [ RunTime:0.000000s ]

---------------------------------------------------------------
[ 2016-10-21T14:18:13+08:00 ] 127.0.0.1 127.0.0.1 GET /index/index/test16
[ log ] www.tp5.com/index/index/test16 [运行时间：0.033000s][吞吐率：30.30req/s] [内存消耗：1,824.30kb] [文件加载：37]
[ info ] [ ROUTE ] array (
  'type' => 'module',
  'module' => 
  array (
    0 => 'index',
    1 => 'index',
    2 => 'test16',
  ),
)
[ info ] [ HEADER ] array (
  'cache-control' => 'max-age=0',
  'upgrade-insecure-requests' => '1',
  'connection' => 'close',
  'cookie' => 'pgv_pvi=4130327552; pgv_si=s129947648',
  'accept-encoding' => 'gzip, deflate',
  'accept-language' => 'zh-CN,zh;q=0.8,en-US;q=0.5,en;q=0.3',
  'accept' => 'text/html,application/xhtml+xml,application/xml;q=0.9,*/*;q=0.8',
  'user-agent' => 'Mozilla/5.0 (Windows NT 6.1; WOW64; rv:49.0) Gecko/20100101 Firefox/49.0',
  'host' => 'www.tp5.com',
)
[ info ] [ PARAM ] array (
)
[ info ] [ RUN ] Method [ <user> public method test16 ] {
  @@ D:\WWW\TP5.0\application\index\controller\Index.php 12 - 23
}

[ info ] [ DB ] INIT mysql
[ info ] [ LOG ] INIT File
[ sql ] [ DB ] CONNECT:[ UseTime:0.005000s ] mysql:dbname=tpshop1;host=127.0.0.1;charset=utf8
[ sql ] [ SQL ] SHOW COLUMNS FROM `tp_users` [ RunTime:0.008000s ]
[ sql ] [ SQL ] SELECT * FROM `tp_users` WHERE  `email` = 'tpshop@tpshop.cn'   [ RunTime:0.000000s ]

---------------------------------------------------------------
[ 2016-10-21T14:19:23+08:00 ] 127.0.0.1 127.0.0.1 GET /index/index/test16
[ log ] www.tp5.com/index/index/test16 [运行时间：0.034000s][吞吐率：29.41req/s] [内存消耗：1,825.45kb] [文件加载：37]
[ info ] [ ROUTE ] array (
  'type' => 'module',
  'module' => 
  array (
    0 => 'index',
    1 => 'index',
    2 => 'test16',
  ),
)
[ info ] [ HEADER ] array (
  'cache-control' => 'max-age=0',
  'upgrade-insecure-requests' => '1',
  'connection' => 'close',
  'cookie' => 'pgv_pvi=4130327552; pgv_si=s129947648',
  'accept-encoding' => 'gzip, deflate',
  'accept-language' => 'zh-CN,zh;q=0.8,en-US;q=0.5,en;q=0.3',
  'accept' => 'text/html,application/xhtml+xml,application/xml;q=0.9,*/*;q=0.8',
  'user-agent' => 'Mozilla/5.0 (Windows NT 6.1; WOW64; rv:49.0) Gecko/20100101 Firefox/49.0',
  'host' => 'www.tp5.com',
)
[ info ] [ PARAM ] array (
)
[ info ] [ RUN ] Method [ <user> public method test16 ] {
  @@ D:\WWW\TP5.0\application\index\controller\Index.php 12 - 23
}

[ info ] [ DB ] INIT mysql
[ info ] [ LOG ] INIT File
[ sql ] [ DB ] CONNECT:[ UseTime:0.010000s ] mysql:dbname=tpshop1;host=127.0.0.1;charset=utf8
[ sql ] [ SQL ] SHOW COLUMNS FROM `tp_users` [ RunTime:0.005000s ]
[ sql ] [ SQL ] SELECT * FROM `tp_users` WHERE  `email` = 'tpshop@tpshop.cn'  AND `level` = 1    [ RunTime:0.001000s ]

---------------------------------------------------------------
[ 2016-10-21T14:20:25+08:00 ] 127.0.0.1 127.0.0.1 GET /index/index/test16
[ log ] www.tp5.com/index/index/test16 [运行时间：0.047000s][吞吐率：21.28req/s] [内存消耗：1,825.04kb] [文件加载：37]
[ info ] [ ROUTE ] array (
  'type' => 'module',
  'module' => 
  array (
    0 => 'index',
    1 => 'index',
    2 => 'test16',
  ),
)
[ info ] [ HEADER ] array (
  'cache-control' => 'max-age=0',
  'upgrade-insecure-requests' => '1',
  'connection' => 'close',
  'cookie' => 'pgv_pvi=4130327552; pgv_si=s129947648',
  'accept-encoding' => 'gzip, deflate',
  'accept-language' => 'zh-CN,zh;q=0.8,en-US;q=0.5,en;q=0.3',
  'accept' => 'text/html,application/xhtml+xml,application/xml;q=0.9,*/*;q=0.8',
  'user-agent' => 'Mozilla/5.0 (Windows NT 6.1; WOW64; rv:49.0) Gecko/20100101 Firefox/49.0',
  'host' => 'www.tp5.com',
)
[ info ] [ PARAM ] array (
)
[ info ] [ RUN ] Method [ <user> public method test16 ] {
  @@ D:\WWW\TP5.0\application\index\controller\Index.php 12 - 23
}

[ info ] [ DB ] INIT mysql
[ info ] [ LOG ] INIT File
[ sql ] [ DB ] CONNECT:[ UseTime:0.010000s ] mysql:dbname=tpshop1;host=127.0.0.1;charset=utf8
[ sql ] [ SQL ] SHOW COLUMNS FROM `tp_users` [ RunTime:0.010000s ]
[ sql ] [ SQL ] SELECT * FROM `tp_users` WHERE  `email` = 'vip@dsads.com'   [ RunTime:0.000000s ]

---------------------------------------------------------------
[ 2016-10-21T14:23:04+08:00 ] 127.0.0.1 127.0.0.1 GET /index/index/test16
[ log ] www.tp5.com/index/index/test16 [运行时间：0.031000s][吞吐率：32.26req/s] [内存消耗：1,826.73kb] [文件加载：37]
[ info ] [ ROUTE ] array (
  'type' => 'module',
  'module' => 
  array (
    0 => 'index',
    1 => 'index',
    2 => 'test16',
  ),
)
[ info ] [ HEADER ] array (
  'cache-control' => 'max-age=0',
  'upgrade-insecure-requests' => '1',
  'connection' => 'close',
  'cookie' => 'pgv_pvi=4130327552; pgv_si=s129947648',
  'accept-encoding' => 'gzip, deflate',
  'accept-language' => 'zh-CN,zh;q=0.8,en-US;q=0.5,en;q=0.3',
  'accept' => 'text/html,application/xhtml+xml,application/xml;q=0.9,*/*;q=0.8',
  'user-agent' => 'Mozilla/5.0 (Windows NT 6.1; WOW64; rv:49.0) Gecko/20100101 Firefox/49.0',
  'host' => 'www.tp5.com',
)
[ info ] [ PARAM ] array (
)
[ info ] [ RUN ] Method [ <user> public method test16 ] {
  @@ D:\WWW\TP5.0\application\index\controller\Index.php 12 - 23
}

[ info ] [ DB ] INIT mysql
[ info ] [ LOG ] INIT File
[ sql ] [ DB ] CONNECT:[ UseTime:0.001000s ] mysql:dbname=tpshop1;host=127.0.0.1;charset=utf8
[ sql ] [ SQL ] SHOW COLUMNS FROM `tp_users` [ RunTime:0.005000s ]
[ sql ] [ SQL ] SELECT * FROM `tp_users` WHERE  `email` = 'tpshop@tpshop.cn'  AND `level` = 1 ORDER BY `user_id`  desc    [ RunTime:0.001000s ]

---------------------------------------------------------------
[ 2016-10-21T14:25:55+08:00 ] 127.0.0.1 127.0.0.1 GET /index/index/test16
[ log ] www.tp5.com/index/index/test16 [运行时间：0.028000s][吞吐率：35.71req/s] [内存消耗：1,827.67kb] [文件加载：37]
[ info ] [ ROUTE ] array (
  'type' => 'module',
  'module' => 
  array (
    0 => 'index',
    1 => 'index',
    2 => 'test16',
  ),
)
[ info ] [ HEADER ] array (
  'cache-control' => 'max-age=0',
  'upgrade-insecure-requests' => '1',
  'connection' => 'close',
  'cookie' => 'pgv_pvi=4130327552; pgv_si=s129947648',
  'accept-encoding' => 'gzip, deflate',
  'accept-language' => 'zh-CN,zh;q=0.8,en-US;q=0.5,en;q=0.3',
  'accept' => 'text/html,application/xhtml+xml,application/xml;q=0.9,*/*;q=0.8',
  'user-agent' => 'Mozilla/5.0 (Windows NT 6.1; WOW64; rv:49.0) Gecko/20100101 Firefox/49.0',
  'host' => 'www.tp5.com',
)
[ info ] [ PARAM ] array (
)
[ info ] [ RUN ] Method [ <user> public method test16 ] {
  @@ D:\WWW\TP5.0\application\index\controller\Index.php 12 - 23
}

[ info ] [ DB ] INIT mysql
[ info ] [ LOG ] INIT File
[ sql ] [ DB ] CONNECT:[ UseTime:0.001000s ] mysql:dbname=tpshop1;host=127.0.0.1;charset=utf8
[ sql ] [ SQL ] SHOW COLUMNS FROM `tp_users` [ RunTime:0.005000s ]
[ sql ] [ SQL ] SELECT * FROM `tp_users` WHERE  `email` = 'tpshop@tpshop.cn'  AND `level` = 1  AND `user_id` = 1 ORDER BY `user_id`  desc     [ RunTime:0.001000s ]

---------------------------------------------------------------
[ 2016-10-21T14:26:14+08:00 ] 127.0.0.1 127.0.0.1 GET /index/index/test16
[ log ] www.tp5.com/index/index/test16 [运行时间：0.039000s][吞吐率：25.64req/s] [内存消耗：1,828.80kb] [文件加载：37]
[ info ] [ ROUTE ] array (
  'type' => 'module',
  'module' => 
  array (
    0 => 'index',
    1 => 'index',
    2 => 'test16',
  ),
)
[ info ] [ HEADER ] array (
  'cache-control' => 'max-age=0',
  'upgrade-insecure-requests' => '1',
  'connection' => 'close',
  'cookie' => 'pgv_pvi=4130327552; pgv_si=s129947648',
  'accept-encoding' => 'gzip, deflate',
  'accept-language' => 'zh-CN,zh;q=0.8,en-US;q=0.5,en;q=0.3',
  'accept' => 'text/html,application/xhtml+xml,application/xml;q=0.9,*/*;q=0.8',
  'user-agent' => 'Mozilla/5.0 (Windows NT 6.1; WOW64; rv:49.0) Gecko/20100101 Firefox/49.0',
  'host' => 'www.tp5.com',
)
[ info ] [ PARAM ] array (
)
[ info ] [ RUN ] Method [ <user> public method test16 ] {
  @@ D:\WWW\TP5.0\application\index\controller\Index.php 12 - 23
}

[ info ] [ DB ] INIT mysql
[ info ] [ LOG ] INIT File
[ sql ] [ DB ] CONNECT:[ UseTime:0.012000s ] mysql:dbname=tpshop1;host=127.0.0.1;charset=utf8
[ sql ] [ SQL ] SHOW COLUMNS FROM `tp_users` [ RunTime:0.005000s ]
[ sql ] [ SQL ] SELECT * FROM `tp_users` WHERE  `email` = 'tpshop@tpshop.cn'  AND `user_id` = 1    [ RunTime:0.000000s ]
[ sql ] [ SQL ] SELECT * FROM `tp_users` WHERE  `email` = 'tpshop@tpshop.cn'  AND `level` = 1  AND `user_id` = 1 ORDER BY `user_id`  desc     [ RunTime:0.001000s ]

---------------------------------------------------------------
