[ 2016-09-29T16:21:48+08:00 ] 127.0.0.1 127.0.0.1 GET /
[ log ] www.tp5.com/ [运行时间：0.065575s][吞吐率：15.25req/s] [内存消耗：1,687.34kb] [文件加载：36]
[ info ] [ ROUTE ] array (
  'type' => 'module',
  'module' => 
  array (
    0 => '',
    1 => NULL,
    2 => NULL,
  ),
)
[ info ] [ HEADER ] array (
  'host' => 'www.tp5.com',
  'user-agent' => 'Mozilla/5.0 (Windows NT 6.1; WOW64; rv:42.0) Gecko/20100101 Firefox/42.0',
  'accept' => 'text/html,application/xhtml+xml,application/xml;q=0.9,*/*;q=0.8',
  'accept-language' => 'zh-CN,zh;q=0.8,en-US;q=0.5,en;q=0.3',
  'accept-encoding' => 'gzip, deflate',
  'cookie' => 'pgv_pvi=9797559296',
  'connection' => 'keep-alive',
)
[ info ] [ PARAM ] array (
)
[ info ] [ RUN ] Method [ <user> public method index ] {
  @@ D:\wamp\www\TP5.0\application\index\controller\Index.php 7 - 15

  - Parameters [1] {
    Parameter #0 [ <optional> $name = '张三' ]
  }
}

[ info ] [ DB ] INIT mysql
[ info ] [ VIEW ] D:\wamp\www\TP5.0\public/../application/index\view\index\index.html [ array (
  0 => 'name',
) ]
[ info ] [ LOG ] INIT File
[ sql ] [ DB ] CONNECT:[ UseTime:0.000956s ] mysql:dbname=tpshop;host=127.0.0.1;charset=utf8
[ sql ] [ SQL ] SHOW COLUMNS FROM `tp_users` [ RunTime:0.008620s ]
[ sql ] [ SQL ] SELECT * FROM `tp_users` LIMIT 1   [ RunTime:0.000643s ]

---------------------------------------------------------------
[ 2016-09-29T17:01:25+08:00 ] 127.0.0.1 127.0.0.1 GET /
[ log ] www.tp5.com/ [运行时间：0.041739s][吞吐率：23.96req/s] [内存消耗：892.84kb] [文件加载：29]
[ info ] [ ROUTE ] array (
  'type' => 'module',
  'module' => 
  array (
    0 => '',
    1 => NULL,
    2 => NULL,
  ),
)
[ info ] [ HEADER ] array (
  'host' => 'www.tp5.com',
  'user-agent' => 'Mozilla/5.0 (Windows NT 6.1; WOW64; rv:42.0) Gecko/20100101 Firefox/42.0',
  'accept' => 'text/html,application/xhtml+xml,application/xml;q=0.9,*/*;q=0.8',
  'accept-language' => 'zh-CN,zh;q=0.8,en-US;q=0.5,en;q=0.3',
  'accept-encoding' => 'gzip, deflate',
  'cookie' => 'pgv_pvi=9797559296',
  'connection' => 'keep-alive',
  'cache-control' => 'max-age=0',
)
[ info ] [ PARAM ] array (
)
[ info ] [ LANG ] D:\wamp\www\TP5.0\thinkphp\lang\zh-cn.php
[ info ] [ LANG ] D:\wamp\www\TP5.0\thinkphp\lang\zh-cn.php
[ info ] [ LOG ] INIT File
[ error ] [1]Class 'app\index\controller\Controller' not found[D:\wamp\www\TP5.0\application\index\controller\Index.php:6]

---------------------------------------------------------------
[ 2016-09-29T17:01:37+08:00 ] 127.0.0.1 127.0.0.1 GET /
[ log ] www.tp5.com/ [运行时间：0.022479s][吞吐率：44.49req/s] [内存消耗：1,051.41kb] [文件加载：28]
[ info ] [ ROUTE ] array (
  'type' => 'module',
  'module' => 
  array (
    0 => '',
    1 => NULL,
    2 => NULL,
  ),
)
[ info ] [ HEADER ] array (
  'host' => 'www.tp5.com',
  'user-agent' => 'Mozilla/5.0 (Windows NT 6.1; WOW64; rv:42.0) Gecko/20100101 Firefox/42.0',
  'accept' => 'text/html,application/xhtml+xml,application/xml;q=0.9,*/*;q=0.8',
  'accept-language' => 'zh-CN,zh;q=0.8,en-US;q=0.5,en;q=0.3',
  'accept-encoding' => 'gzip, deflate',
  'cookie' => 'pgv_pvi=9797559296; think_var=zh-cn',
  'connection' => 'keep-alive',
  'cache-control' => 'max-age=0',
)
[ info ] [ PARAM ] array (
)
[ info ] [ RUN ] Method [ <user> public method index ] {
  @@ D:\wamp\www\TP5.0\application\index\controller\Index.php 7 - 15

  - Parameters [1] {
    Parameter #0 [ <optional> $name = '张三' ]
  }
}

[ info ] [ LOG ] INIT File

---------------------------------------------------------------
[ 2016-09-29T17:02:58+08:00 ] 127.0.0.1 127.0.0.1 GET /
[ log ] www.tp5.com/ [运行时间：0.024382s][吞吐率：41.01req/s] [内存消耗：1,052.45kb] [文件加载：28]
[ info ] [ ROUTE ] array (
  'type' => 'module',
  'module' => 
  array (
    0 => '',
    1 => NULL,
    2 => NULL,
  ),
)
[ info ] [ HEADER ] array (
  'host' => 'www.tp5.com',
  'user-agent' => 'Mozilla/5.0 (Windows NT 6.1; WOW64; rv:42.0) Gecko/20100101 Firefox/42.0',
  'accept' => 'text/html,application/xhtml+xml,application/xml;q=0.9,*/*;q=0.8',
  'accept-language' => 'zh-CN,zh;q=0.8,en-US;q=0.5,en;q=0.3',
  'accept-encoding' => 'gzip, deflate',
  'cookie' => 'pgv_pvi=9797559296; think_var=zh-cn',
  'connection' => 'keep-alive',
  'cache-control' => 'max-age=0',
)
[ info ] [ PARAM ] array (
)
[ info ] [ RUN ] Method [ <user> public method index ] {
  @@ D:\wamp\www\TP5.0\application\index\controller\Index.php 7 - 16

  - Parameters [1] {
    Parameter #0 [ <optional> $name = '张三' ]
  }
}

[ info ] [ LOG ] INIT File

---------------------------------------------------------------
[ 2016-09-29T17:04:24+08:00 ] 127.0.0.1 127.0.0.1 GET /Index/index/index
[ log ] www.tp5.com/Index/index/index [运行时间：0.024237s][吞吐率：41.26req/s] [内存消耗：1,052.59kb] [文件加载：28]
[ info ] [ ROUTE ] array (
  'type' => 'module',
  'module' => 
  array (
    0 => 'Index',
    1 => 'index',
    2 => 'index',
  ),
)
[ info ] [ HEADER ] array (
  'host' => 'www.tp5.com',
  'user-agent' => 'Mozilla/5.0 (Windows NT 6.1; WOW64; rv:42.0) Gecko/20100101 Firefox/42.0',
  'accept' => 'text/html,application/xhtml+xml,application/xml;q=0.9,*/*;q=0.8',
  'accept-language' => 'zh-CN,zh;q=0.8,en-US;q=0.5,en;q=0.3',
  'accept-encoding' => 'gzip, deflate',
  'cookie' => 'pgv_pvi=9797559296; think_var=zh-cn; pgv_si=s3221448704',
  'connection' => 'keep-alive',
)
[ info ] [ PARAM ] array (
)
[ info ] [ RUN ] Method [ <user> public method index ] {
  @@ D:\wamp\www\TP5.0\application\index\controller\Index.php 7 - 16

  - Parameters [1] {
    Parameter #0 [ <optional> $name = '张三' ]
  }
}

[ info ] [ LOG ] INIT File

---------------------------------------------------------------
[ 2016-09-29T17:07:48+08:00 ] 127.0.0.1 127.0.0.1 GET /admin/index/index
[ log ] www.tp5.com/admin/index/index [运行时间：0.050771s][吞吐率：19.70req/s] [内存消耗：1,689.59kb] [文件加载：36]
[ info ] [ ROUTE ] array (
  'type' => 'module',
  'module' => 
  array (
    0 => 'admin',
    1 => 'index',
    2 => 'index',
  ),
)
[ info ] [ HEADER ] array (
  'host' => 'www.tp5.com',
  'user-agent' => 'Mozilla/5.0 (Windows NT 6.1; WOW64; rv:42.0) Gecko/20100101 Firefox/42.0',
  'accept' => 'text/html,application/xhtml+xml,application/xml;q=0.9,*/*;q=0.8',
  'accept-language' => 'zh-CN,zh;q=0.8,en-US;q=0.5,en;q=0.3',
  'accept-encoding' => 'gzip, deflate',
  'cookie' => 'pgv_pvi=9797559296; think_var=zh-cn; pgv_si=s3221448704',
  'connection' => 'keep-alive',
)
[ info ] [ PARAM ] array (
)
[ info ] [ RUN ] Method [ <user> public method index ] {
  @@ D:\wamp\www\TP5.0\application\admin\controller\Index.php 8 - 19

  - Parameters [1] {
    Parameter #0 [ <optional> $name = '张三' ]
  }
}

[ info ] [ DB ] INIT mysql
[ info ] [ VIEW ] D:\wamp\www\TP5.0\public/../application/admin\view\index\index.html [ array (
  0 => 'name',
) ]
[ info ] [ LOG ] INIT File
[ sql ] [ DB ] CONNECT:[ UseTime:0.010632s ] mysql:dbname=tpshop;host=127.0.0.1;charset=utf8
[ sql ] [ SQL ] SHOW COLUMNS FROM `tp_users` [ RunTime:0.007607s ]
[ sql ] [ SQL ] SELECT * FROM `tp_users` LIMIT 1   [ RunTime:0.000575s ]

---------------------------------------------------------------
[ 2016-09-29T17:08:02+08:00 ] 127.0.0.1 127.0.0.1 GET /admin/index2/index2
[ log ] www.tp5.com/admin/index2/index2 [运行时间：0.035864s][吞吐率：27.88req/s] [内存消耗：928.88kb] [文件加载：30]
[ info ] [ ROUTE ] array (
  'type' => 'module',
  'module' => 
  array (
    0 => 'admin',
    1 => 'index2',
    2 => 'index2',
  ),
)
[ info ] [ HEADER ] array (
  'host' => 'www.tp5.com',
  'user-agent' => 'Mozilla/5.0 (Windows NT 6.1; WOW64; rv:42.0) Gecko/20100101 Firefox/42.0',
  'accept' => 'text/html,application/xhtml+xml,application/xml;q=0.9,*/*;q=0.8',
  'accept-language' => 'zh-CN,zh;q=0.8,en-US;q=0.5,en;q=0.3',
  'accept-encoding' => 'gzip, deflate',
  'cookie' => 'pgv_pvi=9797559296; think_var=zh-cn; pgv_si=s3221448704',
  'connection' => 'keep-alive',
)
[ info ] [ PARAM ] array (
)
[ info ] [ LANG ] D:\wamp\www\TP5.0\thinkphp\lang\zh-cn.php
[ info ] [ LOG ] INIT File

---------------------------------------------------------------
[ 2016-09-29T17:08:44+08:00 ] 127.0.0.1 127.0.0.1 GET /admin/index2/index2
[ log ] www.tp5.com/admin/index2/index2 [运行时间：0.032407s][吞吐率：30.86req/s] [内存消耗：1,051.91kb] [文件加载：28]
[ info ] [ ROUTE ] array (
  'type' => 'module',
  'module' => 
  array (
    0 => 'admin',
    1 => 'index2',
    2 => 'index2',
  ),
)
[ info ] [ HEADER ] array (
  'host' => 'www.tp5.com',
  'user-agent' => 'Mozilla/5.0 (Windows NT 6.1; WOW64; rv:42.0) Gecko/20100101 Firefox/42.0',
  'accept' => 'text/html,application/xhtml+xml,application/xml;q=0.9,*/*;q=0.8',
  'accept-language' => 'zh-CN,zh;q=0.8,en-US;q=0.5,en;q=0.3',
  'accept-encoding' => 'gzip, deflate',
  'cookie' => 'pgv_pvi=9797559296; think_var=zh-cn; pgv_si=s3221448704',
  'connection' => 'keep-alive',
  'cache-control' => 'max-age=0',
)
[ info ] [ PARAM ] array (
)
[ info ] [ RUN ] Method [ <user> public method index2 ] {
  @@ D:\wamp\www\TP5.0\application\admin\controller\Index2.php 9 - 12
}

[ info ] [ LOG ] INIT File

---------------------------------------------------------------
[ 2016-09-29T17:13:05+08:00 ] 127.0.0.1 127.0.0.1 GET /admin/index2/index2
[ log ] www.tp5.com/admin/index2/index2 [运行时间：0.035040s][吞吐率：28.54req/s] [内存消耗：1,051.91kb] [文件加载：28]
[ info ] [ ROUTE ] array (
  'type' => 'module',
  'module' => 
  array (
    0 => 'admin',
    1 => 'index2',
    2 => 'index2',
  ),
)
[ info ] [ HEADER ] array (
  'host' => 'www.tp5.com',
  'user-agent' => 'Mozilla/5.0 (Windows NT 6.1; WOW64; rv:42.0) Gecko/20100101 Firefox/42.0',
  'accept' => 'text/html,application/xhtml+xml,application/xml;q=0.9,*/*;q=0.8',
  'accept-language' => 'zh-CN,zh;q=0.8,en-US;q=0.5,en;q=0.3',
  'accept-encoding' => 'gzip, deflate',
  'cookie' => 'pgv_pvi=9797559296; think_var=zh-cn; pgv_si=s3221448704',
  'connection' => 'keep-alive',
  'cache-control' => 'max-age=0',
)
[ info ] [ PARAM ] array (
)
[ info ] [ RUN ] Method [ <user> public method index2 ] {
  @@ D:\wamp\www\TP5.0\application\admin\controller\Index2.php 9 - 12
}

[ info ] [ LOG ] INIT File

---------------------------------------------------------------
[ 2016-09-29T17:13:19+08:00 ] 127.0.0.1 127.0.0.1 GET /admin/index3/index3
[ log ] www.tp5.com/admin/index3/index3 [运行时间：0.022271s][吞吐率：44.90req/s] [内存消耗：1,051.80kb] [文件加载：28]
[ info ] [ ROUTE ] array (
  'type' => 'module',
  'module' => 
  array (
    0 => 'admin',
    1 => 'index3',
    2 => 'index3',
  ),
)
[ info ] [ HEADER ] array (
  'host' => 'www.tp5.com',
  'user-agent' => 'Mozilla/5.0 (Windows NT 6.1; WOW64; rv:42.0) Gecko/20100101 Firefox/42.0',
  'accept' => 'text/html,application/xhtml+xml,application/xml;q=0.9,*/*;q=0.8',
  'accept-language' => 'zh-CN,zh;q=0.8,en-US;q=0.5,en;q=0.3',
  'accept-encoding' => 'gzip, deflate',
  'cookie' => 'pgv_pvi=9797559296; think_var=zh-cn; pgv_si=s3221448704',
  'connection' => 'keep-alive',
)
[ info ] [ PARAM ] array (
)
[ info ] [ RUN ] Method [ <user> public method index3 ] {
  @@ D:\wamp\www\TP5.0\application\admin\controller\Index3.php 12 - 15
}

[ info ] [ LOG ] INIT File

---------------------------------------------------------------
[ 2016-09-29T17:13:26+08:00 ] 127.0.0.1 127.0.0.1 GET /admin/index3/index3
[ log ] www.tp5.com/admin/index3/index3 [运行时间：0.036523s][吞吐率：27.38req/s] [内存消耗：1,051.80kb] [文件加载：28]
[ info ] [ ROUTE ] array (
  'type' => 'module',
  'module' => 
  array (
    0 => 'admin',
    1 => 'index3',
    2 => 'index3',
  ),
)
[ info ] [ HEADER ] array (
  'host' => 'www.tp5.com',
  'user-agent' => 'Mozilla/5.0 (Windows NT 6.1; WOW64; rv:42.0) Gecko/20100101 Firefox/42.0',
  'accept' => 'text/html,application/xhtml+xml,application/xml;q=0.9,*/*;q=0.8',
  'accept-language' => 'zh-CN,zh;q=0.8,en-US;q=0.5,en;q=0.3',
  'accept-encoding' => 'gzip, deflate',
  'cookie' => 'pgv_pvi=9797559296; think_var=zh-cn; pgv_si=s3221448704',
  'connection' => 'keep-alive',
)
[ info ] [ PARAM ] array (
)
[ info ] [ RUN ] Method [ <user> public method index3 ] {
  @@ D:\wamp\www\TP5.0\application\admin\controller\Index3.php 12 - 15
}

[ info ] [ LOG ] INIT File

---------------------------------------------------------------
[ 2016-09-29T17:14:28+08:00 ] 127.0.0.1 127.0.0.1 GET /admin/index/index
[ log ] www.tp5.com/admin/index/index [运行时间：0.047285s][吞吐率：21.15req/s] [内存消耗：1,689.59kb] [文件加载：36]
[ info ] [ ROUTE ] array (
  'type' => 'module',
  'module' => 
  array (
    0 => 'admin',
    1 => 'index',
    2 => 'index',
  ),
)
[ info ] [ HEADER ] array (
  'host' => 'www.tp5.com',
  'user-agent' => 'Mozilla/5.0 (Windows NT 6.1; WOW64; rv:42.0) Gecko/20100101 Firefox/42.0',
  'accept' => 'text/html,application/xhtml+xml,application/xml;q=0.9,*/*;q=0.8',
  'accept-language' => 'zh-CN,zh;q=0.8,en-US;q=0.5,en;q=0.3',
  'accept-encoding' => 'gzip, deflate',
  'cookie' => 'pgv_pvi=9797559296; think_var=zh-cn; pgv_si=s3221448704',
  'connection' => 'keep-alive',
)
[ info ] [ PARAM ] array (
)
[ info ] [ RUN ] Method [ <user> public method index ] {
  @@ D:\wamp\www\TP5.0\application\admin\controller\Index.php 8 - 19

  - Parameters [1] {
    Parameter #0 [ <optional> $name = '张三' ]
  }
}

[ info ] [ DB ] INIT mysql
[ info ] [ VIEW ] D:\wamp\www\TP5.0\public/../application/admin\view\index\index.html [ array (
  0 => 'name',
) ]
[ info ] [ LOG ] INIT File
[ sql ] [ DB ] CONNECT:[ UseTime:0.009933s ] mysql:dbname=tpshop;host=127.0.0.1;charset=utf8
[ sql ] [ SQL ] SHOW COLUMNS FROM `tp_users` [ RunTime:0.006043s ]
[ sql ] [ SQL ] SELECT * FROM `tp_users` LIMIT 1   [ RunTime:0.000659s ]

---------------------------------------------------------------
[ 2016-09-29T17:14:40+08:00 ] 127.0.0.1 127.0.0.1 GET /admin/index/index
[ log ] www.tp5.com/admin/index/index [运行时间：0.066079s][吞吐率：15.13req/s] [内存消耗：1,689.41kb] [文件加载：36]
[ info ] [ ROUTE ] array (
  'type' => 'module',
  'module' => 
  array (
    0 => 'admin',
    1 => 'index',
    2 => 'index',
  ),
)
[ info ] [ HEADER ] array (
  'host' => 'www.tp5.com',
  'user-agent' => 'Mozilla/5.0 (Windows NT 6.1; WOW64; rv:42.0) Gecko/20100101 Firefox/42.0',
  'accept' => 'text/html,application/xhtml+xml,application/xml;q=0.9,*/*;q=0.8',
  'accept-language' => 'zh-CN,zh;q=0.8,en-US;q=0.5,en;q=0.3',
  'accept-encoding' => 'gzip, deflate',
  'cookie' => 'pgv_pvi=9797559296; think_var=zh-cn; pgv_si=s3221448704',
  'connection' => 'keep-alive',
  'cache-control' => 'max-age=0',
)
[ info ] [ PARAM ] array (
)
[ info ] [ RUN ] Method [ <user> public method index ] {
  @@ D:\wamp\www\TP5.0\application\admin\controller\Index.php 8 - 19

  - Parameters [1] {
    Parameter #0 [ <optional> $name = '张三' ]
  }
}

[ info ] [ DB ] INIT mysql
[ info ] [ VIEW ] D:\wamp\www\TP5.0\public/../application/admin\view\index\index.html [ array (
  0 => 'name',
) ]
[ info ] [ LOG ] INIT File
[ sql ] [ DB ] CONNECT:[ UseTime:0.009983s ] mysql:dbname=tpshop;host=127.0.0.1;charset=utf8
[ sql ] [ SQL ] SHOW COLUMNS FROM `tp_users` [ RunTime:0.006906s ]
[ sql ] [ SQL ] SELECT * FROM `tp_users` LIMIT 1   [ RunTime:0.000612s ]

---------------------------------------------------------------
[ 2016-09-29T17:14:50+08:00 ] 127.0.0.1 127.0.0.1 GET /admin/index/index/aa/11/bb/22/cc/333
[ log ] www.tp5.com/admin/index/index/aa/11/bb/22/cc/333 [运行时间：0.048632s][吞吐率：20.56req/s] [内存消耗：1,689.94kb] [文件加载：36]
[ info ] [ ROUTE ] array (
  'type' => 'module',
  'module' => 
  array (
    0 => 'admin',
    1 => 'index',
    2 => 'index',
  ),
)
[ info ] [ HEADER ] array (
  'host' => 'www.tp5.com',
  'user-agent' => 'Mozilla/5.0 (Windows NT 6.1; WOW64; rv:42.0) Gecko/20100101 Firefox/42.0',
  'accept' => 'text/html,application/xhtml+xml,application/xml;q=0.9,*/*;q=0.8',
  'accept-language' => 'zh-CN,zh;q=0.8,en-US;q=0.5,en;q=0.3',
  'accept-encoding' => 'gzip, deflate',
  'cookie' => 'pgv_pvi=9797559296; think_var=zh-cn; pgv_si=s3221448704',
  'connection' => 'keep-alive',
)
[ info ] [ PARAM ] array (
  'aa' => '11',
  'bb' => '22',
  'cc' => '333',
)
[ info ] [ RUN ] Method [ <user> public method index ] {
  @@ D:\wamp\www\TP5.0\application\admin\controller\Index.php 8 - 19

  - Parameters [1] {
    Parameter #0 [ <optional> $name = '张三' ]
  }
}

[ info ] [ DB ] INIT mysql
[ info ] [ VIEW ] D:\wamp\www\TP5.0\public/../application/admin\view\index\index.html [ array (
  0 => 'name',
) ]
[ info ] [ LOG ] INIT File
[ sql ] [ DB ] CONNECT:[ UseTime:0.009991s ] mysql:dbname=tpshop;host=127.0.0.1;charset=utf8
[ sql ] [ SQL ] SHOW COLUMNS FROM `tp_users` [ RunTime:0.006147s ]
[ sql ] [ SQL ] SELECT * FROM `tp_users` LIMIT 1   [ RunTime:0.000809s ]

---------------------------------------------------------------
[ 2016-09-29T17:36:04+08:00 ] 127.0.0.1 127.0.0.1 GET /admin/index/index/aa/11/bb/22/cc/333
[ log ] www.tp5.com/admin/index/index/aa/11/bb/22/cc/333 [运行时间：0.065015s][吞吐率：15.38req/s] [内存消耗：1,690.07kb] [文件加载：36]
[ info ] [ ROUTE ] array (
  'type' => 'module',
  'module' => 
  array (
    0 => 'admin',
    1 => 'index',
    2 => 'index',
  ),
)
[ info ] [ HEADER ] array (
  'host' => 'www.tp5.com',
  'user-agent' => 'Mozilla/5.0 (Windows NT 6.1; WOW64; rv:42.0) Gecko/20100101 Firefox/42.0',
  'accept' => 'text/html,application/xhtml+xml,application/xml;q=0.9,*/*;q=0.8',
  'accept-language' => 'zh-CN,zh;q=0.8,en-US;q=0.5,en;q=0.3',
  'accept-encoding' => 'gzip, deflate',
  'cookie' => 'pgv_pvi=9797559296; think_var=zh-cn; pgv_si=s3221448704',
  'connection' => 'keep-alive',
  'cache-control' => 'max-age=0',
)
[ info ] [ PARAM ] array (
  'aa' => '11',
  'bb' => '22',
  'cc' => '333',
)
[ info ] [ RUN ] Method [ <user> public method index ] {
  @@ D:\wamp\www\TP5.0\application\admin\controller\Index.php 8 - 17

  - Parameters [1] {
    Parameter #0 [ <optional> $name = '张三' ]
  }
}

[ info ] [ DB ] INIT mysql
[ info ] [ VIEW ] D:\wamp\www\TP5.0\public/../application/admin\view\index\index.html [ array (
  0 => 'name',
) ]
[ info ] [ LOG ] INIT File
[ sql ] [ DB ] CONNECT:[ UseTime:0.009698s ] mysql:dbname=tpshop;host=127.0.0.1;charset=utf8
[ sql ] [ SQL ] SHOW COLUMNS FROM `tp_users` [ RunTime:0.007021s ]
[ sql ] [ SQL ] SELECT * FROM `tp_users` LIMIT 1   [ RunTime:0.000633s ]

---------------------------------------------------------------
[ 2016-09-29T17:53:19+08:00 ] 127.0.0.1 127.0.0.1 GET /admin/index2/index2/aa/11/bb/22/cc/333
[ log ] www.tp5.com/admin/index2/index2/aa/11/bb/22/cc/333 [运行时间：0.033870s][吞吐率：29.52req/s] [内存消耗：1,052.50kb] [文件加载：28]
[ info ] [ ROUTE ] array (
  'type' => 'module',
  'module' => 
  array (
    0 => 'admin',
    1 => 'index2',
    2 => 'index2',
  ),
)
[ info ] [ HEADER ] array (
  'host' => 'www.tp5.com',
  'user-agent' => 'Mozilla/5.0 (Windows NT 6.1; WOW64; rv:42.0) Gecko/20100101 Firefox/42.0',
  'accept' => 'text/html,application/xhtml+xml,application/xml;q=0.9,*/*;q=0.8',
  'accept-language' => 'zh-CN,zh;q=0.8,en-US;q=0.5,en;q=0.3',
  'accept-encoding' => 'gzip, deflate',
  'cookie' => 'pgv_pvi=9797559296; think_var=zh-cn; pgv_si=s3221448704',
  'connection' => 'keep-alive',
)
[ info ] [ PARAM ] array (
  'aa' => '11',
  'bb' => '22',
  'cc' => '333',
)
[ info ] [ RUN ] Method [ <user> public method index2 ] {
  @@ D:\wamp\www\TP5.0\application\admin\controller\Index2.php 9 - 12
}

[ info ] [ LOG ] INIT File

---------------------------------------------------------------
[ 2016-09-29T18:00:14+08:00 ] 127.0.0.1 127.0.0.1 GET /admin/index2/index2/aa/11/bb/22/cc/333
[ log ] www.tp5.com/admin/index2/index2/aa/11/bb/22/cc/333 [运行时间：0.031099s][吞吐率：32.16req/s] [内存消耗：1,052.55kb] [文件加载：28]
[ info ] [ ROUTE ] array (
  'type' => 'module',
  'module' => 
  array (
    0 => 'admin',
    1 => 'index2',
    2 => 'index2',
  ),
)
[ info ] [ HEADER ] array (
  'host' => 'www.tp5.com',
  'user-agent' => 'Mozilla/5.0 (Windows NT 6.1; WOW64; rv:42.0) Gecko/20100101 Firefox/42.0',
  'accept' => 'text/html,application/xhtml+xml,application/xml;q=0.9,*/*;q=0.8',
  'accept-language' => 'zh-CN,zh;q=0.8,en-US;q=0.5,en;q=0.3',
  'accept-encoding' => 'gzip, deflate',
  'cookie' => 'pgv_pvi=9797559296; think_var=zh-cn; pgv_si=s3221448704',
  'connection' => 'keep-alive',
  'cache-control' => 'max-age=0',
)
[ info ] [ PARAM ] array (
  'aa' => '11',
  'bb' => '22',
  'cc' => '333',
)
[ info ] [ RUN ] Method [ <user> public method index2 ] {
  @@ D:\wamp\www\TP5.0\application\admin\controller\Index2.php 9 - 12
}

[ info ] [ LOG ] INIT File

---------------------------------------------------------------
[ 2016-09-29T18:01:23+08:00 ] 127.0.0.1 127.0.0.1 GET /admin/index/index2/aa/11/bb/22/cc/333
[ log ] www.tp5.com/admin/index/index2/aa/11/bb/22/cc/333 [运行时间：0.034295s][吞吐率：29.16req/s] [内存消耗：1,054.88kb] [文件加载：28]
[ info ] [ ROUTE ] array (
  'type' => 'module',
  'module' => 
  array (
    0 => 'admin',
    1 => 'index',
    2 => 'index2',
  ),
)
[ info ] [ HEADER ] array (
  'host' => 'www.tp5.com',
  'user-agent' => 'Mozilla/5.0 (Windows NT 6.1; WOW64; rv:42.0) Gecko/20100101 Firefox/42.0',
  'accept' => 'text/html,application/xhtml+xml,application/xml;q=0.9,*/*;q=0.8',
  'accept-language' => 'zh-CN,zh;q=0.8,en-US;q=0.5,en;q=0.3',
  'accept-encoding' => 'gzip, deflate',
  'cookie' => 'pgv_pvi=9797559296; think_var=zh-cn; pgv_si=s3221448704',
  'connection' => 'keep-alive',
)
[ info ] [ PARAM ] array (
  'aa' => '11',
  'bb' => '22',
  'cc' => '333',
)
[ info ] [ RUN ] Method [ <user> public method index2 ] {
  @@ D:\wamp\www\TP5.0\application\admin\controller\Index.php 17 - 20

  - Parameters [1] {
    Parameter #0 [ <optional> $name = '张三' ]
  }
}

[ info ] [ LOG ] INIT File

---------------------------------------------------------------
[ 2016-09-29T18:01:29+08:00 ] 127.0.0.1 127.0.0.1 GET /admin/index/index/aa/11/bb/22/cc/333
[ log ] www.tp5.com/admin/index/index/aa/11/bb/22/cc/333 [运行时间：0.041583s][吞吐率：24.05req/s] [内存消耗：1,689.59kb] [文件加载：36]
[ info ] [ ROUTE ] array (
  'type' => 'module',
  'module' => 
  array (
    0 => 'admin',
    1 => 'index',
    2 => 'index',
  ),
)
[ info ] [ HEADER ] array (
  'host' => 'www.tp5.com',
  'user-agent' => 'Mozilla/5.0 (Windows NT 6.1; WOW64; rv:42.0) Gecko/20100101 Firefox/42.0',
  'accept' => 'text/html,application/xhtml+xml,application/xml;q=0.9,*/*;q=0.8',
  'accept-language' => 'zh-CN,zh;q=0.8,en-US;q=0.5,en;q=0.3',
  'accept-encoding' => 'gzip, deflate',
  'cookie' => 'pgv_pvi=9797559296; pgv_si=s3221448704',
  'connection' => 'keep-alive',
)
[ info ] [ PARAM ] array (
  'aa' => '11',
  'bb' => '22',
  'cc' => '333',
)
[ info ] [ RUN ] Method [ <user> public method index ] {
  @@ D:\wamp\www\TP5.0\application\admin\controller\Index.php 8 - 15

  - Parameters [1] {
    Parameter #0 [ <optional> $name = '张三' ]
  }
}

[ info ] [ DB ] INIT mysql
[ info ] [ VIEW ] D:\wamp\www\TP5.0\public/../application/admin\view\index\index.html [ array (
  0 => 'name',
) ]
[ info ] [ LOG ] INIT File
[ sql ] [ DB ] CONNECT:[ UseTime:0.000908s ] mysql:dbname=tpshop;host=127.0.0.1;charset=utf8
[ sql ] [ SQL ] SHOW COLUMNS FROM `tp_users` [ RunTime:0.007848s ]
[ sql ] [ SQL ] SELECT * FROM `tp_users` LIMIT 1   [ RunTime:0.000830s ]

---------------------------------------------------------------
[ 2016-09-29T18:01:36+08:00 ] 127.0.0.1 127.0.0.1 GET /admin/index/index/aa/11/bb/22/cc/333
[ log ] www.tp5.com/admin/index/index/aa/11/bb/22/cc/333 [运行时间：0.069004s][吞吐率：14.49req/s] [内存消耗：1,826.65kb] [文件加载：38]
[ info ] [ ROUTE ] array (
  'type' => 'module',
  'module' => 
  array (
    0 => 'admin',
    1 => 'index',
    2 => 'index',
  ),
)
[ info ] [ HEADER ] array (
  'host' => 'www.tp5.com',
  'user-agent' => 'Mozilla/5.0 (Windows NT 6.1; WOW64; rv:42.0) Gecko/20100101 Firefox/42.0',
  'accept' => 'text/html,application/xhtml+xml,application/xml;q=0.9,*/*;q=0.8',
  'accept-language' => 'zh-CN,zh;q=0.8,en-US;q=0.5,en;q=0.3',
  'accept-encoding' => 'gzip, deflate',
  'cookie' => 'pgv_pvi=9797559296; pgv_si=s3221448704',
  'connection' => 'keep-alive',
  'cache-control' => 'max-age=0',
)
[ info ] [ PARAM ] array (
  'aa' => '11',
  'bb' => '22',
  'cc' => '333',
)
[ info ] [ RUN ] Method [ <user> public method index ] {
  @@ D:\wamp\www\TP5.0\application\admin\controller\Index.php 8 - 15

  - Parameters [1] {
    Parameter #0 [ <optional> $name = '张三' ]
  }
}

[ info ] [ DB ] INIT mysql
[ info ] [ VIEW ] D:\wamp\www\TP5.0\public/../application/admin\view\index\index2.html [ array (
  0 => 'name',
) ]
[ info ] [ LOG ] INIT File
[ sql ] [ DB ] CONNECT:[ UseTime:0.009910s ] mysql:dbname=tpshop;host=127.0.0.1;charset=utf8
[ sql ] [ SQL ] SHOW COLUMNS FROM `tp_users` [ RunTime:0.007928s ]
[ sql ] [ SQL ] SELECT * FROM `tp_users` LIMIT 1   [ RunTime:0.000679s ]

---------------------------------------------------------------
[ 2016-09-29T18:03:23+08:00 ] 127.0.0.1 127.0.0.1 GET /admin/index/index/aa/11/bb/22/cc/333
[ log ] www.tp5.com/admin/index/index/aa/11/bb/22/cc/333 [运行时间：0.057668s][吞吐率：17.34req/s] [内存消耗：1,689.64kb] [文件加载：36]
[ info ] [ ROUTE ] array (
  'type' => 'module',
  'module' => 
  array (
    0 => 'admin',
    1 => 'index',
    2 => 'index',
  ),
)
[ info ] [ HEADER ] array (
  'host' => 'www.tp5.com',
  'user-agent' => 'Mozilla/5.0 (Windows NT 6.1; WOW64; rv:42.0) Gecko/20100101 Firefox/42.0',
  'accept' => 'text/html,application/xhtml+xml,application/xml;q=0.9,*/*;q=0.8',
  'accept-language' => 'zh-CN,zh;q=0.8,en-US;q=0.5,en;q=0.3',
  'accept-encoding' => 'gzip, deflate',
  'cookie' => 'pgv_pvi=9797559296; pgv_si=s3221448704',
  'connection' => 'keep-alive',
  'cache-control' => 'max-age=0',
)
[ info ] [ PARAM ] array (
  'aa' => '11',
  'bb' => '22',
  'cc' => '333',
)
[ info ] [ RUN ] Method [ <user> public method index ] {
  @@ D:\wamp\www\TP5.0\application\admin\controller\Index.php 8 - 15

  - Parameters [1] {
    Parameter #0 [ <optional> $name = '张三' ]
  }
}

[ info ] [ DB ] INIT mysql
[ info ] [ VIEW ] D:\wamp\www\TP5.0\public/../application/admin\view\index\index2.html [ array (
  0 => 'name',
) ]
[ info ] [ LOG ] INIT File
[ sql ] [ DB ] CONNECT:[ UseTime:0.009570s ] mysql:dbname=tpshop;host=127.0.0.1;charset=utf8
[ sql ] [ SQL ] SHOW COLUMNS FROM `tp_users` [ RunTime:0.007427s ]
[ sql ] [ SQL ] SELECT * FROM `tp_users` LIMIT 1   [ RunTime:0.000569s ]

---------------------------------------------------------------
[ 2016-09-29T18:04:58+08:00 ] 127.0.0.1 127.0.0.1 GET /admin/index/index/aa/11/bb/22/cc/333
[ log ] www.tp5.com/admin/index/index/aa/11/bb/22/cc/333 [运行时间：0.061923s][吞吐率：16.15req/s] [内存消耗：1,826.65kb] [文件加载：38]
[ info ] [ ROUTE ] array (
  'type' => 'module',
  'module' => 
  array (
    0 => 'admin',
    1 => 'index',
    2 => 'index',
  ),
)
[ info ] [ HEADER ] array (
  'host' => 'www.tp5.com',
  'user-agent' => 'Mozilla/5.0 (Windows NT 6.1; WOW64; rv:42.0) Gecko/20100101 Firefox/42.0',
  'accept' => 'text/html,application/xhtml+xml,application/xml;q=0.9,*/*;q=0.8',
  'accept-language' => 'zh-CN,zh;q=0.8,en-US;q=0.5,en;q=0.3',
  'accept-encoding' => 'gzip, deflate',
  'cookie' => 'pgv_pvi=9797559296; pgv_si=s3221448704',
  'connection' => 'keep-alive',
  'cache-control' => 'max-age=0',
)
[ info ] [ PARAM ] array (
  'aa' => '11',
  'bb' => '22',
  'cc' => '333',
)
[ info ] [ RUN ] Method [ <user> public method index ] {
  @@ D:\wamp\www\TP5.0\application\admin\controller\Index.php 8 - 15

  - Parameters [1] {
    Parameter #0 [ <optional> $name = '张三' ]
  }
}

[ info ] [ DB ] INIT mysql
[ info ] [ VIEW ] D:\wamp\www\TP5.0\public/../application/admin\view\index\index2.html [ array (
  0 => 'name',
) ]
[ info ] [ LOG ] INIT File
[ sql ] [ DB ] CONNECT:[ UseTime:0.010535s ] mysql:dbname=tpshop;host=127.0.0.1;charset=utf8
[ sql ] [ SQL ] SHOW COLUMNS FROM `tp_users` [ RunTime:0.007334s ]
[ sql ] [ SQL ] SELECT * FROM `tp_users` LIMIT 1   [ RunTime:0.001023s ]

---------------------------------------------------------------
[ 2016-09-29T18:16:18+08:00 ] 127.0.0.1 127.0.0.1 GET /inde/index/index/aa/11/bb/22/cc/333
[ log ] www.tp5.com/inde/index/index/aa/11/bb/22/cc/333 [运行时间：0.023785s][吞吐率：42.04req/s] [内存消耗：880.04kb] [文件加载：27]
[ info ] [ ROUTE ] array (
  'type' => 'module',
  'module' => 
  array (
    0 => 'inde',
    1 => 'index',
    2 => 'index',
  ),
)
[ info ] [ HEADER ] array (
  'host' => 'www.tp5.com',
  'user-agent' => 'Mozilla/5.0 (Windows NT 6.1; WOW64; rv:42.0) Gecko/20100101 Firefox/42.0',
  'accept' => 'text/html,application/xhtml+xml,application/xml;q=0.9,*/*;q=0.8',
  'accept-language' => 'zh-CN,zh;q=0.8,en-US;q=0.5,en;q=0.3',
  'accept-encoding' => 'gzip, deflate',
  'cookie' => 'pgv_pvi=9797559296; pgv_si=s3221448704',
  'connection' => 'keep-alive',
)
[ info ] [ PARAM ] array (
  'aa' => '11',
  'bb' => '22',
  'cc' => '333',
)
[ info ] [ LANG ] D:\wamp\www\TP5.0\thinkphp\lang\zh-cn.php
[ info ] [ LOG ] INIT File

---------------------------------------------------------------
[ 2016-09-29T18:16:23+08:00 ] 127.0.0.1 127.0.0.1 GET /index/index/index/aa/11/bb/22/cc/333
[ log ] www.tp5.com/index/index/index/aa/11/bb/22/cc/333 [运行时间：0.034246s][吞吐率：29.20req/s] [内存消耗：1,053.20kb] [文件加载：28]
[ info ] [ ROUTE ] array (
  'type' => 'module',
  'module' => 
  array (
    0 => 'index',
    1 => 'index',
    2 => 'index',
  ),
)
[ info ] [ HEADER ] array (
  'host' => 'www.tp5.com',
  'user-agent' => 'Mozilla/5.0 (Windows NT 6.1; WOW64; rv:42.0) Gecko/20100101 Firefox/42.0',
  'accept' => 'text/html,application/xhtml+xml,application/xml;q=0.9,*/*;q=0.8',
  'accept-language' => 'zh-CN,zh;q=0.8,en-US;q=0.5,en;q=0.3',
  'accept-encoding' => 'gzip, deflate',
  'cookie' => 'pgv_pvi=9797559296; pgv_si=s3221448704; think_var=zh-cn',
  'connection' => 'keep-alive',
)
[ info ] [ PARAM ] array (
  'aa' => '11',
  'bb' => '22',
  'cc' => '333',
)
[ info ] [ RUN ] Method [ <user> public method index ] {
  @@ D:\wamp\www\TP5.0\application\index\controller\Index.php 7 - 16

  - Parameters [1] {
    Parameter #0 [ <optional> $name = '张三' ]
  }
}

[ info ] [ LOG ] INIT File

---------------------------------------------------------------
[ 2016-09-29T18:22:25+08:00 ] 127.0.0.1 127.0.0.1 GET /admin/index/index/aa/11/bb/22/cc/333
[ log ] www.tp5.com/admin/index/index/aa/11/bb/22/cc/333 [运行时间：0.040973s][吞吐率：24.41req/s] [内存消耗：1,689.60kb] [文件加载：36]
[ info ] [ ROUTE ] array (
  'type' => 'module',
  'module' => 
  array (
    0 => 'admin',
    1 => 'index',
    2 => 'index',
  ),
)
[ info ] [ HEADER ] array (
  'host' => 'www.tp5.com',
  'user-agent' => 'Mozilla/5.0 (Windows NT 6.1; WOW64; rv:42.0) Gecko/20100101 Firefox/42.0',
  'accept' => 'text/html,application/xhtml+xml,application/xml;q=0.9,*/*;q=0.8',
  'accept-language' => 'zh-CN,zh;q=0.8,en-US;q=0.5,en;q=0.3',
  'accept-encoding' => 'gzip, deflate',
  'cookie' => 'pgv_pvi=9797559296; pgv_si=s3221448704; think_var=zh-cn',
  'connection' => 'keep-alive',
)
[ info ] [ PARAM ] array (
  'aa' => '11',
  'bb' => '22',
  'cc' => '333',
)
[ info ] [ RUN ] Method [ <user> public method index ] {
  @@ D:\wamp\www\TP5.0\application\admin\controller\Index.php 8 - 15

  - Parameters [1] {
    Parameter #0 [ <optional> $name = '张三' ]
  }
}

[ info ] [ DB ] INIT mysql
[ info ] [ VIEW ] D:\wamp\www\TP5.0\public/../application/admin\view\index\index2.html [ array (
  0 => 'name',
) ]
[ info ] [ LOG ] INIT File
[ sql ] [ DB ] CONNECT:[ UseTime:0.001051s ] mysql:dbname=tpshop;host=127.0.0.1;charset=utf8
[ sql ] [ SQL ] SHOW COLUMNS FROM `tp_users` [ RunTime:0.006939s ]
[ sql ] [ SQL ] SELECT * FROM `tp_users` LIMIT 1   [ RunTime:0.000578s ]

---------------------------------------------------------------
[ 2016-09-29T18:22:36+08:00 ] 127.0.0.1 127.0.0.1 GET /admin/index/index/aa/11/bb/22/cc/333
[ log ] www.tp5.com/admin/index/index/aa/11/bb/22/cc/333 [运行时间：0.040953s][吞吐率：24.42req/s] [内存消耗：1,826.71kb] [文件加载：38]
[ info ] [ ROUTE ] array (
  'type' => 'module',
  'module' => 
  array (
    0 => 'admin',
    1 => 'index',
    2 => 'index',
  ),
)
[ info ] [ HEADER ] array (
  'host' => 'www.tp5.com',
  'user-agent' => 'Mozilla/5.0 (Windows NT 6.1; WOW64; rv:42.0) Gecko/20100101 Firefox/42.0',
  'accept' => 'text/html,application/xhtml+xml,application/xml;q=0.9,*/*;q=0.8',
  'accept-language' => 'zh-CN,zh;q=0.8,en-US;q=0.5,en;q=0.3',
  'accept-encoding' => 'gzip, deflate',
  'cookie' => 'pgv_pvi=9797559296; pgv_si=s3221448704; think_var=zh-cn',
  'connection' => 'keep-alive',
  'cache-control' => 'max-age=0',
)
[ info ] [ PARAM ] array (
  'aa' => '11',
  'bb' => '22',
  'cc' => '333',
)
[ info ] [ RUN ] Method [ <user> public method index ] {
  @@ D:\wamp\www\TP5.0\application\admin\controller\Index.php 8 - 15

  - Parameters [1] {
    Parameter #0 [ <optional> $name = '张三' ]
  }
}

[ info ] [ DB ] INIT mysql
[ info ] [ VIEW ] D:\wamp\www\TP5.0\public/../application/admin\view\index\index.html [ array (
  0 => 'name',
) ]
[ info ] [ LOG ] INIT File
[ sql ] [ DB ] CONNECT:[ UseTime:0.000753s ] mysql:dbname=tpshop;host=127.0.0.1;charset=utf8
[ sql ] [ SQL ] SHOW COLUMNS FROM `tp_users` [ RunTime:0.006106s ]
[ sql ] [ SQL ] SELECT * FROM `tp_users` LIMIT 1   [ RunTime:0.000578s ]

---------------------------------------------------------------
[ 2016-09-29T18:23:14+08:00 ] 127.0.0.1 127.0.0.1 GET /admin/index/index/aa/11/bb/22/cc/333
[ log ] www.tp5.com/admin/index/index/aa/11/bb/22/cc/333 [运行时间：0.057466s][吞吐率：17.40req/s] [内存消耗：1,689.65kb] [文件加载：36]
[ info ] [ ROUTE ] array (
  'type' => 'module',
  'module' => 
  array (
    0 => 'admin',
    1 => 'index',
    2 => 'index',
  ),
)
[ info ] [ HEADER ] array (
  'host' => 'www.tp5.com',
  'user-agent' => 'Mozilla/5.0 (Windows NT 6.1; WOW64; rv:42.0) Gecko/20100101 Firefox/42.0',
  'accept' => 'text/html,application/xhtml+xml,application/xml;q=0.9,*/*;q=0.8',
  'accept-language' => 'zh-CN,zh;q=0.8,en-US;q=0.5,en;q=0.3',
  'accept-encoding' => 'gzip, deflate',
  'cookie' => 'pgv_pvi=9797559296; pgv_si=s3221448704; think_var=zh-cn',
  'connection' => 'keep-alive',
  'cache-control' => 'max-age=0',
)
[ info ] [ PARAM ] array (
  'aa' => '11',
  'bb' => '22',
  'cc' => '333',
)
[ info ] [ RUN ] Method [ <user> public method index ] {
  @@ D:\wamp\www\TP5.0\application\admin\controller\Index.php 8 - 15

  - Parameters [1] {
    Parameter #0 [ <optional> $name = '张三' ]
  }
}

[ info ] [ DB ] INIT mysql
[ info ] [ VIEW ] D:\wamp\www\TP5.0\public/../application/admin\view\index\index.html [ array (
  0 => 'name',
) ]
[ info ] [ LOG ] INIT File
[ sql ] [ DB ] CONNECT:[ UseTime:0.010416s ] mysql:dbname=tpshop;host=127.0.0.1;charset=utf8
[ sql ] [ SQL ] SHOW COLUMNS FROM `tp_users` [ RunTime:0.007657s ]
[ sql ] [ SQL ] SELECT * FROM `tp_users` LIMIT 1   [ RunTime:0.000717s ]

---------------------------------------------------------------
[ 2016-09-29T18:23:15+08:00 ] 127.0.0.1 127.0.0.1 GET /admin/index/index/aa/11/bb/22/cc/333
[ log ] www.tp5.com/admin/index/index/aa/11/bb/22/cc/333 [运行时间：0.063751s][吞吐率：15.69req/s] [内存消耗：1,689.65kb] [文件加载：36]
[ info ] [ ROUTE ] array (
  'type' => 'module',
  'module' => 
  array (
    0 => 'admin',
    1 => 'index',
    2 => 'index',
  ),
)
[ info ] [ HEADER ] array (
  'host' => 'www.tp5.com',
  'user-agent' => 'Mozilla/5.0 (Windows NT 6.1; WOW64; rv:42.0) Gecko/20100101 Firefox/42.0',
  'accept' => 'text/html,application/xhtml+xml,application/xml;q=0.9,*/*;q=0.8',
  'accept-language' => 'zh-CN,zh;q=0.8,en-US;q=0.5,en;q=0.3',
  'accept-encoding' => 'gzip, deflate',
  'cookie' => 'pgv_pvi=9797559296; pgv_si=s3221448704; think_var=zh-cn',
  'connection' => 'keep-alive',
  'cache-control' => 'max-age=0',
)
[ info ] [ PARAM ] array (
  'aa' => '11',
  'bb' => '22',
  'cc' => '333',
)
[ info ] [ RUN ] Method [ <user> public method index ] {
  @@ D:\wamp\www\TP5.0\application\admin\controller\Index.php 8 - 15

  - Parameters [1] {
    Parameter #0 [ <optional> $name = '张三' ]
  }
}

[ info ] [ DB ] INIT mysql
[ info ] [ VIEW ] D:\wamp\www\TP5.0\public/../application/admin\view\index\index.html [ array (
  0 => 'name',
) ]
[ info ] [ LOG ] INIT File
[ sql ] [ DB ] CONNECT:[ UseTime:0.010366s ] mysql:dbname=tpshop;host=127.0.0.1;charset=utf8
[ sql ] [ SQL ] SHOW COLUMNS FROM `tp_users` [ RunTime:0.005930s ]
[ sql ] [ SQL ] SELECT * FROM `tp_users` LIMIT 1   [ RunTime:0.000590s ]

---------------------------------------------------------------
[ 2016-09-29T18:27:25+08:00 ] 127.0.0.1 127.0.0.1 GET /admin/index/index/aa/11/bb/22/cc/333
[ log ] www.tp5.com/admin/index/index/aa/11/bb/22/cc/333 [运行时间：0.073423s][吞吐率：13.62req/s] [内存消耗：1,830.74kb] [文件加载：38]
[ info ] [ ROUTE ] array (
  'type' => 'module',
  'module' => 
  array (
    0 => 'admin',
    1 => 'index',
    2 => 'index',
  ),
)
[ info ] [ HEADER ] array (
  'host' => 'www.tp5.com',
  'user-agent' => 'Mozilla/5.0 (Windows NT 6.1; WOW64; rv:42.0) Gecko/20100101 Firefox/42.0',
  'accept' => 'text/html,application/xhtml+xml,application/xml;q=0.9,*/*;q=0.8',
  'accept-language' => 'zh-CN,zh;q=0.8,en-US;q=0.5,en;q=0.3',
  'accept-encoding' => 'gzip, deflate',
  'cookie' => 'pgv_pvi=9797559296; pgv_si=s3221448704; think_var=zh-cn',
  'connection' => 'keep-alive',
  'cache-control' => 'max-age=0',
)
[ info ] [ PARAM ] array (
  'aa' => '11',
  'bb' => '22',
  'cc' => '333',
)
[ info ] [ RUN ] Method [ <user> public method index ] {
  @@ D:\wamp\www\TP5.0\application\admin\controller\Index.php 8 - 16

  - Parameters [1] {
    Parameter #0 [ <optional> $name = '张三' ]
  }
}

[ info ] [ DB ] INIT mysql
[ info ] [ VIEW ] D:\wamp\www\TP5.0\public/../application/admin\view\index\index.html [ array (
  0 => 'data',
  1 => 'name',
) ]
[ info ] [ LOG ] INIT File
[ sql ] [ DB ] CONNECT:[ UseTime:0.009482s ] mysql:dbname=tpshop;host=127.0.0.1;charset=utf8
[ sql ] [ SQL ] SHOW COLUMNS FROM `tp_users` [ RunTime:0.006564s ]
[ sql ] [ SQL ] SELECT * FROM `tp_users` LIMIT 1   [ RunTime:0.000668s ]

---------------------------------------------------------------
[ 2016-09-29T19:42:42+08:00 ] 127.0.0.1 127.0.0.1 GET /index/index/index/aa/11/bb/22/cc/333
[ log ] www.tp5.com/index/index/index/aa/11/bb/22/cc/333 [运行时间：0.023059s][吞吐率：43.37req/s] [内存消耗：1,053.22kb] [文件加载：28]
[ info ] [ ROUTE ] array (
  'type' => 'module',
  'module' => 
  array (
    0 => 'index',
    1 => 'index',
    2 => 'index',
  ),
)
[ info ] [ HEADER ] array (
  'host' => 'www.tp5.com',
  'user-agent' => 'Mozilla/5.0 (Windows NT 6.1; WOW64; rv:42.0) Gecko/20100101 Firefox/42.0',
  'accept' => 'text/html,application/xhtml+xml,application/xml;q=0.9,*/*;q=0.8',
  'accept-language' => 'zh-CN,zh;q=0.8,en-US;q=0.5,en;q=0.3',
  'accept-encoding' => 'gzip, deflate',
  'cookie' => 'pgv_pvi=9797559296; pgv_si=s3221448704',
  'connection' => 'keep-alive',
)
[ info ] [ PARAM ] array (
  'aa' => '11',
  'bb' => '22',
  'cc' => '333',
)
[ info ] [ RUN ] Method [ <user> public method index ] {
  @@ D:\wamp\www\TP5.0\application\index\controller\Index.php 7 - 16

  - Parameters [1] {
    Parameter #0 [ <optional> $name = '张三' ]
  }
}

[ info ] [ LOG ] INIT File

---------------------------------------------------------------
[ 2016-09-29T19:43:46+08:00 ] 127.0.0.1 127.0.0.1 GET /admin/index/index/aa/11/bb/22/cc/333
[ log ] www.tp5.com/admin/index/index/aa/11/bb/22/cc/333 [运行时间：0.051669s][吞吐率：19.35req/s] [内存消耗：1,693.50kb] [文件加载：36]
[ info ] [ ROUTE ] array (
  'type' => 'module',
  'module' => 
  array (
    0 => 'admin',
    1 => 'index',
    2 => 'index',
  ),
)
[ info ] [ HEADER ] array (
  'host' => 'www.tp5.com',
  'user-agent' => 'Mozilla/5.0 (Windows NT 6.1; WOW64; rv:42.0) Gecko/20100101 Firefox/42.0',
  'accept' => 'text/html,application/xhtml+xml,application/xml;q=0.9,*/*;q=0.8',
  'accept-language' => 'zh-CN,zh;q=0.8,en-US;q=0.5,en;q=0.3',
  'accept-encoding' => 'gzip, deflate',
  'cookie' => 'pgv_pvi=9797559296; pgv_si=s3221448704',
  'connection' => 'keep-alive',
)
[ info ] [ PARAM ] array (
  'aa' => '11',
  'bb' => '22',
  'cc' => '333',
)
[ info ] [ RUN ] Method [ <user> public method index ] {
  @@ D:\wamp\www\TP5.0\application\admin\controller\Index.php 8 - 16

  - Parameters [1] {
    Parameter #0 [ <optional> $name = '张三' ]
  }
}

[ info ] [ DB ] INIT mysql
[ info ] [ VIEW ] D:\wamp\www\TP5.0\public/../application/admin\view\index\index.html [ array (
  0 => 'data',
  1 => 'name',
) ]
[ info ] [ LOG ] INIT File
[ sql ] [ DB ] CONNECT:[ UseTime:0.010314s ] mysql:dbname=tpshop;host=127.0.0.1;charset=utf8
[ sql ] [ SQL ] SHOW COLUMNS FROM `tp_users` [ RunTime:0.008329s ]
[ sql ] [ SQL ] SELECT * FROM `tp_users` LIMIT 1   [ RunTime:0.000640s ]

---------------------------------------------------------------
[ 2016-09-29T20:23:35+08:00 ] 127.0.0.1 127.0.0.1 GET /index/index/index/aa/11/bb/22/cc/333
[ log ] www.tp5.com/index/index/index/aa/11/bb/22/cc/333 [运行时间：0.027053s][吞吐率：36.96req/s] [内存消耗：1,053.22kb] [文件加载：28]
[ info ] [ ROUTE ] array (
  'type' => 'module',
  'module' => 
  array (
    0 => 'index',
    1 => 'index',
    2 => 'index',
  ),
)
[ info ] [ HEADER ] array (
  'host' => 'www.tp5.com',
  'user-agent' => 'Mozilla/5.0 (Windows NT 6.1; WOW64; rv:42.0) Gecko/20100101 Firefox/42.0',
  'accept' => 'text/html,application/xhtml+xml,application/xml;q=0.9,*/*;q=0.8',
  'accept-language' => 'zh-CN,zh;q=0.8,en-US;q=0.5,en;q=0.3',
  'accept-encoding' => 'gzip, deflate',
  'cookie' => 'pgv_pvi=9797559296; pgv_si=s3221448704',
  'connection' => 'keep-alive',
)
[ info ] [ PARAM ] array (
  'aa' => '11',
  'bb' => '22',
  'cc' => '333',
)
[ info ] [ RUN ] Method [ <user> public method index ] {
  @@ D:\wamp\www\TP5.0\application\index\controller\Index.php 7 - 16

  - Parameters [1] {
    Parameter #0 [ <optional> $name = '张三' ]
  }
}

[ info ] [ LOG ] INIT File

---------------------------------------------------------------
[ 2016-09-29T20:23:39+08:00 ] 127.0.0.1 127.0.0.1 GET /index/index/index
[ log ] www.tp5.com/index/index/index [运行时间：0.020969s][吞吐率：47.69req/s] [内存消耗：1,052.52kb] [文件加载：28]
[ info ] [ ROUTE ] array (
  'type' => 'module',
  'module' => 
  array (
    0 => 'index',
    1 => 'index',
    2 => 'index',
  ),
)
[ info ] [ HEADER ] array (
  'host' => 'www.tp5.com',
  'user-agent' => 'Mozilla/5.0 (Windows NT 6.1; WOW64; rv:42.0) Gecko/20100101 Firefox/42.0',
  'accept' => 'text/html,application/xhtml+xml,application/xml;q=0.9,*/*;q=0.8',
  'accept-language' => 'zh-CN,zh;q=0.8,en-US;q=0.5,en;q=0.3',
  'accept-encoding' => 'gzip, deflate',
  'cookie' => 'pgv_pvi=9797559296; pgv_si=s3221448704',
  'connection' => 'keep-alive',
)
[ info ] [ PARAM ] array (
)
[ info ] [ RUN ] Method [ <user> public method index ] {
  @@ D:\wamp\www\TP5.0\application\index\controller\Index.php 7 - 16

  - Parameters [1] {
    Parameter #0 [ <optional> $name = '张三' ]
  }
}

[ info ] [ LOG ] INIT File

---------------------------------------------------------------
[ 2016-09-29T20:23:43+08:00 ] 127.0.0.1 127.0.0.1 GET /
[ log ] www.tp5.com/ [运行时间：0.025218s][吞吐率：39.65req/s] [内存消耗：1,052.37kb] [文件加载：28]
[ info ] [ ROUTE ] array (
  'type' => 'module',
  'module' => 
  array (
    0 => '',
    1 => NULL,
    2 => NULL,
  ),
)
[ info ] [ HEADER ] array (
  'host' => 'www.tp5.com',
  'user-agent' => 'Mozilla/5.0 (Windows NT 6.1; WOW64; rv:42.0) Gecko/20100101 Firefox/42.0',
  'accept' => 'text/html,application/xhtml+xml,application/xml;q=0.9,*/*;q=0.8',
  'accept-language' => 'zh-CN,zh;q=0.8,en-US;q=0.5,en;q=0.3',
  'accept-encoding' => 'gzip, deflate',
  'cookie' => 'pgv_pvi=9797559296; pgv_si=s3221448704',
  'connection' => 'keep-alive',
)
[ info ] [ PARAM ] array (
)
[ info ] [ RUN ] Method [ <user> public method index ] {
  @@ D:\wamp\www\TP5.0\application\index\controller\Index.php 7 - 16

  - Parameters [1] {
    Parameter #0 [ <optional> $name = '张三' ]
  }
}

[ info ] [ LOG ] INIT File

---------------------------------------------------------------
[ 2016-09-29T20:28:41+08:00 ] 127.0.0.1 127.0.0.1 GET /index/index/index
[ log ] www.tp5.com/index/index/index [运行时间：0.032325s][吞吐率：30.94req/s] [内存消耗：1,052.52kb] [文件加载：28]
[ info ] [ ROUTE ] array (
  'type' => 'module',
  'module' => 
  array (
    0 => 'index',
    1 => 'index',
    2 => 'index',
  ),
)
[ info ] [ HEADER ] array (
  'host' => 'www.tp5.com',
  'user-agent' => 'Mozilla/5.0 (Windows NT 6.1; WOW64; rv:42.0) Gecko/20100101 Firefox/42.0',
  'accept' => 'text/html,application/xhtml+xml,application/xml;q=0.9,*/*;q=0.8',
  'accept-language' => 'zh-CN,zh;q=0.8,en-US;q=0.5,en;q=0.3',
  'accept-encoding' => 'gzip, deflate',
  'cookie' => 'pgv_pvi=9797559296; pgv_si=s3221448704',
  'connection' => 'keep-alive',
)
[ info ] [ PARAM ] array (
)
[ info ] [ RUN ] Method [ <user> public method index ] {
  @@ D:\wamp\www\TP5.0\application\index\controller\Index.php 7 - 16

  - Parameters [1] {
    Parameter #0 [ <optional> $name = '张三' ]
  }
}

[ info ] [ LOG ] INIT File

---------------------------------------------------------------
[ 2016-09-29T20:28:47+08:00 ] 127.0.0.1 127.0.0.1 GET /index2/index/index
[ log ] www.tp5.com/index2/index/index [运行时间：0.030839s][吞吐率：32.43req/s] [内存消耗：879.41kb] [文件加载：27]
[ info ] [ ROUTE ] array (
  'type' => 'module',
  'module' => 
  array (
    0 => 'index2',
    1 => 'index',
    2 => 'index',
  ),
)
[ info ] [ HEADER ] array (
  'host' => 'www.tp5.com',
  'user-agent' => 'Mozilla/5.0 (Windows NT 6.1; WOW64; rv:42.0) Gecko/20100101 Firefox/42.0',
  'accept' => 'text/html,application/xhtml+xml,application/xml;q=0.9,*/*;q=0.8',
  'accept-language' => 'zh-CN,zh;q=0.8,en-US;q=0.5,en;q=0.3',
  'accept-encoding' => 'gzip, deflate',
  'cookie' => 'pgv_pvi=9797559296; pgv_si=s3221448704',
  'connection' => 'keep-alive',
)
[ info ] [ PARAM ] array (
)
[ info ] [ LANG ] D:\wamp\www\TP5.0\thinkphp\lang\zh-cn.php
[ info ] [ LOG ] INIT File

---------------------------------------------------------------
[ 2016-09-29T20:28:53+08:00 ] 127.0.0.1 127.0.0.1 GET /index/index/index
[ log ] www.tp5.com/index/index/index [运行时间：0.037051s][吞吐率：26.99req/s] [内存消耗：1,052.59kb] [文件加载：28]
[ info ] [ ROUTE ] array (
  'type' => 'module',
  'module' => 
  array (
    0 => 'index',
    1 => 'index',
    2 => 'index',
  ),
)
[ info ] [ HEADER ] array (
  'host' => 'www.tp5.com',
  'user-agent' => 'Mozilla/5.0 (Windows NT 6.1; WOW64; rv:42.0) Gecko/20100101 Firefox/42.0',
  'accept' => 'text/html,application/xhtml+xml,application/xml;q=0.9,*/*;q=0.8',
  'accept-language' => 'zh-CN,zh;q=0.8,en-US;q=0.5,en;q=0.3',
  'accept-encoding' => 'gzip, deflate',
  'cookie' => 'pgv_pvi=9797559296; pgv_si=s3221448704; think_var=zh-cn',
  'connection' => 'keep-alive',
)
[ info ] [ PARAM ] array (
)
[ info ] [ RUN ] Method [ <user> public method index ] {
  @@ D:\wamp\www\TP5.0\application\index\controller\Index.php 7 - 16

  - Parameters [1] {
    Parameter #0 [ <optional> $name = '张三' ]
  }
}

[ info ] [ LOG ] INIT File

---------------------------------------------------------------
[ 2016-09-29T20:29:05+08:00 ] 127.0.0.1 127.0.0.1 GET /index/index/index/aa/11/bb/22/cc/333
[ log ] www.tp5.com/index/index/index/aa/11/bb/22/cc/333 [运行时间：0.026871s][吞吐率：37.21req/s] [内存消耗：1,053.20kb] [文件加载：28]
[ info ] [ ROUTE ] array (
  'type' => 'module',
  'module' => 
  array (
    0 => 'index',
    1 => 'index',
    2 => 'index',
  ),
)
[ info ] [ HEADER ] array (
  'host' => 'www.tp5.com',
  'user-agent' => 'Mozilla/5.0 (Windows NT 6.1; WOW64; rv:42.0) Gecko/20100101 Firefox/42.0',
  'accept' => 'text/html,application/xhtml+xml,application/xml;q=0.9,*/*;q=0.8',
  'accept-language' => 'zh-CN,zh;q=0.8,en-US;q=0.5,en;q=0.3',
  'accept-encoding' => 'gzip, deflate',
  'cookie' => 'pgv_pvi=9797559296; pgv_si=s3221448704; think_var=zh-cn',
  'connection' => 'keep-alive',
)
[ info ] [ PARAM ] array (
  'aa' => '11',
  'bb' => '22',
  'cc' => '333',
)
[ info ] [ RUN ] Method [ <user> public method index ] {
  @@ D:\wamp\www\TP5.0\application\index\controller\Index.php 7 - 16

  - Parameters [1] {
    Parameter #0 [ <optional> $name = '张三' ]
  }
}

[ info ] [ LOG ] INIT File

---------------------------------------------------------------
[ 2016-09-29T20:31:44+08:00 ] 127.0.0.1 127.0.0.1 GET /index/index/index/aa/11/bb/22/cc/333
[ log ] www.tp5.com/index/index/index/aa/11/bb/22/cc/333 [运行时间：0.043364s][吞吐率：23.06req/s] [内存消耗：1,052.30kb] [文件加载：28]
[ info ] [ ROUTE ] array (
  'type' => 'module',
  'module' => 
  array (
    0 => 'index',
    1 => 'index',
    2 => 'index',
  ),
)
[ info ] [ HEADER ] array (
  'host' => 'www.tp5.com',
  'user-agent' => 'Mozilla/5.0 (Windows NT 6.1; WOW64; rv:42.0) Gecko/20100101 Firefox/42.0',
  'accept' => 'text/html,application/xhtml+xml,application/xml;q=0.9,*/*;q=0.8',
  'accept-language' => 'zh-CN,zh;q=0.8,en-US;q=0.5,en;q=0.3',
  'accept-encoding' => 'gzip, deflate',
  'cookie' => 'pgv_pvi=9797559296; pgv_si=s3221448704; think_var=zh-cn',
  'connection' => 'keep-alive',
  'cache-control' => 'max-age=0',
)
[ info ] [ PARAM ] array (
  'aa' => '11',
  'bb' => '22',
  'cc' => '333',
)
[ info ] [ RUN ] Method [ <user> public method index ] {
  @@ D:\wamp\www\TP5.0\application\index\controller\Index.php 7 - 16

  - Parameters [1] {
    Parameter #0 [ <optional> $name = '张三' ]
  }
}

[ info ] [ LOG ] INIT File

---------------------------------------------------------------
[ 2016-09-29T20:31:58+08:00 ] 127.0.0.1 127.0.0.1 GET /index/index/index/aa/11/bb/22/cc/333
[ log ] www.tp5.com/index/index/index/aa/11/bb/22/cc/333 [运行时间：0.024616s][吞吐率：40.62req/s] [内存消耗：1,052.45kb] [文件加载：28]
[ info ] [ ROUTE ] array (
  'type' => 'module',
  'module' => 
  array (
    0 => 'index',
    1 => 'index',
    2 => 'index',
  ),
)
[ info ] [ HEADER ] array (
  'host' => 'www.tp5.com',
  'user-agent' => 'Mozilla/5.0 (Windows NT 6.1; WOW64; rv:42.0) Gecko/20100101 Firefox/42.0',
  'accept' => 'text/html,application/xhtml+xml,application/xml;q=0.9,*/*;q=0.8',
  'accept-language' => 'zh-CN,zh;q=0.8,en-US;q=0.5,en;q=0.3',
  'accept-encoding' => 'gzip, deflate',
  'cookie' => 'pgv_pvi=9797559296; pgv_si=s3221448704; think_var=zh-cn',
  'connection' => 'keep-alive',
  'cache-control' => 'max-age=0',
)
[ info ] [ PARAM ] array (
  'aa' => '11',
  'bb' => '22',
  'cc' => '333',
)
[ info ] [ RUN ] Method [ <user> public method index ] {
  @@ D:\wamp\www\TP5.0\application\index\controller\Index.php 7 - 17

  - Parameters [1] {
    Parameter #0 [ <optional> $name = '张三' ]
  }
}

[ info ] [ LOG ] INIT File

---------------------------------------------------------------
[ 2016-09-29T20:32:03+08:00 ] 127.0.0.1 127.0.0.1 GET /index/index/index/aa/11/bb/22/cc/333
[ log ] www.tp5.com/index/index/index/aa/11/bb/22/cc/333 [运行时间：0.029888s][吞吐率：33.46req/s] [内存消耗：1,052.45kb] [文件加载：28]
[ info ] [ ROUTE ] array (
  'type' => 'module',
  'module' => 
  array (
    0 => 'index',
    1 => 'index',
    2 => 'index',
  ),
)
[ info ] [ HEADER ] array (
  'host' => 'www.tp5.com',
  'user-agent' => 'Mozilla/5.0 (Windows NT 6.1; WOW64; rv:42.0) Gecko/20100101 Firefox/42.0',
  'accept' => 'text/html,application/xhtml+xml,application/xml;q=0.9,*/*;q=0.8',
  'accept-language' => 'zh-CN,zh;q=0.8,en-US;q=0.5,en;q=0.3',
  'accept-encoding' => 'gzip, deflate',
  'cookie' => 'pgv_pvi=9797559296; pgv_si=s3221448704; think_var=zh-cn',
  'connection' => 'keep-alive',
  'cache-control' => 'max-age=0',
)
[ info ] [ PARAM ] array (
  'aa' => '11',
  'bb' => '22',
  'cc' => '333',
)
[ info ] [ RUN ] Method [ <user> public method index ] {
  @@ D:\wamp\www\TP5.0\application\index\controller\Index.php 7 - 17

  - Parameters [1] {
    Parameter #0 [ <optional> $name = '张三' ]
  }
}

[ info ] [ LOG ] INIT File

---------------------------------------------------------------
[ 2016-09-29T20:32:21+08:00 ] 127.0.0.1 127.0.0.1 GET /index/index/index/aa/11/bb/22/cc/333
[ log ] www.tp5.com/index/index/index/aa/11/bb/22/cc/333 [运行时间：0.024759s][吞吐率：40.39req/s] [内存消耗：1,053.34kb] [文件加载：28]
[ info ] [ ROUTE ] array (
  'type' => 'module',
  'module' => 
  array (
    0 => 'index',
    1 => 'index',
    2 => 'index',
  ),
)
[ info ] [ HEADER ] array (
  'host' => 'www.tp5.com',
  'user-agent' => 'Mozilla/5.0 (Windows NT 6.1; WOW64; rv:42.0) Gecko/20100101 Firefox/42.0',
  'accept' => 'text/html,application/xhtml+xml,application/xml;q=0.9,*/*;q=0.8',
  'accept-language' => 'zh-CN,zh;q=0.8,en-US;q=0.5,en;q=0.3',
  'accept-encoding' => 'gzip, deflate',
  'cookie' => 'pgv_pvi=9797559296; pgv_si=s3221448704; think_var=zh-cn',
  'connection' => 'keep-alive',
  'cache-control' => 'max-age=0',
)
[ info ] [ PARAM ] array (
  'aa' => '11',
  'bb' => '22',
  'cc' => '333',
)
[ info ] [ RUN ] Method [ <user> public method index ] {
  @@ D:\wamp\www\TP5.0\application\index\controller\Index.php 7 - 17

  - Parameters [1] {
    Parameter #0 [ <optional> $name = '张三' ]
  }
}

[ info ] [ LOG ] INIT File

---------------------------------------------------------------
[ 2016-09-29T20:34:16+08:00 ] 127.0.0.1 127.0.0.1 GET /index/index/index2/aa/11/bb/22/cc/333
[ log ] www.tp5.com/index/index/index2/aa/11/bb/22/cc/333 [运行时间：0.023444s][吞吐率：42.65req/s] [内存消耗：898.86kb] [文件加载：28]
[ info ] [ ROUTE ] array (
  'type' => 'module',
  'module' => 
  array (
    0 => 'index',
    1 => 'index',
    2 => 'index2',
  ),
)
[ info ] [ HEADER ] array (
  'host' => 'www.tp5.com',
  'user-agent' => 'Mozilla/5.0 (Windows NT 6.1; WOW64; rv:42.0) Gecko/20100101 Firefox/42.0',
  'accept' => 'text/html,application/xhtml+xml,application/xml;q=0.9,*/*;q=0.8',
  'accept-language' => 'zh-CN,zh;q=0.8,en-US;q=0.5,en;q=0.3',
  'accept-encoding' => 'gzip, deflate',
  'cookie' => 'pgv_pvi=9797559296; pgv_si=s3221448704; think_var=zh-cn',
  'connection' => 'keep-alive',
)
[ info ] [ PARAM ] array (
  'aa' => '11',
  'bb' => '22',
  'cc' => '333',
)
[ info ] [ LANG ] D:\wamp\www\TP5.0\thinkphp\lang\zh-cn.php
[ info ] [ LANG ] D:\wamp\www\TP5.0\thinkphp\lang\zh-cn.php
[ info ] [ LOG ] INIT File
[ error ] [4]语法错误: unexpected '}'[D:\wamp\www\TP5.0\application\index\controller\Index.php:23]

---------------------------------------------------------------
[ 2016-09-29T20:34:21+08:00 ] 127.0.0.1 127.0.0.1 GET /index/index/index2/aa/11/bb/22/cc/333
[ log ] www.tp5.com/index/index/index2/aa/11/bb/22/cc/333 [运行时间：0.023759s][吞吐率：42.09req/s] [内存消耗：1,053.54kb] [文件加载：28]
[ info ] [ ROUTE ] array (
  'type' => 'module',
  'module' => 
  array (
    0 => 'index',
    1 => 'index',
    2 => 'index2',
  ),
)
[ info ] [ HEADER ] array (
  'host' => 'www.tp5.com',
  'user-agent' => 'Mozilla/5.0 (Windows NT 6.1; WOW64; rv:42.0) Gecko/20100101 Firefox/42.0',
  'accept' => 'text/html,application/xhtml+xml,application/xml;q=0.9,*/*;q=0.8',
  'accept-language' => 'zh-CN,zh;q=0.8,en-US;q=0.5,en;q=0.3',
  'accept-encoding' => 'gzip, deflate',
  'cookie' => 'pgv_pvi=9797559296; pgv_si=s3221448704; think_var=zh-cn',
  'connection' => 'keep-alive',
  'cache-control' => 'max-age=0',
)
[ info ] [ PARAM ] array (
  'aa' => '11',
  'bb' => '22',
  'cc' => '333',
)
[ info ] [ RUN ] Method [ <user> public method index2 ] {
  @@ D:\wamp\www\TP5.0\application\index\controller\Index.php 18 - 21
}

[ info ] [ LOG ] INIT File

---------------------------------------------------------------
[ 2016-09-29T20:34:29+08:00 ] 127.0.0.1 127.0.0.1 GET /index/index/index/aa/11/bb/22/cc/333
[ log ] www.tp5.com/index/index/index/aa/11/bb/22/cc/333 [运行时间：0.022256s][吞吐率：44.93req/s] [内存消耗：1,053.56kb] [文件加载：28]
[ info ] [ ROUTE ] array (
  'type' => 'module',
  'module' => 
  array (
    0 => 'index',
    1 => 'index',
    2 => 'index',
  ),
)
[ info ] [ HEADER ] array (
  'host' => 'www.tp5.com',
  'user-agent' => 'Mozilla/5.0 (Windows NT 6.1; WOW64; rv:42.0) Gecko/20100101 Firefox/42.0',
  'accept' => 'text/html,application/xhtml+xml,application/xml;q=0.9,*/*;q=0.8',
  'accept-language' => 'zh-CN,zh;q=0.8,en-US;q=0.5,en;q=0.3',
  'accept-encoding' => 'gzip, deflate',
  'cookie' => 'pgv_pvi=9797559296; pgv_si=s3221448704; think_var=zh-cn',
  'connection' => 'keep-alive',
)
[ info ] [ PARAM ] array (
  'aa' => '11',
  'bb' => '22',
  'cc' => '333',
)
[ info ] [ RUN ] Method [ <user> public method index ] {
  @@ D:\wamp\www\TP5.0\application\index\controller\Index.php 7 - 17

  - Parameters [1] {
    Parameter #0 [ <optional> $name = '张三' ]
  }
}

[ info ] [ LOG ] INIT File

---------------------------------------------------------------
[ 2016-09-29T20:34:57+08:00 ] 127.0.0.1 127.0.0.1 GET /index/index/index/aa/11/bb/22/cc/333
[ log ] www.tp5.com/index/index/index/aa/11/bb/22/cc/333 [运行时间：0.024021s][吞吐率：41.63req/s] [内存消耗：1,053.69kb] [文件加载：28]
[ info ] [ ROUTE ] array (
  'type' => 'module',
  'module' => 
  array (
    0 => 'index',
    1 => 'index',
    2 => 'index',
  ),
)
[ info ] [ HEADER ] array (
  'host' => 'www.tp5.com',
  'user-agent' => 'Mozilla/5.0 (Windows NT 6.1; WOW64; rv:42.0) Gecko/20100101 Firefox/42.0',
  'accept' => 'text/html,application/xhtml+xml,application/xml;q=0.9,*/*;q=0.8',
  'accept-language' => 'zh-CN,zh;q=0.8,en-US;q=0.5,en;q=0.3',
  'accept-encoding' => 'gzip, deflate',
  'cookie' => 'pgv_pvi=9797559296; pgv_si=s3221448704; think_var=zh-cn',
  'connection' => 'keep-alive',
  'cache-control' => 'max-age=0',
)
[ info ] [ PARAM ] array (
  'aa' => '11',
  'bb' => '22',
  'cc' => '333',
)
[ info ] [ RUN ] Method [ <user> public method index ] {
  @@ D:\wamp\www\TP5.0\application\index\controller\Index.php 7 - 18

  - Parameters [1] {
    Parameter #0 [ <optional> $name = '张三' ]
  }
}

[ info ] [ LOG ] INIT File

---------------------------------------------------------------
[ 2016-09-29T20:35:08+08:00 ] 127.0.0.1 127.0.0.1 GET /index/index/index/aa/11/bb/22/cc/333/nam/lisi
[ log ] www.tp5.com/index/index/index/aa/11/bb/22/cc/333/nam/lisi [运行时间：0.025445s][吞吐率：39.30req/s] [内存消耗：1,053.79kb] [文件加载：28]
[ info ] [ ROUTE ] array (
  'type' => 'module',
  'module' => 
  array (
    0 => 'index',
    1 => 'index',
    2 => 'index',
  ),
)
[ info ] [ HEADER ] array (
  'host' => 'www.tp5.com',
  'user-agent' => 'Mozilla/5.0 (Windows NT 6.1; WOW64; rv:42.0) Gecko/20100101 Firefox/42.0',
  'accept' => 'text/html,application/xhtml+xml,application/xml;q=0.9,*/*;q=0.8',
  'accept-language' => 'zh-CN,zh;q=0.8,en-US;q=0.5,en;q=0.3',
  'accept-encoding' => 'gzip, deflate',
  'cookie' => 'pgv_pvi=9797559296; pgv_si=s3221448704; think_var=zh-cn',
  'connection' => 'keep-alive',
)
[ info ] [ PARAM ] array (
  'aa' => '11',
  'bb' => '22',
  'cc' => '333',
  'nam' => 'lisi',
)
[ info ] [ RUN ] Method [ <user> public method index ] {
  @@ D:\wamp\www\TP5.0\application\index\controller\Index.php 7 - 18

  - Parameters [1] {
    Parameter #0 [ <optional> $name = '张三' ]
  }
}

[ info ] [ LOG ] INIT File

---------------------------------------------------------------
[ 2016-09-29T20:35:14+08:00 ] 127.0.0.1 127.0.0.1 GET /index/index/index/aa/11/bb/22/cc/333/name/lisi
[ log ] www.tp5.com/index/index/index/aa/11/bb/22/cc/333/name/lisi [运行时间：0.023095s][吞吐率：43.30req/s] [内存消耗：1,053.83kb] [文件加载：28]
[ info ] [ ROUTE ] array (
  'type' => 'module',
  'module' => 
  array (
    0 => 'index',
    1 => 'index',
    2 => 'index',
  ),
)
[ info ] [ HEADER ] array (
  'host' => 'www.tp5.com',
  'user-agent' => 'Mozilla/5.0 (Windows NT 6.1; WOW64; rv:42.0) Gecko/20100101 Firefox/42.0',
  'accept' => 'text/html,application/xhtml+xml,application/xml;q=0.9,*/*;q=0.8',
  'accept-language' => 'zh-CN,zh;q=0.8,en-US;q=0.5,en;q=0.3',
  'accept-encoding' => 'gzip, deflate',
  'cookie' => 'pgv_pvi=9797559296; pgv_si=s3221448704; think_var=zh-cn',
  'connection' => 'keep-alive',
)
[ info ] [ PARAM ] array (
  'aa' => '11',
  'bb' => '22',
  'cc' => '333',
  'name' => 'lisi',
)
[ info ] [ RUN ] Method [ <user> public method index ] {
  @@ D:\wamp\www\TP5.0\application\index\controller\Index.php 7 - 18

  - Parameters [1] {
    Parameter #0 [ <optional> $name = '张三' ]
  }
}

[ info ] [ LOG ] INIT File

---------------------------------------------------------------
[ 2016-09-29T20:35:53+08:00 ] 127.0.0.1 127.0.0.1 GET /admin/index/index/aa/11/bb/22/cc/333/name/lisi
[ log ] www.tp5.com/admin/index/index/aa/11/bb/22/cc/333/name/lisi [运行时间：0.040484s][吞吐率：24.70req/s] [内存消耗：1,693.76kb] [文件加载：36]
[ info ] [ ROUTE ] array (
  'type' => 'module',
  'module' => 
  array (
    0 => 'admin',
    1 => 'index',
    2 => 'index',
  ),
)
[ info ] [ HEADER ] array (
  'host' => 'www.tp5.com',
  'user-agent' => 'Mozilla/5.0 (Windows NT 6.1; WOW64; rv:42.0) Gecko/20100101 Firefox/42.0',
  'accept' => 'text/html,application/xhtml+xml,application/xml;q=0.9,*/*;q=0.8',
  'accept-language' => 'zh-CN,zh;q=0.8,en-US;q=0.5,en;q=0.3',
  'accept-encoding' => 'gzip, deflate',
  'cookie' => 'pgv_pvi=9797559296; pgv_si=s3221448704; think_var=zh-cn',
  'connection' => 'keep-alive',
)
[ info ] [ PARAM ] array (
  'aa' => '11',
  'bb' => '22',
  'cc' => '333',
  'name' => 'lisi',
)
[ info ] [ RUN ] Method [ <user> public method index ] {
  @@ D:\wamp\www\TP5.0\application\admin\controller\Index.php 8 - 16

  - Parameters [1] {
    Parameter #0 [ <optional> $name = '张三' ]
  }
}

[ info ] [ DB ] INIT mysql
[ info ] [ VIEW ] D:\wamp\www\TP5.0\public/../application/admin\view\index\index.html [ array (
  0 => 'data',
  1 => 'name',
) ]
[ info ] [ LOG ] INIT File
[ sql ] [ DB ] CONNECT:[ UseTime:0.000947s ] mysql:dbname=tpshop;host=127.0.0.1;charset=utf8
[ sql ] [ SQL ] SHOW COLUMNS FROM `tp_users` [ RunTime:0.007144s ]
[ sql ] [ SQL ] SELECT * FROM `tp_users` LIMIT 1   [ RunTime:0.000597s ]

---------------------------------------------------------------
[ 2016-09-29T20:37:34+08:00 ] 127.0.0.1 127.0.0.1 GET /admin/index/index/aa/11/bb/22/cc/333/name/lisi
[ log ] www.tp5.com/admin/index/index/aa/11/bb/22/cc/333/name/lisi [运行时间：0.031299s][吞吐率：31.95req/s] [内存消耗：1,029.09kb] [文件加载：27]
[ info ] [ ROUTE ] array (
  'type' => 'module',
  'module' => 
  array (
    0 => 'admin',
    1 => 'index',
    2 => 'index',
  ),
)
[ info ] [ HEADER ] array (
  'host' => 'www.tp5.com',
  'user-agent' => 'Mozilla/5.0 (Windows NT 6.1; WOW64; rv:42.0) Gecko/20100101 Firefox/42.0',
  'accept' => 'text/html,application/xhtml+xml,application/xml;q=0.9,*/*;q=0.8',
  'accept-language' => 'zh-CN,zh;q=0.8,en-US;q=0.5,en;q=0.3',
  'accept-encoding' => 'gzip, deflate',
  'cookie' => 'pgv_pvi=9797559296; pgv_si=s3221448704; think_var=zh-cn',
  'connection' => 'keep-alive',
  'cache-control' => 'max-age=0',
)
[ info ] [ PARAM ] array (
  'aa' => '11',
  'bb' => '22',
  'cc' => '333',
  'name' => 'lisi',
)
[ info ] [ RUN ] Method [ <user> public method index ] {
  @@ D:\wamp\www\TP5.0\application\admin\controller\Index.php 8 - 17

  - Parameters [1] {
    Parameter #0 [ <optional> $name = '张三' ]
  }
}

[ info ] [ LOG ] INIT File

---------------------------------------------------------------
[ 2016-09-29T20:43:48+08:00 ] 127.0.0.1 127.0.0.1 GET /admin/index/index/aa/11/bb/22/cc/333/name/lisi.html
[ log ] www.tp5.com/admin/index/index/aa/11/bb/22/cc/333/name/lisi.html [运行时间：0.024756s][吞吐率：40.39req/s] [内存消耗：1,029.08kb] [文件加载：27]
[ info ] [ ROUTE ] array (
  'type' => 'module',
  'module' => 
  array (
    0 => 'admin',
    1 => 'index',
    2 => 'index',
  ),
)
[ info ] [ HEADER ] array (
  'host' => 'www.tp5.com',
  'user-agent' => 'Mozilla/5.0 (Windows NT 6.1; WOW64; rv:42.0) Gecko/20100101 Firefox/42.0',
  'accept' => 'text/html,application/xhtml+xml,application/xml;q=0.9,*/*;q=0.8',
  'accept-language' => 'zh-CN,zh;q=0.8,en-US;q=0.5,en;q=0.3',
  'accept-encoding' => 'gzip, deflate',
  'cookie' => 'pgv_pvi=9797559296; pgv_si=s3221448704; think_var=zh-cn',
  'connection' => 'keep-alive',
)
[ info ] [ PARAM ] array (
  'aa' => '11',
  'bb' => '22',
  'cc' => '333',
  'name' => 'lisi',
)
[ info ] [ RUN ] Method [ <user> public method index ] {
  @@ D:\wamp\www\TP5.0\application\admin\controller\Index.php 8 - 17

  - Parameters [1] {
    Parameter #0 [ <optional> $name = '张三' ]
  }
}

[ info ] [ LOG ] INIT File

---------------------------------------------------------------
[ 2016-09-29T20:47:03+08:00 ] 127.0.0.1 127.0.0.1 GET /admin/index/index/aa/11/bb/22/cc/333/name/lisi.html
[ log ] www.tp5.com/admin/index/index/aa/11/bb/22/cc/333/name/lisi.html [运行时间：0.056328s][吞吐率：17.75req/s] [内存消耗：1,693.37kb] [文件加载：36]
[ info ] [ ROUTE ] array (
  'type' => 'module',
  'module' => 
  array (
    0 => 'admin',
    1 => 'index',
    2 => 'index',
  ),
)
[ info ] [ HEADER ] array (
  'host' => 'www.tp5.com',
  'user-agent' => 'Mozilla/5.0 (Windows NT 6.1; WOW64; rv:42.0) Gecko/20100101 Firefox/42.0',
  'accept' => 'text/html,application/xhtml+xml,application/xml;q=0.9,*/*;q=0.8',
  'accept-language' => 'zh-CN,zh;q=0.8,en-US;q=0.5,en;q=0.3',
  'accept-encoding' => 'gzip, deflate',
  'cookie' => 'pgv_pvi=9797559296; pgv_si=s3221448704; think_var=zh-cn',
  'connection' => 'keep-alive',
  'cache-control' => 'max-age=0',
)
[ info ] [ PARAM ] array (
  'aa' => '11',
  'bb' => '22',
  'cc' => '333',
  'name' => 'lisi',
)
[ info ] [ RUN ] Method [ <user> public method index ] {
  @@ D:\wamp\www\TP5.0\application\admin\controller\Index.php 8 - 17

  - Parameters [1] {
    Parameter #0 [ <optional> $name = '张三' ]
  }
}

[ info ] [ DB ] INIT mysql
[ info ] [ VIEW ] D:\wamp\www\TP5.0\public/../application/admin\view\index\index.html [ array (
  0 => 'data',
  1 => 'name',
) ]
[ info ] [ LOG ] INIT File
[ sql ] [ DB ] CONNECT:[ UseTime:0.010591s ] mysql:dbname=tpshop;host=127.0.0.1;charset=utf8
[ sql ] [ SQL ] SHOW COLUMNS FROM `tp_users` [ RunTime:0.007112s ]
[ sql ] [ SQL ] SELECT * FROM `tp_users` LIMIT 1   [ RunTime:0.000666s ]

---------------------------------------------------------------
[ 2016-09-29T20:47:55+08:00 ] 127.0.0.1 127.0.0.1 GET /admin/index/index/aa/11/bb/22/cc/333/name/lisi.html
[ log ] www.tp5.com/admin/index/index/aa/11/bb/22/cc/333/name/lisi.html [运行时间：0.050665s][吞吐率：19.74req/s] [内存消耗：1,693.58kb] [文件加载：36]
[ info ] [ ROUTE ] array (
  'type' => 'module',
  'module' => 
  array (
    0 => 'admin',
    1 => 'index',
    2 => 'index',
  ),
)
[ info ] [ HEADER ] array (
  'host' => 'www.tp5.com',
  'user-agent' => 'Mozilla/5.0 (Windows NT 6.1; WOW64; rv:42.0) Gecko/20100101 Firefox/42.0',
  'accept' => 'text/html,application/xhtml+xml,application/xml;q=0.9,*/*;q=0.8',
  'accept-language' => 'zh-CN,zh;q=0.8,en-US;q=0.5,en;q=0.3',
  'accept-encoding' => 'gzip, deflate',
  'cookie' => 'pgv_pvi=9797559296; pgv_si=s3221448704; think_var=zh-cn',
  'connection' => 'keep-alive',
  'cache-control' => 'max-age=0',
)
[ info ] [ PARAM ] array (
  'aa' => '11',
  'bb' => '22',
  'cc' => '333',
  'name' => 'lisi',
)
[ info ] [ RUN ] Method [ <user> public method index ] {
  @@ D:\wamp\www\TP5.0\application\admin\controller\Index.php 8 - 17

  - Parameters [1] {
    Parameter #0 [ <optional> $name = '张三' ]
  }
}

[ info ] [ DB ] INIT mysql
[ info ] [ VIEW ] D:\wamp\www\TP5.0\public/../application/admin\view\index\index.html [ array (
  0 => 'data',
  1 => 'name',
) ]
[ info ] [ LOG ] INIT File
[ sql ] [ DB ] CONNECT:[ UseTime:0.000829s ] mysql:dbname=tpshop;host=127.0.0.1;charset=utf8
[ sql ] [ SQL ] SHOW COLUMNS FROM `tp_users` [ RunTime:0.008479s ]
[ sql ] [ SQL ] SELECT * FROM `tp_users` LIMIT 1   [ RunTime:0.000853s ]

---------------------------------------------------------------
[ 2016-09-29T20:49:20+08:00 ] 127.0.0.1 127.0.0.1 GET /admin/index/index/aa/11/bb/22/cc/333/name/lisi.html
[ log ] www.tp5.com/admin/index/index/aa/11/bb/22/cc/333/name/lisi.html [运行时间：0.077009s][吞吐率：12.99req/s] [内存消耗：1,693.37kb] [文件加载：36]
[ info ] [ ROUTE ] array (
  'type' => 'module',
  'module' => 
  array (
    0 => 'admin',
    1 => 'index',
    2 => 'index',
  ),
)
[ info ] [ HEADER ] array (
  'host' => 'www.tp5.com',
  'user-agent' => 'Mozilla/5.0 (Windows NT 6.1; WOW64; rv:42.0) Gecko/20100101 Firefox/42.0',
  'accept' => 'text/html,application/xhtml+xml,application/xml;q=0.9,*/*;q=0.8',
  'accept-language' => 'zh-CN,zh;q=0.8,en-US;q=0.5,en;q=0.3',
  'accept-encoding' => 'gzip, deflate',
  'cookie' => 'pgv_pvi=9797559296; pgv_si=s3221448704; think_var=zh-cn',
  'connection' => 'keep-alive',
  'cache-control' => 'max-age=0',
)
[ info ] [ PARAM ] array (
  'aa' => '11',
  'bb' => '22',
  'cc' => '333',
  'name' => 'lisi',
)
[ info ] [ RUN ] Method [ <user> public method index ] {
  @@ D:\wamp\www\TP5.0\application\admin\controller\Index.php 8 - 17

  - Parameters [1] {
    Parameter #0 [ <optional> $name = '张三' ]
  }
}

[ info ] [ DB ] INIT mysql
[ info ] [ VIEW ] D:\wamp\www\TP5.0\public/../application/admin\view\index\index.html [ array (
  0 => 'data',
  1 => 'name',
) ]
[ info ] [ LOG ] INIT File
[ sql ] [ DB ] CONNECT:[ UseTime:0.010420s ] mysql:dbname=tpshop;host=127.0.0.1;charset=utf8
[ sql ] [ SQL ] SHOW COLUMNS FROM `tp_users` [ RunTime:0.009074s ]
[ sql ] [ SQL ] SELECT * FROM `tp_users` LIMIT 1   [ RunTime:0.001087s ]

---------------------------------------------------------------
[ 2016-09-29T20:49:56+08:00 ] 127.0.0.1 127.0.0.1 GET /admin/index/index/aa/11/bb/22/cc/333/name/lisi.html
[ log ] www.tp5.com/admin/index/index/aa/11/bb/22/cc/333/name/lisi.html [运行时间：0.050351s][吞吐率：19.86req/s] [内存消耗：1,830.49kb] [文件加载：38]
[ info ] [ ROUTE ] array (
  'type' => 'module',
  'module' => 
  array (
    0 => 'admin',
    1 => 'index',
    2 => 'index',
  ),
)
[ info ] [ HEADER ] array (
  'host' => 'www.tp5.com',
  'user-agent' => 'Mozilla/5.0 (Windows NT 6.1; WOW64; rv:42.0) Gecko/20100101 Firefox/42.0',
  'accept' => 'text/html,application/xhtml+xml,application/xml;q=0.9,*/*;q=0.8',
  'accept-language' => 'zh-CN,zh;q=0.8,en-US;q=0.5,en;q=0.3',
  'accept-encoding' => 'gzip, deflate',
  'cookie' => 'pgv_pvi=9797559296; pgv_si=s3221448704; think_var=zh-cn',
  'connection' => 'keep-alive',
  'cache-control' => 'max-age=0',
)
[ info ] [ PARAM ] array (
  'aa' => '11',
  'bb' => '22',
  'cc' => '333',
  'name' => 'lisi',
)
[ info ] [ RUN ] Method [ <user> public method index ] {
  @@ D:\wamp\www\TP5.0\application\admin\controller\Index.php 8 - 17

  - Parameters [1] {
    Parameter #0 [ <optional> $name = '张三' ]
  }
}

[ info ] [ DB ] INIT mysql
[ info ] [ VIEW ] D:\wamp\www\TP5.0\public/../application/admin\view\index\index.html [ array (
  0 => 'data',
  1 => 'name',
) ]
[ info ] [ LOG ] INIT File
[ sql ] [ DB ] CONNECT:[ UseTime:0.010269s ] mysql:dbname=tpshop;host=127.0.0.1;charset=utf8
[ sql ] [ SQL ] SHOW COLUMNS FROM `tp_users` [ RunTime:0.006915s ]
[ sql ] [ SQL ] SELECT * FROM `tp_users` LIMIT 1   [ RunTime:0.000561s ]

---------------------------------------------------------------
[ 2016-09-29T20:52:02+08:00 ] 127.0.0.1 127.0.0.1 GET /admin/index/index/aa/11/bb/22/cc/333/name/lisi.html
[ log ] www.tp5.com/admin/index/index/aa/11/bb/22/cc/333/name/lisi.html [运行时间：0.057650s][吞吐率：17.35req/s] [内存消耗：1,693.42kb] [文件加载：36]
[ info ] [ ROUTE ] array (
  'type' => 'module',
  'module' => 
  array (
    0 => 'admin',
    1 => 'index',
    2 => 'index',
  ),
)
[ info ] [ HEADER ] array (
  'host' => 'www.tp5.com',
  'user-agent' => 'Mozilla/5.0 (Windows NT 6.1; WOW64; rv:42.0) Gecko/20100101 Firefox/42.0',
  'accept' => 'text/html,application/xhtml+xml,application/xml;q=0.9,*/*;q=0.8',
  'accept-language' => 'zh-CN,zh;q=0.8,en-US;q=0.5,en;q=0.3',
  'accept-encoding' => 'gzip, deflate',
  'cookie' => 'pgv_pvi=9797559296; pgv_si=s3221448704; think_var=zh-cn',
  'connection' => 'keep-alive',
  'cache-control' => 'max-age=0',
)
[ info ] [ PARAM ] array (
  'aa' => '11',
  'bb' => '22',
  'cc' => '333',
  'name' => 'lisi',
)
[ info ] [ RUN ] Method [ <user> public method index ] {
  @@ D:\wamp\www\TP5.0\application\admin\controller\Index.php 8 - 17

  - Parameters [1] {
    Parameter #0 [ <optional> $name = '张三' ]
  }
}

[ info ] [ DB ] INIT mysql
[ info ] [ VIEW ] D:\wamp\www\TP5.0\public/../application/admin\view\index\index2.html [ array (
  0 => 'data',
  1 => 'name',
) ]
[ info ] [ LOG ] INIT File
[ sql ] [ DB ] CONNECT:[ UseTime:0.010186s ] mysql:dbname=tpshop;host=127.0.0.1;charset=utf8
[ sql ] [ SQL ] SHOW COLUMNS FROM `tp_users` [ RunTime:0.006744s ]
[ sql ] [ SQL ] SELECT * FROM `tp_users` LIMIT 1   [ RunTime:0.000673s ]

---------------------------------------------------------------
[ 2016-09-29T20:56:00+08:00 ] 127.0.0.1 127.0.0.1 GET /admin/index/index/aa/11/bb/22/cc/333/name/lisi.html
[ log ] www.tp5.com/admin/index/index/aa/11/bb/22/cc/333/name/lisi.html [运行时间：0.047427s][吞吐率：21.09req/s] [内存消耗：1,693.38kb] [文件加载：36]
[ info ] [ ROUTE ] array (
  'type' => 'module',
  'module' => 
  array (
    0 => 'admin',
    1 => 'index',
    2 => 'index',
  ),
)
[ info ] [ HEADER ] array (
  'host' => 'www.tp5.com',
  'user-agent' => 'Mozilla/5.0 (Windows NT 6.1; WOW64; rv:42.0) Gecko/20100101 Firefox/42.0',
  'accept' => 'text/html,application/xhtml+xml,application/xml;q=0.9,*/*;q=0.8',
  'accept-language' => 'zh-CN,zh;q=0.8,en-US;q=0.5,en;q=0.3',
  'accept-encoding' => 'gzip, deflate',
  'cookie' => 'pgv_pvi=9797559296; pgv_si=s3221448704; think_var=zh-cn',
  'connection' => 'keep-alive',
  'cache-control' => 'max-age=0',
)
[ info ] [ PARAM ] array (
  'aa' => '11',
  'bb' => '22',
  'cc' => '333',
  'name' => 'lisi',
)
[ info ] [ RUN ] Method [ <user> public method index ] {
  @@ D:\wamp\www\TP5.0\application\admin\controller\Index.php 8 - 17

  - Parameters [1] {
    Parameter #0 [ <optional> $name = '张三' ]
  }
}

[ info ] [ DB ] INIT mysql
[ info ] [ VIEW ] D:\wamp\www\TP5.0\public/../application/admin\view\index\index.html [ array (
  0 => 'data',
  1 => 'name',
) ]
[ info ] [ LOG ] INIT File
[ sql ] [ DB ] CONNECT:[ UseTime:0.009713s ] mysql:dbname=tpshop;host=127.0.0.1;charset=utf8
[ sql ] [ SQL ] SHOW COLUMNS FROM `tp_users` [ RunTime:0.007041s ]
[ sql ] [ SQL ] SELECT * FROM `tp_users` LIMIT 1   [ RunTime:0.000591s ]

---------------------------------------------------------------
[ 2016-09-29T20:58:00+08:00 ] 127.0.0.1 127.0.0.1 GET /admin/index/index/aa/11/bb/22/cc/333/name/lisi.html
[ log ] www.tp5.com/admin/index/index/aa/11/bb/22/cc/333/name/lisi.html [运行时间：0.059357s][吞吐率：16.85req/s] [内存消耗：1,830.41kb] [文件加载：38]
[ info ] [ ROUTE ] array (
  'type' => 'module',
  'module' => 
  array (
    0 => 'admin',
    1 => 'index',
    2 => 'index',
  ),
)
[ info ] [ HEADER ] array (
  'host' => 'www.tp5.com',
  'user-agent' => 'Mozilla/5.0 (Windows NT 6.1; WOW64; rv:42.0) Gecko/20100101 Firefox/42.0',
  'accept' => 'text/html,application/xhtml+xml,application/xml;q=0.9,*/*;q=0.8',
  'accept-language' => 'zh-CN,zh;q=0.8,en-US;q=0.5,en;q=0.3',
  'accept-encoding' => 'gzip, deflate',
  'cookie' => 'pgv_pvi=9797559296; pgv_si=s3221448704; think_var=zh-cn',
  'connection' => 'keep-alive',
  'cache-control' => 'max-age=0',
)
[ info ] [ PARAM ] array (
  'aa' => '11',
  'bb' => '22',
  'cc' => '333',
  'name' => 'lisi',
)
[ info ] [ RUN ] Method [ <user> public method index ] {
  @@ D:\wamp\www\TP5.0\application\admin\controller\Index.php 8 - 17

  - Parameters [1] {
    Parameter #0 [ <optional> $name = '张三' ]
  }
}

[ info ] [ DB ] INIT mysql
[ info ] [ VIEW ] D:\wamp\www\TP5.0\public/../application/admin\view\index\index.html [ array (
  0 => 'data',
  1 => 'name',
) ]
[ info ] [ LOG ] INIT File
[ sql ] [ DB ] CONNECT:[ UseTime:0.010077s ] mysql:dbname=tpshop;host=127.0.0.1;charset=utf8
[ sql ] [ SQL ] SHOW COLUMNS FROM `tp_users` [ RunTime:0.007191s ]
[ sql ] [ SQL ] SELECT * FROM `tp_users` LIMIT 1   [ RunTime:0.000693s ]

---------------------------------------------------------------
